Log file open, 04/27/16 11:28:28
LogInit:Display: Running engine for game: Inno
LogPlatformFile: Not using cached read wrapper
LogInit:Display: RandInit(1838305917) SRandInit(1838305919).
LogTaskGraph: Started task graph with 4 named threads and 5 total threads.
LogStats: Stats thread started at 0.047862
LogInit: Version: 4.11.2-2946394+++UE4+Release-4.11
LogInit: API Version: 2927265
LogInit: Compiled (64-bit): Apr 18 2016 02:18:46
LogInit: Compiled with Visual C++: 19.00.23026.00
LogInit: Build Configuration: Development
LogInit: Branch Name: ++UE4+Release-4.11
LogInit: Command line:  
LogInit: Base directory: C:/Program Files (x86)/Epic Games/4.11/Engine/Binaries/Win64/
LogInit: Installed Engine Build: 1
LogInit: Using libcurl 7.41.0
LogInit:  - built for x86_64-pc-win32
LogInit:  - supports SSL with WinSSL
LogInit:  - other features:
LogInit:      CURL_VERSION_SSL
LogInit:      CURL_VERSION_IPV6
LogInit:      CURL_VERSION_ASYNCHDNS
LogInit:      CURL_VERSION_LARGEFILE
LogInit:      CURL_VERSION_IDN
LogInit:  CurlRequestOptions (configurable via config and command line):
LogInit:  - bVerifyPeer = true  - Libcurl will verify peer certificate
LogInit:  - bUseHttpProxy = false  - Libcurl will NOT use HTTP proxy
LogInit:  - bDontReuseConnections = false  - Libcurl will reuse connections
LogInit:  - CertBundlePath = nullptr  - Libcurl will use whatever was configured at build time.
LogInit: Presizing for max 16777216 objects, including 0 objects not considered by GC, pre-allocating 0 bytes for permanent pool.
LogInit: Object subsystem initialized
[2016.04.27-08.28.28:301][  0]LogInit: Selected Device Profile: [Windows]
[2016.04.27-08.28.28:301][  0]LogInit: Applying CVar settings loaded from the selected device profile: [Windows]
[2016.04.27-08.28.28:309][  0]LogInit: Computer: V-213-08
[2016.04.27-08.28.28:309][  0]LogInit: User: group4kevat
[2016.04.27-08.28.28:309][  0]LogInit: CPU Page size=65536, Cores=2
[2016.04.27-08.28.28:309][  0]LogInit: High frequency timer resolution =2.628271 MHz
[2016.04.27-08.28.28:309][  0]LogMemory: Memory total: Physical=15.9GB (16GB approx)
[2016.04.27-08.28.28:309][  0]LogMemory: Platform Memory Stats for Windows
[2016.04.27-08.28.28:309][  0]LogMemory: Process Physical Memory: 313.47 MB used, 313.47 MB peak
[2016.04.27-08.28.28:309][  0]LogMemory: Process Virtual Memory: 314.52 MB used, 314.52 MB peak
[2016.04.27-08.28.28:309][  0]LogMemory: Physical Memory: 3311.10 MB used, 16257.05 MB total
[2016.04.27-08.28.28:309][  0]LogMemory: Virtual Memory: 615.78 MB used, 8388608.00 MB total
[2016.04.27-08.28.28:344][  0]LogTextLocalizationManager: No translations for ('fi-FI') exist, falling back to 'en' for localization and internationalization data.
[2016.04.27-08.28.28:809][  0]LogD3D11RHI: D3D11 adapters:
[2016.04.27-08.28.28:815][  0]LogD3D11RHI:    0. 'Intel(R) HD Graphics 4000' (Feature Level 11_0)
[2016.04.27-08.28.28:815][  0]LogD3D11RHI:       64MB of dedicated video memory, 0MB of dedicated system memory, and 1632MB of shared system memory, 1 output[s]
[2016.04.27-08.28.28:815][  0]LogD3D11RHI: Chosen D3D11 Adapter: 0
[2016.04.27-08.28.28:820][  0]LogD3D11RHI: Creating new Direct3DDevice
[2016.04.27-08.28.28:820][  0]LogD3D11RHI:     Adapter Name: Intel(R) HD Graphics 4000
[2016.04.27-08.28.28:820][  0]LogD3D11RHI:   Driver Version: Unknown (internal Unknown)
[2016.04.27-08.28.28:820][  0]LogD3D11RHI:      Driver Date: Unknown
[2016.04.27-08.28.28:820][  0]LogRHI: Texture pool is 616 MB (70% of 880 MB)
[2016.04.27-08.28.28:823][  0]LogD3D11RHI: Async texture creation enabled
[2016.04.27-08.28.28:838][  0]LogShaderCompilers: Guid format shader working directory is -39 characters bigger than the processId version (../../../../../../Users/group4-kevat/Documents/Unreal Projects/Kokeilu/InnoGit/Inno 4.11/Intermediate/Shaders/WorkingDirectory/5720/).
[2016.04.27-08.28.28:838][  0]LogShaderCompilers: Cleaned the shader compiler working directory 'C:/Users/GROUP4~1/AppData/Local/Temp/UnrealShaderWorkingDir/12AC97044CBDD158CA800EA87D5AD04C/'.
[2016.04.27-08.28.28:838][  0]LogShaderCompilers:Display: Using Local Shader Compiler.
[2016.04.27-08.28.30:201][  0]LogTemp:Display: Loaded TP AllDesktopTargetPlatform
[2016.04.27-08.28.30:205][  0]LogTemp:Display: Loaded TP WindowsClientTargetPlatform
[2016.04.27-08.28.30:209][  0]LogTemp:Display: Loaded TP WindowsNoEditorTargetPlatform
[2016.04.27-08.28.30:214][  0]LogTemp:Display: Loaded TP WindowsServerTargetPlatform
[2016.04.27-08.28.30:219][  0]LogTemp:Display: Loaded TP WindowsTargetPlatform
[2016.04.27-08.28.30:222][  0]LogTemp:Display: Loaded TP AndroidTargetPlatform
[2016.04.27-08.28.30:225][  0]LogTemp:Display: Loaded TP Android_ASTCTargetPlatform
[2016.04.27-08.28.30:228][  0]LogTemp:Display: Loaded TP Android_ATCTargetPlatform
[2016.04.27-08.28.30:231][  0]LogTemp:Display: Loaded TP Android_DXTTargetPlatform
[2016.04.27-08.28.30:235][  0]LogTemp:Display: Loaded TP Android_ETC1TargetPlatform
[2016.04.27-08.28.30:238][  0]LogTemp:Display: Loaded TP Android_ETC2TargetPlatform
[2016.04.27-08.28.30:245][  0]LogTemp:Display: Loaded TP Android_MultiTargetPlatform
[2016.04.27-08.28.30:245][  0]LogTemp:Display: Loaded TP Android_PVRTCTargetPlatform
[2016.04.27-08.28.30:246][  0]LogTemp:Display: Loaded TP HTML5TargetPlatform
[2016.04.27-08.28.30:263][  0]LogTemp:Display: Loaded TP IOSTargetPlatform
[2016.04.27-08.28.30:267][  0]LogTemp:Display: Loaded TP TVOSTargetPlatform
[2016.04.27-08.28.30:270][  0]LogTemp:Display: Loaded TP LinuxNoEditorTargetPlatform
[2016.04.27-08.28.30:273][  0]LogTemp:Display: Loaded TP LinuxServerTargetPlatform
[2016.04.27-08.28.30:277][  0]LogTemp:Display: Loaded TP LinuxTargetPlatform
[2016.04.27-08.28.30:277][  0]LogTargetPlatformManager:Display: Building Assets For Windows
[2016.04.27-08.28.30:341][  0]LogDerivedDataCache:Display: Max Cache Size: 512 MB
[2016.04.27-08.28.30:399][  0]LogDerivedDataCache: Loaded boot cache 0.06s 58MB C:/Users/group4-kevat/AppData/Local/UnrealEngine/4.11/DerivedDataCache/Boot.ddc.
[2016.04.27-08.28.30:399][  0]LogDerivedDataCache:Display: Loaded Boot cache: C:/Users/group4-kevat/AppData/Local/UnrealEngine/4.11/DerivedDataCache/Boot.ddc
[2016.04.27-08.28.30:399][  0]LogDerivedDataCache: FDerivedDataBackendGraph:  Pak pak cache file ../../../../../../Users/group4-kevat/Documents/Unreal Projects/Kokeilu/InnoGit/Inno 4.11/DerivedDataCache/DDC.ddp not found, will not use a pak cache.
[2016.04.27-08.28.30:399][  0]LogDerivedDataCache: Unable to find inner node Pak for hierarchical cache Hierarchy.
[2016.04.27-08.28.30:399][  0]LogDerivedDataCache: FDerivedDataBackendGraph:  CompressedPak pak cache file ../../../../../../Users/group4-kevat/Documents/Unreal Projects/Kokeilu/InnoGit/Inno 4.11/DerivedDataCache/Compressed.ddp not found, will not use a pak cache.
[2016.04.27-08.28.30:399][  0]LogDerivedDataCache: Unable to find inner node CompressedPak for hierarchical cache Hierarchy.
[2016.04.27-08.28.30:415][  0]LogDerivedDataCache:Display: Pak cache opened for reading ../../../Engine/DerivedDataCache/Compressed.ddp.
[2016.04.27-08.28.30:427][  0]LogDerivedDataCache: Using Local data cache path C:/Users/group4-kevat/AppData/Local/UnrealEngine/Common/DerivedDataCache: Writable
[2016.04.27-08.28.30:620][  0]LogInit: Selected Device Profile: [Windows]
[2016.04.27-08.28.30:621][  0]LogContentStreaming: Texture pool size is 0.00 MB
[2016.04.27-08.28.30:649][  0]LogMaterial: Uniform references updated for custom material expression Custom.
[2016.04.27-08.28.30:798][  0]LogMeshUtilities: No automatic mesh reduction module available
[2016.04.27-08.28.30:798][  0]LogMeshUtilities: No automatic mesh merging module available
[2016.04.27-08.28.30:798][  0]LogMeshUtilities: No distributed automatic mesh merging module available
[2016.04.27-08.28.31:148][  0]LogUObjectArray: 27679 objects as part of root set at end of initial load.
[2016.04.27-08.28.31:148][  0]LogUObjectAllocator: 5591592 out of 0 bytes used by permanent object pool.
[2016.04.27-08.28.31:148][  0]LogUObjectArray: CloseDisregardForGC: 0/0 objects in disregard for GC pool
[2016.04.27-08.28.31:157][  0]LogInit: WinSock: version 1.1 (2.2), MaxSocks=32767, MaxUdp=65467
[2016.04.27-08.28.31:254][  0]LogSlate: SlateFontCache - WITH_FREETYPE: 1, WITH_HARFBUZZ: 1
[2016.04.27-08.28.31:254][  0]LogSlate: SlateFontCache - WITH_FREETYPE: 1, WITH_HARFBUZZ: 1
[2016.04.27-08.28.31:371][  0]LogStreaming:Warning: Failed to read file '../../../Engine/Content/Editor/Slate/Common/Selection_16x.png' error.
[2016.04.27-08.28.31:371][  0]LogSlate: Could not find file for Slate resource: ../../../Engine/Content/Editor/Slate/Common/Selection_16x.png
[2016.04.27-08.28.31:371][  0]LogStreaming:Warning: Failed to read file '../../../Engine/Content/Editor/Slate/Common/Selection_16x.png' error.
[2016.04.27-08.28.31:371][  0]LogSlate: Could not find file for Slate resource: ../../../Engine/Content/Editor/Slate/Common/Selection_16x.png
[2016.04.27-08.28.31:372][  0]LogStreaming:Warning: Failed to read file '../../../Engine/Content/Editor/Slate/Common/Selection_16x.png' error.
[2016.04.27-08.28.31:372][  0]LogSlate: Could not find file for Slate resource: ../../../Engine/Content/Editor/Slate/Common/Selection_16x.png
[2016.04.27-08.28.31:952][  0]LogUdpMessaging: Initializing bridge on interface 0.0.0.0:0 to multicast group 230.0.0.1:6666.
[2016.04.27-08.28.32:080][  0]LogAssetRegistry: FAssetRegistry took 0.0206 seconds to start up
[2016.04.27-08.28.32:297][  0]LogFileManager:Warning: DeleteFile was unable to delete '../../../../../../Users/group4-kevat/Documents/Unreal Projects/Kokeilu/InnoGit/Inno 4.11/Intermediate/CachedAssetRegistry.bin', retrying in .5s...
[2016.04.27-08.28.32:297][  0]SourceControl: Info Source control is disabled
[2016.04.27-08.28.32:317][  0]SourceControl: Info Source control is disabled
[2016.04.27-08.28.32:327][  0]SourceControl: Info Source control is disabled
[2016.04.27-08.28.32:338][  0]SourceControl: Info Source control is disabled
[2016.04.27-08.28.32:451][  0]LogHMD: Failed to initialize OpenVR with code 110
[2016.04.27-08.28.32:527][  0]LogEngine: Initializing Engine...
[2016.04.27-08.28.32:722][  0]LogAIModule: Creating AISystem for world NewWorld
[2016.04.27-08.28.32:728][  0]LogInit: XAudio2 using 'Speakers / Headphones (IDT High Definition Audio CODEC)' : 2 channels at 48 kHz using 16 bits per sample (channel mask 0x3)
[2016.04.27-08.28.32:762][  0]LogFileManager:Warning: DeleteFile recovered during retry!
[2016.04.27-08.28.32:762][  0]LogInit: FAudioDevice initialized.
[2016.04.27-08.28.32:806][  0]LogDerivedDataCache: Saved boot cache 0.04s 46MB C:/Users/group4-kevat/AppData/Local/UnrealEngine/4.11/DerivedDataCache/Boot.ddc.
[2016.04.27-08.28.32:810][  0]LogInit: Texture streaming: Enabled
[2016.04.27-08.28.32:864][  0]LogInit: Transaction tracking system initialized
[2016.04.27-08.28.32:906][  0]BlueprintLog: New page: Editor Load
[2016.04.27-08.28.33:002][  0]LocalizationService: Info Localization service is disabled
[2016.04.27-08.28.33:073][  0]LogLinker:Warning: Can't find file '/Game/SideScrollerBP/SideScrollerOverview'
[2016.04.27-08.28.33:074][  0]LogLinker:Warning: Can't find file '/Game/SideScrollerBP/SideScrollerOverview'
[2016.04.27-08.28.33:074][  0]LogUObjectGlobals:Warning: Failed to find object 'Class /Game/SideScrollerBP/SideScrollerOverview.SideScrollerOverview_C'
[2016.04.27-08.28.33:324][  0]LogConsoleResponse:Display: 
[2016.04.27-08.28.33:512][  0]LogCook:Display: Max memory allowance for cook 8192mb
[2016.04.27-08.28.33:512][  0]LogCook:Display: Mobile HDR setting 1
[2016.04.27-08.28.33:512][  0]LogCook:Display: Done creating registry. It took  0.00s.
[2016.04.27-08.28.33:587][  0]LogFileCache: Scanning file cache for directory 'C:/Users/group4-kevat/Documents/Unreal Projects/Kokeilu/InnoGit/Inno 4.11/Content/' took 0.03s
[2016.04.27-08.28.33:587][  0]SourceControl: Info Source control is disabled
[2016.04.27-08.28.33:587][  0]Cmd: MAP LOAD FILE="../../../../../../Users/group4-kevat/Documents/Unreal Projects/Kokeilu/InnoGit/Inno 4.11/Content/FirstPersonBP/Maps/FirstPersonExampleMap.umap" TEMPLATE=0 SHOWPROGRESS=1 FEATURELEVEL=3
[2016.04.27-08.28.33:588][  0]LightingResults: New page: Lighting Build
[2016.04.27-08.28.33:593][  0]MapCheck: New page: Map Check
[2016.04.27-08.28.33:593][  0]LightingResults: New page: Lighting Build
[2016.04.27-08.28.33:942][  0]LogLinker:Warning: Asset '../../../../../../Users/group4-kevat/Documents/Unreal Projects/Kokeilu/InnoGit/Inno 4.11/Content/FirstPerson/Meshes/FirstPersonProjectileMesh.uasset' has been saved with empty engine version. The asset will be loaded but may be incompatible.
[2016.04.27-08.28.34:047][  0]LogBlueprint:Warning: [compiler FirstPersonCharacter] Warning InputAction Event references unknown Action 'Fire' for  InputAction Fire 
[2016.04.27-08.28.34:060][  0]LogBlueprint:Warning: [compiler FirstPersonCharacter] Warning [0006.43] Compile of FirstPersonCharacter successful, but with 1 Warning(s) [in 38 ms]
[2016.04.27-08.28.34:060][  0]LogBlueprint:Warning: [compiler FirstPersonCharacter] Warning [0006.43] Compile of FirstPersonCharacter successful, but with 2 Warning(s) [in 0 ms]
[2016.04.27-08.28.34:060][  0]LogBlueprint:Warning: [compiler FirstPersonCharacter] Warning [0006.43] Compile of FirstPersonCharacter successful, but with 3 Warning(s) [in 0 ms]
[2016.04.27-08.28.34:151][  0]LogBlueprint:Warning: [compiler FirstPersonCharacter] Warning InputAction Event references unknown Action 'Fire' for  InputAction Fire 
[2016.04.27-08.28.34:159][  0]LogBlueprint:Warning: [compiler FirstPersonCharacter] Warning [0006.53] Compile of FirstPersonCharacter successful, but with 1 Warning(s) [in 20 ms]
[2016.04.27-08.28.34:159][  0]LogBlueprint:Warning: [compiler FirstPersonCharacter] Warning [0006.53] Compile of FirstPersonCharacter successful, but with 2 Warning(s) [in 0 ms]
[2016.04.27-08.28.34:159][  0]LogBlueprint:Warning: [compiler FirstPersonCharacter] Warning [0006.53] Compile of FirstPersonCharacter successful, but with 3 Warning(s) [in 0 ms]
[2016.04.27-08.28.35:077][  0]LogAIModule: Creating AISystem for world FirstPersonExampleMap
[2016.04.27-08.28.35:099][  0]LogEditorServer: Finished looking for orphan Actors (0.000 secs)
[2016.04.27-08.28.35:100][  0]Cmd: MAP CHECKDEP NOCLEARLOG
[2016.04.27-08.28.35:179][  0]MapCheck: Info Map check complete: 0 Error(s), 0 Warning(s), took 78.656ms to complete.
[2016.04.27-08.28.35:179][  0]LogFileHelpers: Loading map 'FirstPersonExampleMap' took 1.592
[2016.04.27-08.28.35:339][  0]LogCollectionManager: Loaded 0 collections in 0.002004 seconds
[2016.04.27-08.28.35:367][  0]LogFileCache: Scanning file cache for directory 'C:/Users/group4-kevat/Documents/Unreal Projects/Kokeilu/InnoGit/Inno 4.11/Saved/Collections/' took 0.01s
[2016.04.27-08.28.35:367][  0]LogFileCache: Scanning file cache for directory 'C:/Users/group4-kevat/Documents/Unreal Projects/Kokeilu/InnoGit/Inno 4.11/Content/Developers/group4kevat/Collections/' took 0.01s
[2016.04.27-08.28.35:367][  0]LogFileCache: Scanning file cache for directory 'C:/Users/group4-kevat/Documents/Unreal Projects/Kokeilu/InnoGit/Inno 4.11/Content/Collections/' took 0.00s
[2016.04.27-08.28.35:367][  0]LogCollectionManager: Rebuilt the GUID cache for 0 collections in 0.000003 seconds
[2016.04.27-08.28.35:377][  0]LogContentBrowser: Native class hierarchy populated in 0.0100 seconds. Added 1979 classes and 343 folders.
[2016.04.27-08.28.35:381][  0]LogStats: UGameplayTagsManager::ConstructGameplayTagTree: Construct from data asset -  0.000 s
[2016.04.27-08.28.35:381][  0]LogStats: UGameplayTagsManager::ConstructGameplayTagTree: GameplayTagTreeChangedEvent.Broadcast -  0.000 s
[2016.04.27-08.28.35:382][  0]LogContentBrowser: Native class hierarchy updated for 'GameplayTags' in 0.0004 seconds. Added 12 classes and 0 folders.
[2016.04.27-08.28.35:386][  0]LogContentBrowser: Native class hierarchy updated for 'WidgetCarousel' in 0.0004 seconds. Added 0 classes and 0 folders.
[2016.04.27-08.28.35:393][  0]LogContentBrowser: Native class hierarchy updated for 'SuperSearch' in 0.0004 seconds. Added 1 classes and 2 folders.
[2016.04.27-08.28.35:433][  0]LogContentBrowser: Native class hierarchy updated for 'AddContentDialog' in 0.0004 seconds. Added 0 classes and 0 folders.
[2016.04.27-08.28.35:437][  0]LogContentBrowser: Native class hierarchy updated for 'SceneOutliner' in 0.0007 seconds. Added 1 classes and 2 folders.
[2016.04.27-08.28.35:509][  0]LogCrashTracker: Crashtracker disabled due to settings.
[2016.04.27-08.28.35:512][  0]LogUObjectGlobals:Warning: Failed to find object 'Class None.'
[2016.04.27-08.28.35:540][  0]LogContentBrowser: Native class hierarchy updated for 'HierarchicalLODOutliner' in 0.0006 seconds. Added 1 classes and 2 folders.
[2016.04.27-08.28.35:540][  0]LogLoad: Full Startup: 7.91 seconds (BP compile: 0.31 seconds)
[2016.04.27-08.28.35:540][  0]LogExternalProfiler:Warning: No registered external profiler was matched with a command-line switch (or the DLL could not be loaded).  External profiling features will not be available.
[2016.04.27-08.28.35:558][  0]LogOcInput: OculusInput pre-init called
[2016.04.27-08.28.35:615][  0]LogContentStreaming: Texture pool size now 200 MB
[2016.04.27-08.28.35:786][  0]LogRenderer: Reallocating scene render targets to support 888x568 (Frame:2).
[2016.04.27-08.28.36:663][  1]LogFileCache: Retrieving MD5 hashes for directory 'C:/Users/group4-kevat/Documents/Unreal Projects/Kokeilu/InnoGit/Inno 4.11/Content/' took 1.09s
[2016.04.27-08.28.36:681][  1]LogAssetRegistry: Asset discovery search completed in 4.6216 seconds
[2016.04.27-08.28.36:681][  1]LogCollectionManager: Rebuilt the object cache for 0 collections in 0.000001 seconds (found 0 objects)
[2016.04.27-08.28.36:681][  1]LogCollectionManager: Fixed up redirectors for 0 collections in 0.000032 seconds (updated 0 objects)
[2016.04.27-08.28.49:447][372]MapCheck: New page: Map Check
[2016.04.27-08.28.49:504][372]Cmd: MAP REBUILD ALLVISIBLE
[2016.04.27-08.28.49:504][372]LogEditorServer: Rebuildmap Clear paths rebuilt
[2016.04.27-08.28.49:617][372]LightingResults: New page: Lighting Build - Apr 27, 2016, 1:28:49 PM
[2016.04.27-08.28.49:686][372]LogSwarmInterface: [OpenConnection] Registering TCP channel ...
[2016.04.27-08.28.49:746][372]LogSwarmInterface: [OpenConnection] Connecting to agent ...
[2016.04.27-08.28.49:763][372]LogSwarmInterface: [TryOpenConnection] Testing the Agent
[2016.04.27-08.28.50:893][372]LogSwarmInterface: [TryOpenConnection] Opening Connection to Agent
[2016.04.27-08.28.50:893][372]LogSwarmInterface: [TryOpenConnection] Local Process ID is 5720
[2016.04.27-08.28.59:033][372]LogStaticLightingSystem: Running Lightmass w/ ImmediateImport mode ENABLED
[2016.04.27-08.28.59:033][372]LogStaticLightingSystem: Running Lightmass w/ ImmediateProcess mode ENABLED
[2016.04.27-08.28.59:033][372]LogStaticLightingSystem: Running Lightmass w/ Sorting mode ENABLED
[2016.04.27-08.28.59:033][372]LogStaticLightingSystem: Running Lightmass w/ Mapping paddings ENABLED
[2016.04.27-08.28.59:033][372]LogStaticLightingSystem: Running Lightmass w/ Mapping debug paddings DISABLED
[2016.04.27-08.28.59:750][372]Cmd: MAP CHECK DONTDISPLAYDIALOG
[2016.04.27-08.28.59:750][372]MapCheck: New page: FirstPersonExampleMap - Apr 27, 2016, 1:28:59 PM
[2016.04.27-08.28.59:813][372]MapCheck: Info Map check complete: 0 Error(s), 0 Warning(s), took 62.292ms to complete.
[2016.04.27-08.28.59:833][372]LogEditorBuildUtils: Build time 0:00:10
[2016.04.27-08.28.59:880][372]LogMaterial: Missing cached shader map for material FLightmassMaterialRenderer MaterialInstanceDynamic_27, compiling. 
[2016.04.27-08.28.59:887][372]LogMaterial: Missing cached shader map for material FLightmassMaterialRenderer MaterialInstanceDynamic_27, compiling. 
[2016.04.27-08.28.59:916][373]LogMaterial: Missing cached shader map for material FLightmassMaterialRenderer BasicShapeMaterial, compiling. 
[2016.04.27-08.28.59:922][373]LogMaterial: Missing cached shader map for material FLightmassMaterialRenderer BasicShapeMaterial, compiling. 
[2016.04.27-08.29.00:073][374]LogMaterial: Missing cached shader map for material FLightmassMaterialRenderer M_Brick_Clay_Old, compiling. 
[2016.04.27-08.29.00:081][374]LogMaterial: Missing cached shader map for material FLightmassMaterialRenderer M_Brick_Clay_Old, compiling. 
[2016.04.27-08.29.00:158][375]LogMaterial: Missing cached shader map for material FLightmassMaterialRenderer M_Ground_Gravel, compiling. 
[2016.04.27-08.29.00:167][375]LogMaterial: Missing cached shader map for material FLightmassMaterialRenderer M_Ground_Gravel, compiling. 
[2016.04.27-08.29.00:222][376]LogMaterial: Missing cached shader map for material FLightmassMaterialRenderer M_Metal_Burnished_Steel, compiling. 
[2016.04.27-08.29.00:233][376]LogMaterial: Missing cached shader map for material FLightmassMaterialRenderer M_Metal_Burnished_Steel, compiling. 
[2016.04.27-08.29.00:370][377]LogMaterial: Missing cached shader map for material FLightmassMaterialRenderer M_Brick_Cut_Stone, compiling. 
[2016.04.27-08.29.00:380][377]LogMaterial: Missing cached shader map for material FLightmassMaterialRenderer M_Brick_Cut_Stone, compiling. 
[2016.04.27-08.29.00:456][378]LogMaterial: Missing cached shader map for material FLightmassMaterialRenderer M_Wood_Walnut, compiling. 
[2016.04.27-08.29.00:467][378]LogMaterial: Missing cached shader map for material FLightmassMaterialRenderer M_Wood_Walnut, compiling. 
[2016.04.27-08.29.00:489][379]LogMaterial: Missing cached shader map for material FLightmassMaterialRenderer M_Ground_Grass, compiling. 
[2016.04.27-08.29.00:502][379]LogMaterial: Missing cached shader map for material FLightmassMaterialRenderer M_Ground_Grass, compiling. 
[2016.04.27-08.29.00:533][380]LogMaterial: Missing cached shader map for material FLightmassMaterialRenderer WorldGridMaterial, compiling. Is special engine material.
[2016.04.27-08.29.00:545][380]LogMaterial: Missing cached shader map for material FLightmassMaterialRenderer WorldGridMaterial, compiling. Is special engine material.
[2016.04.27-08.29.00:568][381]LogMaterial: Missing cached shader map for material FLightmassMaterialRenderer simulation_video_Tex_Mat, compiling. 
[2016.04.27-08.29.00:578][381]LogMaterial: Missing cached shader map for material FLightmassMaterialRenderer simulation_video_Tex_Mat, compiling. 
[2016.04.27-08.29.10:942][486]Job is a success!
[2016.04.27-08.29.11:423][487]LogTexture:Display: Building textures: SkyOcclusion1_1 (AutoDXT)
[2016.04.27-08.29.11:423][487]LogTexture:Display: Building textures: HQ_Lightmap0_1 (AutoDXT)
[2016.04.27-08.29.11:424][487]LogTexture:Display: Building textures: SkyOcclusion1_2 (AutoDXT)
[2016.04.27-08.29.11:424][487]LogTexture:Display: Building textures: LQ_Lightmap_0_1 (DXT1)
[2016.04.27-08.29.11:424][487]LogTexture:Display: Building textures: HQ_Lightmap0_2 (AutoDXT)
[2016.04.27-08.29.11:424][487]LogTexture:Display: Building textures: LQ_Lightmap_0_2 (DXT1)
[2016.04.27-08.29.11:424][487]LogTexture:Display: Building textures: SkyOcclusion0_3 (AutoDXT)
[2016.04.27-08.29.11:424][487]LogTexture:Display: Building textures: HQ_Lightmap0_3 (AutoDXT)
[2016.04.27-08.29.11:424][487]LogTexture:Display: Building textures: LQ_Lightmap_0_3 (DXT1)
[2016.04.27-08.29.11:424][487]LogTexture:Display: Building textures: ShadowMapTexture2D_0 (BGRA8)
[2016.04.27-08.29.11:424][487]LogTexture:Display: Building textures: ShadowMapTexture2D_1 (G8)
[2016.04.27-08.29.11:424][487]LogTexture:Display: Building textures: ShadowMapTexture2D_2 (BGRA8)
[2016.04.27-08.29.11:535][487]Lightmass on V-213-08: 4.38 sec total, 349 ms importing, 99 ms setup, 1.92 sec photons, 2.00 sec processing, 0 ms extra exporting [9/9 mappings]. Threads: 7.97 sec total, 1.58 sec processing.
[2016.04.27-08.29.11:589][487]LogStaticLightingSystem: Illumination: 21.8 sec (18 ms encoding lightmaps, 4 ms encoding shadowmaps)
[2016.04.27-08.29.11:589][487]LogStaticLightingSystem: Lightmap texture memory:  0.1 MB (0.1 MB streaming, 0.0 MB non-streaming), 6 textures
[2016.04.27-08.29.11:589][487]LogStaticLightingSystem: Shadowmap texture memory: 0.1 MB (0.0 MB streaming, 0.0 MB non-streaming), 3 textures
[2016.04.27-08.29.12:042][488]Cmd: MAP CHECK NOTIFYRESULTS
[2016.04.27-08.29.12:043][488]MapCheck: New page: FirstPersonExampleMap - Apr 27, 2016, 1:29:12 PM
[2016.04.27-08.29.12:107][488]MapCheck: Info Map check complete: 0 Error(s), 0 Warning(s), took 64.632ms to complete.
[2016.04.27-08.30.06:274][183]LogSavePackage: Save=381.17ms
[2016.04.27-08.30.06:274][183]LogSavePackage: Moving '../../../../../../Users/group4-kevat/Documents/Unreal Projects/Kokeilu/InnoGit/Inno 4.11/Saved/FirstPersonExampleMapAC98005842FE07A7F671F2BFC9179234.tmp' to '../../../../../../Users/group4-kevat/Documents/Unreal Projects/Kokeilu/InnoGit/Inno 4.11/Content/FirstPersonBP/Maps/FirstPersonExampleMap.umap'
[2016.04.27-08.30.06:304][183]LogSavePackage: Total save time: 420.43ms
[2016.04.27-08.30.06:304][183]LogSavePackage:Display: Finished SavePackage ../../../../../../Users/group4-kevat/Documents/Unreal Projects/Kokeilu/InnoGit/Inno 4.11/Content/FirstPersonBP/Maps/FirstPersonExampleMap.umap
[2016.04.27-08.30.13:731][340]LogBlueprintUserMessages: Early PlayInEditor Detection: Level '/Game/FirstPersonBP/Maps/FirstPersonExampleMap.FirstPersonExampleMap:PersistentLevel' has LevelScriptBlueprint '/Game/FirstPersonBP/Maps/FirstPersonExampleMap.FirstPersonExampleMap:PersistentLevel.FirstPersonExampleMap' with GeneratedClass '/Game/FirstPersonBP/Maps/FirstPersonExampleMap.FirstPersonExampleMap_C' with ClassGeneratedBy '/Game/FirstPersonBP/Maps/FirstPersonExampleMap.FirstPersonExampleMap:PersistentLevel.FirstPersonExampleMap'
[2016.04.27-08.30.13:731][340]LogPlayLevel: PlayLevel: No blueprints needed recompiling
[2016.04.27-08.30.13:731][340]PIE: New page: PIE session: FirstPersonExampleMap (Apr 27, 2016, 1:30:13 PM)
[2016.04.27-08.30.13:731][340]LogPlayLevel: Creating play world package: /Game/FirstPersonBP/Maps/UEDPIE_0_FirstPersonExampleMap
[2016.04.27-08.30.13:787][340]LogPlayLevel: PIE: StaticDuplicateObject took: (0.055361s)
[2016.04.27-08.30.13:788][340]LogAIModule: Creating AISystem for world FirstPersonExampleMap
[2016.04.27-08.30.13:788][340]LogPlayLevel: PIE: World Init took: (0.001808s)
[2016.04.27-08.30.13:790][340]LogPlayLevel: PIE: Created PIE world by copying editor world from /Game/FirstPersonBP/Maps/FirstPersonExampleMap.FirstPersonExampleMap to /Game/FirstPersonBP/Maps/UEDPIE_0_FirstPersonExampleMap.FirstPersonExampleMap (0.058822s)
[2016.04.27-08.30.13:819][340]LogInit: XAudio2 using 'Speakers / Headphones (IDT High Definition Audio CODEC)' : 2 channels at 48 kHz using 16 bits per sample (channel mask 0x3)
[2016.04.27-08.30.13:825][340]LogInit: FAudioDevice initialized.
[2016.04.27-08.30.13:868][340]LogWorld: Game class is 'FirstPersonGameMode_C'
[2016.04.27-08.30.13:890][340]LogWorld: Bringing World /Game/FirstPersonBP/Maps/UEDPIE_0_FirstPersonExampleMap.FirstPersonExampleMap up for play (max tick rate 60) at 2016.04.27-11.30.13
[2016.04.27-08.30.13:891][340]LogWorld: Bringing up level for play took: 0.022079
[2016.04.27-08.30.13:895][340]LogContentBrowser: Native class hierarchy updated for 'MovieSceneCapture' in 0.0004 seconds. Added 9 classes and 0 folders.
[2016.04.27-08.30.13:895][340]PIE: Info Play in editor start time for /Game/FirstPersonBP/Maps/UEDPIE_0_FirstPersonExampleMap -0.19
[2016.04.27-08.30.13:896][340]LogBlueprintUserMessages: Late PlayInEditor Detection: Level '/Game/FirstPersonBP/Maps/FirstPersonExampleMap.FirstPersonExampleMap:PersistentLevel' has LevelScriptBlueprint '/Game/FirstPersonBP/Maps/FirstPersonExampleMap.FirstPersonExampleMap:PersistentLevel.FirstPersonExampleMap' with GeneratedClass '/Game/FirstPersonBP/Maps/FirstPersonExampleMap.FirstPersonExampleMap_C' with ClassGeneratedBy '/Game/FirstPersonBP/Maps/FirstPersonExampleMap.FirstPersonExampleMap:PersistentLevel.FirstPersonExampleMap'
[2016.04.27-08.30.47:713][670]LogBlueprintUserMessages: Early EndPlayMap Detection: Level '/Game/FirstPersonBP/Maps/FirstPersonExampleMap.FirstPersonExampleMap:PersistentLevel' has LevelScriptBlueprint '/Game/FirstPersonBP/Maps/FirstPersonExampleMap.FirstPersonExampleMap:PersistentLevel.FirstPersonExampleMap' with GeneratedClass '/Game/FirstPersonBP/Maps/FirstPersonExampleMap.FirstPersonExampleMap_C' with ClassGeneratedBy '/Game/FirstPersonBP/Maps/FirstPersonExampleMap.FirstPersonExampleMap:PersistentLevel.FirstPersonExampleMap'
[2016.04.27-08.30.47:766][670]LogBlueprintUserMessages: Late EndPlayMap Detection: Level '/Game/FirstPersonBP/Maps/FirstPersonExampleMap.FirstPersonExampleMap:PersistentLevel' has LevelScriptBlueprint '/Game/FirstPersonBP/Maps/FirstPersonExampleMap.FirstPersonExampleMap:PersistentLevel.FirstPersonExampleMap' with GeneratedClass '/Game/FirstPersonBP/Maps/FirstPersonExampleMap.FirstPersonExampleMap_C' with ClassGeneratedBy '/Game/FirstPersonBP/Maps/FirstPersonExampleMap.FirstPersonExampleMap:PersistentLevel.FirstPersonExampleMap'
[2016.04.27-08.30.53:875][727]LogEditorViewport: Clicking on Actor (LMB): BP_Sky_Sphere_C (SkySphereBlueprint)
[2016.04.27-08.30.54:870][749]LogBlueprintUserMessages: Early PlayInEditor Detection: Level '/Game/FirstPersonBP/Maps/FirstPersonExampleMap.FirstPersonExampleMap:PersistentLevel' has LevelScriptBlueprint '/Game/FirstPersonBP/Maps/FirstPersonExampleMap.FirstPersonExampleMap:PersistentLevel.FirstPersonExampleMap' with GeneratedClass '/Game/FirstPersonBP/Maps/FirstPersonExampleMap.FirstPersonExampleMap_C' with ClassGeneratedBy '/Game/FirstPersonBP/Maps/FirstPersonExampleMap.FirstPersonExampleMap:PersistentLevel.FirstPersonExampleMap'
[2016.04.27-08.30.54:870][749]LogPlayLevel: PlayLevel: No blueprints needed recompiling
[2016.04.27-08.30.54:871][749]PIE: New page: PIE session: FirstPersonExampleMap (Apr 27, 2016, 1:30:54 PM)
[2016.04.27-08.30.54:871][749]LogPlayLevel: Creating play world package: /Game/FirstPersonBP/Maps/UEDPIE_0_FirstPersonExampleMap
[2016.04.27-08.30.54:924][749]LogPlayLevel: PIE: StaticDuplicateObject took: (0.053525s)
[2016.04.27-08.30.54:925][749]LogAIModule: Creating AISystem for world FirstPersonExampleMap
[2016.04.27-08.30.54:925][749]LogPlayLevel: PIE: World Init took: (0.000761s)
[2016.04.27-08.30.54:925][749]LogPlayLevel: PIE: Created PIE world by copying editor world from /Game/FirstPersonBP/Maps/FirstPersonExampleMap.FirstPersonExampleMap to /Game/FirstPersonBP/Maps/UEDPIE_0_FirstPersonExampleMap.FirstPersonExampleMap (0.054535s)
[2016.04.27-08.30.54:961][749]LogInit: XAudio2 using 'Speakers / Headphones (IDT High Definition Audio CODEC)' : 2 channels at 48 kHz using 16 bits per sample (channel mask 0x3)
[2016.04.27-08.30.54:968][749]LogInit: FAudioDevice initialized.
[2016.04.27-08.30.54:998][749]LogWorld: Game class is 'FirstPersonGameMode_C'
[2016.04.27-08.30.55:009][749]LogWorld: Bringing World /Game/FirstPersonBP/Maps/UEDPIE_0_FirstPersonExampleMap.FirstPersonExampleMap up for play (max tick rate 60) at 2016.04.27-11.30.55
[2016.04.27-08.30.55:009][749]LogWorld: Bringing up level for play took: 0.010807
[2016.04.27-08.30.55:011][749]PIE: Info Play in editor start time for /Game/FirstPersonBP/Maps/UEDPIE_0_FirstPersonExampleMap 0.924
[2016.04.27-08.30.55:011][749]LogBlueprintUserMessages: Late PlayInEditor Detection: Level '/Game/FirstPersonBP/Maps/FirstPersonExampleMap.FirstPersonExampleMap:PersistentLevel' has LevelScriptBlueprint '/Game/FirstPersonBP/Maps/FirstPersonExampleMap.FirstPersonExampleMap:PersistentLevel.FirstPersonExampleMap' with GeneratedClass '/Game/FirstPersonBP/Maps/FirstPersonExampleMap.FirstPersonExampleMap_C' with ClassGeneratedBy '/Game/FirstPersonBP/Maps/FirstPersonExampleMap.FirstPersonExampleMap:PersistentLevel.FirstPersonExampleMap'
[2016.04.27-08.32.04:422][760]LogBlueprintUserMessages: Early EndPlayMap Detection: Level '/Game/FirstPersonBP/Maps/FirstPersonExampleMap.FirstPersonExampleMap:PersistentLevel' has LevelScriptBlueprint '/Game/FirstPersonBP/Maps/FirstPersonExampleMap.FirstPersonExampleMap:PersistentLevel.FirstPersonExampleMap' with GeneratedClass '/Game/FirstPersonBP/Maps/FirstPersonExampleMap.FirstPersonExampleMap_C' with ClassGeneratedBy '/Game/FirstPersonBP/Maps/FirstPersonExampleMap.FirstPersonExampleMap:PersistentLevel.FirstPersonExampleMap'
[2016.04.27-08.32.04:482][760]LogBlueprintUserMessages: Late EndPlayMap Detection: Level '/Game/FirstPersonBP/Maps/FirstPersonExampleMap.FirstPersonExampleMap:PersistentLevel' has LevelScriptBlueprint '/Game/FirstPersonBP/Maps/FirstPersonExampleMap.FirstPersonExampleMap:PersistentLevel.FirstPersonExampleMap' with GeneratedClass '/Game/FirstPersonBP/Maps/FirstPersonExampleMap.FirstPersonExampleMap_C' with ClassGeneratedBy '/Game/FirstPersonBP/Maps/FirstPersonExampleMap.FirstPersonExampleMap:PersistentLevel.FirstPersonExampleMap'
[2016.04.27-08.32.06:612][806]LogBlueprintUserMessages: Early PlayInEditor Detection: Level '/Game/FirstPersonBP/Maps/FirstPersonExampleMap.FirstPersonExampleMap:PersistentLevel' has LevelScriptBlueprint '/Game/FirstPersonBP/Maps/FirstPersonExampleMap.FirstPersonExampleMap:PersistentLevel.FirstPersonExampleMap' with GeneratedClass '/Game/FirstPersonBP/Maps/FirstPersonExampleMap.FirstPersonExampleMap_C' with ClassGeneratedBy '/Game/FirstPersonBP/Maps/FirstPersonExampleMap.FirstPersonExampleMap:PersistentLevel.FirstPersonExampleMap'
[2016.04.27-08.32.06:612][806]LogPlayLevel: PlayLevel: No blueprints needed recompiling
[2016.04.27-08.32.06:612][806]PIE: New page: PIE session: FirstPersonExampleMap (Apr 27, 2016, 1:32:06 PM)
[2016.04.27-08.32.06:612][806]LogPlayLevel: Creating play world package: /Game/FirstPersonBP/Maps/UEDPIE_0_FirstPersonExampleMap
[2016.04.27-08.32.06:666][806]LogPlayLevel: PIE: StaticDuplicateObject took: (0.053554s)
[2016.04.27-08.32.06:668][806]LogAIModule: Creating AISystem for world FirstPersonExampleMap
[2016.04.27-08.32.06:668][806]LogPlayLevel: PIE: World Init took: (0.002463s)
[2016.04.27-08.32.06:669][806]LogPlayLevel: PIE: Created PIE world by copying editor world from /Game/FirstPersonBP/Maps/FirstPersonExampleMap.FirstPersonExampleMap to /Game/FirstPersonBP/Maps/UEDPIE_0_FirstPersonExampleMap.FirstPersonExampleMap (0.056635s)
[2016.04.27-08.32.06:718][806]LogInit: XAudio2 using 'Speakers / Headphones (IDT High Definition Audio CODEC)' : 2 channels at 48 kHz using 16 bits per sample (channel mask 0x3)
[2016.04.27-08.32.06:724][806]LogInit: FAudioDevice initialized.
[2016.04.27-08.32.06:753][806]LogWorld: Game class is 'FirstPersonGameMode_C'
[2016.04.27-08.32.06:762][806]LogWorld: Bringing World /Game/FirstPersonBP/Maps/UEDPIE_0_FirstPersonExampleMap.FirstPersonExampleMap up for play (max tick rate 60) at 2016.04.27-11.32.06
[2016.04.27-08.32.06:763][806]LogWorld: Bringing up level for play took: 0.009440
[2016.04.27-08.32.06:764][806]PIE: Info Play in editor start time for /Game/FirstPersonBP/Maps/UEDPIE_0_FirstPersonExampleMap 0.675
[2016.04.27-08.32.06:764][806]LogBlueprintUserMessages: Late PlayInEditor Detection: Level '/Game/FirstPersonBP/Maps/FirstPersonExampleMap.FirstPersonExampleMap:PersistentLevel' has LevelScriptBlueprint '/Game/FirstPersonBP/Maps/FirstPersonExampleMap.FirstPersonExampleMap:PersistentLevel.FirstPersonExampleMap' with GeneratedClass '/Game/FirstPersonBP/Maps/FirstPersonExampleMap.FirstPersonExampleMap_C' with ClassGeneratedBy '/Game/FirstPersonBP/Maps/FirstPersonExampleMap.FirstPersonExampleMap:PersistentLevel.FirstPersonExampleMap'
[2016.04.27-08.32.40:565][399]LogCharacterMovement: FirstPersonCharacter_C_0 is stuck and failed to move!
[2016.04.27-08.32.55:229][ 93]LogCharacterMovement: FirstPersonCharacter_C_0 is stuck and failed to move!
[2016.04.27-08.33.04:310][526]LogCharacterMovement: FirstPersonCharacter_C_0 is stuck and failed to move!
[2016.04.27-08.33.15:418][ 14]LogBlueprintUserMessages: Early EndPlayMap Detection: Level '/Game/FirstPersonBP/Maps/FirstPersonExampleMap.FirstPersonExampleMap:PersistentLevel' has LevelScriptBlueprint '/Game/FirstPersonBP/Maps/FirstPersonExampleMap.FirstPersonExampleMap:PersistentLevel.FirstPersonExampleMap' with GeneratedClass '/Game/FirstPersonBP/Maps/FirstPersonExampleMap.FirstPersonExampleMap_C' with ClassGeneratedBy '/Game/FirstPersonBP/Maps/FirstPersonExampleMap.FirstPersonExampleMap:PersistentLevel.FirstPersonExampleMap'
[2016.04.27-08.33.15:465][ 14]LogBlueprintUserMessages: Late EndPlayMap Detection: Level '/Game/FirstPersonBP/Maps/FirstPersonExampleMap.FirstPersonExampleMap:PersistentLevel' has LevelScriptBlueprint '/Game/FirstPersonBP/Maps/FirstPersonExampleMap.FirstPersonExampleMap:PersistentLevel.FirstPersonExampleMap' with GeneratedClass '/Game/FirstPersonBP/Maps/FirstPersonExampleMap.FirstPersonExampleMap_C' with ClassGeneratedBy '/Game/FirstPersonBP/Maps/FirstPersonExampleMap.FirstPersonExampleMap:PersistentLevel.FirstPersonExampleMap'
[2016.04.27-08.33.27:837][262]LogContentStreaming: Texture pool size now 400 MB
[2016.04.27-08.33.28:527][270]LogRenderer: Reallocating scene render targets to support 888x568 (Frame:8646).
[2016.04.27-08.33.37:358][430]LogBlueprintUserMessages: Early PlayInEditor Detection: Level '/Game/FirstPersonBP/Maps/FirstPersonExampleMap.FirstPersonExampleMap:PersistentLevel' has LevelScriptBlueprint '/Game/FirstPersonBP/Maps/FirstPersonExampleMap.FirstPersonExampleMap:PersistentLevel.FirstPersonExampleMap' with GeneratedClass '/Game/FirstPersonBP/Maps/FirstPersonExampleMap.FirstPersonExampleMap_C' with ClassGeneratedBy '/Game/FirstPersonBP/Maps/FirstPersonExampleMap.FirstPersonExampleMap:PersistentLevel.FirstPersonExampleMap'
[2016.04.27-08.33.37:358][430]LogPlayLevel: PlayLevel: No blueprints needed recompiling
[2016.04.27-08.33.37:358][430]PIE: New page: PIE session: FirstPersonExampleMap (Apr 27, 2016, 1:33:37 PM)
[2016.04.27-08.33.37:358][430]LogPlayLevel: Creating play world package: /Game/FirstPersonBP/Maps/UEDPIE_0_FirstPersonExampleMap
[2016.04.27-08.33.37:427][430]LogPlayLevel: PIE: StaticDuplicateObject took: (0.069095s)
[2016.04.27-08.33.37:429][430]LogAIModule: Creating AISystem for world FirstPersonExampleMap
[2016.04.27-08.33.37:430][430]LogPlayLevel: PIE: World Init took: (0.002462s)
[2016.04.27-08.33.37:430][430]LogPlayLevel: PIE: Created PIE world by copying editor world from /Game/FirstPersonBP/Maps/FirstPersonExampleMap.FirstPersonExampleMap to /Game/FirstPersonBP/Maps/UEDPIE_0_FirstPersonExampleMap.FirstPersonExampleMap (0.072119s)
[2016.04.27-08.33.37:470][430]LogInit: XAudio2 using 'Speakers / Headphones (IDT High Definition Audio CODEC)' : 2 channels at 48 kHz using 16 bits per sample (channel mask 0x3)
[2016.04.27-08.33.37:477][430]LogInit: FAudioDevice initialized.
[2016.04.27-08.33.37:507][430]LogWorld: Game class is 'FirstPersonGameMode_C'
[2016.04.27-08.33.37:517][430]LogWorld: Bringing World /Game/FirstPersonBP/Maps/UEDPIE_0_FirstPersonExampleMap.FirstPersonExampleMap up for play (max tick rate 60) at 2016.04.27-11.33.37
[2016.04.27-08.33.37:517][430]LogWorld: Bringing up level for play took: 0.009950
[2016.04.27-08.33.37:519][430]PIE: Info Play in editor start time for /Game/FirstPersonBP/Maps/UEDPIE_0_FirstPersonExampleMap -0.573
[2016.04.27-08.33.37:519][430]LogBlueprintUserMessages: Late PlayInEditor Detection: Level '/Game/FirstPersonBP/Maps/FirstPersonExampleMap.FirstPersonExampleMap:PersistentLevel' has LevelScriptBlueprint '/Game/FirstPersonBP/Maps/FirstPersonExampleMap.FirstPersonExampleMap:PersistentLevel.FirstPersonExampleMap' with GeneratedClass '/Game/FirstPersonBP/Maps/FirstPersonExampleMap.FirstPersonExampleMap_C' with ClassGeneratedBy '/Game/FirstPersonBP/Maps/FirstPersonExampleMap.FirstPersonExampleMap:PersistentLevel.FirstPersonExampleMap'
[2016.04.27-08.33.59:606][460]LogBlueprintUserMessages: Early EndPlayMap Detection: Level '/Game/FirstPersonBP/Maps/FirstPersonExampleMap.FirstPersonExampleMap:PersistentLevel' has LevelScriptBlueprint '/Game/FirstPersonBP/Maps/FirstPersonExampleMap.FirstPersonExampleMap:PersistentLevel.FirstPersonExampleMap' with GeneratedClass '/Game/FirstPersonBP/Maps/FirstPersonExampleMap.FirstPersonExampleMap_C' with ClassGeneratedBy '/Game/FirstPersonBP/Maps/FirstPersonExampleMap.FirstPersonExampleMap:PersistentLevel.FirstPersonExampleMap'
[2016.04.27-08.33.59:659][460]LogBlueprintUserMessages: Late EndPlayMap Detection: Level '/Game/FirstPersonBP/Maps/FirstPersonExampleMap.FirstPersonExampleMap:PersistentLevel' has LevelScriptBlueprint '/Game/FirstPersonBP/Maps/FirstPersonExampleMap.FirstPersonExampleMap:PersistentLevel.FirstPersonExampleMap' with GeneratedClass '/Game/FirstPersonBP/Maps/FirstPersonExampleMap.FirstPersonExampleMap_C' with ClassGeneratedBy '/Game/FirstPersonBP/Maps/FirstPersonExampleMap.FirstPersonExampleMap:PersistentLevel.FirstPersonExampleMap'
[2016.04.27-08.34.03:414][497]LogEditorViewport: Clicking on Actor (LMB): kerrostalo_Blueprint_C (kerrostalo_Blueprint)
[2016.04.27-08.34.04:434][512]LogBlueprintUserMessages: Early PlayInEditor Detection: Level '/Game/FirstPersonBP/Maps/FirstPersonExampleMap.FirstPersonExampleMap:PersistentLevel' has LevelScriptBlueprint '/Game/FirstPersonBP/Maps/FirstPersonExampleMap.FirstPersonExampleMap:PersistentLevel.FirstPersonExampleMap' with GeneratedClass '/Game/FirstPersonBP/Maps/FirstPersonExampleMap.FirstPersonExampleMap_C' with ClassGeneratedBy '/Game/FirstPersonBP/Maps/FirstPersonExampleMap.FirstPersonExampleMap:PersistentLevel.FirstPersonExampleMap'
[2016.04.27-08.34.04:434][512]LogPlayLevel: PlayLevel: No blueprints needed recompiling
[2016.04.27-08.34.04:434][512]PIE: New page: PIE session: FirstPersonExampleMap (Apr 27, 2016, 1:34:04 PM)
[2016.04.27-08.34.04:434][512]LogPlayLevel: Creating play world package: /Game/FirstPersonBP/Maps/UEDPIE_0_FirstPersonExampleMap
[2016.04.27-08.34.04:502][512]LogPlayLevel: PIE: StaticDuplicateObject took: (0.067653s)
[2016.04.27-08.34.04:504][512]LogAIModule: Creating AISystem for world FirstPersonExampleMap
[2016.04.27-08.34.04:505][512]LogPlayLevel: PIE: World Init took: (0.002358s)
[2016.04.27-08.34.04:505][512]LogPlayLevel: PIE: Created PIE world by copying editor world from /Game/FirstPersonBP/Maps/FirstPersonExampleMap.FirstPersonExampleMap to /Game/FirstPersonBP/Maps/UEDPIE_0_FirstPersonExampleMap.FirstPersonExampleMap (0.070611s)
[2016.04.27-08.34.04:539][512]LogInit: XAudio2 using 'Speakers / Headphones (IDT High Definition Audio CODEC)' : 2 channels at 48 kHz using 16 bits per sample (channel mask 0x3)
[2016.04.27-08.34.04:544][512]LogInit: FAudioDevice initialized.
[2016.04.27-08.34.04:577][512]LogWorld: Game class is 'FirstPersonGameMode_C'
[2016.04.27-08.34.04:587][512]LogWorld: Bringing World /Game/FirstPersonBP/Maps/UEDPIE_0_FirstPersonExampleMap.FirstPersonExampleMap up for play (max tick rate 60) at 2016.04.27-11.34.04
[2016.04.27-08.34.04:588][512]LogWorld: Bringing up level for play took: 0.009659
[2016.04.27-08.34.04:589][512]PIE: Info Play in editor start time for /Game/FirstPersonBP/Maps/UEDPIE_0_FirstPersonExampleMap 0.496
[2016.04.27-08.34.04:589][512]LogBlueprintUserMessages: Late PlayInEditor Detection: Level '/Game/FirstPersonBP/Maps/FirstPersonExampleMap.FirstPersonExampleMap:PersistentLevel' has LevelScriptBlueprint '/Game/FirstPersonBP/Maps/FirstPersonExampleMap.FirstPersonExampleMap:PersistentLevel.FirstPersonExampleMap' with GeneratedClass '/Game/FirstPersonBP/Maps/FirstPersonExampleMap.FirstPersonExampleMap_C' with ClassGeneratedBy '/Game/FirstPersonBP/Maps/FirstPersonExampleMap.FirstPersonExampleMap:PersistentLevel.FirstPersonExampleMap'
[2016.04.27-08.35.29:358][480]LogBlueprintUserMessages: Early EndPlayMap Detection: Level '/Game/FirstPersonBP/Maps/FirstPersonExampleMap.FirstPersonExampleMap:PersistentLevel' has LevelScriptBlueprint '/Game/FirstPersonBP/Maps/FirstPersonExampleMap.FirstPersonExampleMap:PersistentLevel.FirstPersonExampleMap' with GeneratedClass '/Game/FirstPersonBP/Maps/FirstPersonExampleMap.FirstPersonExampleMap_C' with ClassGeneratedBy '/Game/FirstPersonBP/Maps/FirstPersonExampleMap.FirstPersonExampleMap:PersistentLevel.FirstPersonExampleMap'
[2016.04.27-08.35.29:428][480]LogBlueprintUserMessages: Late EndPlayMap Detection: Level '/Game/FirstPersonBP/Maps/FirstPersonExampleMap.FirstPersonExampleMap:PersistentLevel' has LevelScriptBlueprint '/Game/FirstPersonBP/Maps/FirstPersonExampleMap.FirstPersonExampleMap:PersistentLevel.FirstPersonExampleMap' with GeneratedClass '/Game/FirstPersonBP/Maps/FirstPersonExampleMap.FirstPersonExampleMap_C' with ClassGeneratedBy '/Game/FirstPersonBP/Maps/FirstPersonExampleMap.FirstPersonExampleMap:PersistentLevel.FirstPersonExampleMap'
[2016.04.27-08.35.49:615][641]LogContentBrowser: Native class hierarchy updated for 'BlueprintGraph' in 0.0008 seconds. Added 108 classes and 0 folders.
[2016.04.27-08.38.18:961][515]LogEditorViewport: Clicking on Actor (LMB): Snake_blueprint_C (Snake_blueprint)
[2016.04.27-08.38.20:073][532]LogEditorViewport: Clicking on Actor (LMB): Snake_blueprint_C (Snake_blueprint)
[2016.04.27-08.38.55:165][118]LogEditorViewport: Clicking on Actor (LMB): Snake_blueprint_C (Snake_blueprint)
[2016.04.27-08.41.01:934][292]LogEditorViewport: Clicking on Actor (LMB): explosion_blueprint_C (explosion_blueprint)
[2016.04.27-08.43.10:231][353]LogBlueprintUserMessages: Early PlayInEditor Detection: Level '/Game/FirstPersonBP/Maps/FirstPersonExampleMap.FirstPersonExampleMap:PersistentLevel' has LevelScriptBlueprint '/Game/FirstPersonBP/Maps/FirstPersonExampleMap.FirstPersonExampleMap:PersistentLevel.FirstPersonExampleMap' with GeneratedClass '/Game/FirstPersonBP/Maps/FirstPersonExampleMap.FirstPersonExampleMap_C' with ClassGeneratedBy '/Game/FirstPersonBP/Maps/FirstPersonExampleMap.FirstPersonExampleMap:PersistentLevel.FirstPersonExampleMap'
[2016.04.27-08.43.10:231][353]LogPlayLevel: PlayLevel: No blueprints needed recompiling
[2016.04.27-08.43.10:231][353]PIE: New page: PIE session: FirstPersonExampleMap (Apr 27, 2016, 1:43:10 PM)
[2016.04.27-08.43.10:231][353]LogPlayLevel: Creating play world package: /Game/FirstPersonBP/Maps/UEDPIE_0_FirstPersonExampleMap
[2016.04.27-08.43.10:309][353]LogPlayLevel: PIE: StaticDuplicateObject took: (0.077915s)
[2016.04.27-08.43.10:316][353]LogAIModule: Creating AISystem for world FirstPersonExampleMap
[2016.04.27-08.43.10:316][353]LogPlayLevel: PIE: World Init took: (0.006738s)
[2016.04.27-08.43.10:317][353]LogPlayLevel: PIE: Created PIE world by copying editor world from /Game/FirstPersonBP/Maps/FirstPersonExampleMap.FirstPersonExampleMap to /Game/FirstPersonBP/Maps/UEDPIE_0_FirstPersonExampleMap.FirstPersonExampleMap (0.085407s)
[2016.04.27-08.43.10:317][353]LogActorComponent: UnregisterComponent: (/Engine/Transient.ProjectileMovementComponent_40__A6522401) Not registered. Aborting.
[2016.04.27-08.43.10:317][353]LogActorComponent: UnregisterComponent: (/Engine/Transient.CharMoveComp) Not registered. Aborting.
[2016.04.27-08.43.10:381][353]LogInit: XAudio2 using 'Speakers / Headphones (IDT High Definition Audio CODEC)' : 2 channels at 48 kHz using 16 bits per sample (channel mask 0x3)
[2016.04.27-08.43.10:388][353]LogInit: FAudioDevice initialized.
[2016.04.27-08.43.10:416][353]LogWorld: Game class is 'FirstPersonGameMode_C'
[2016.04.27-08.43.10:425][353]LogWorld: Bringing World /Game/FirstPersonBP/Maps/UEDPIE_0_FirstPersonExampleMap.FirstPersonExampleMap up for play (max tick rate 60) at 2016.04.27-11.43.10
[2016.04.27-08.43.10:426][353]LogWorld: Bringing up level for play took: 0.009345
[2016.04.27-08.43.10:427][353]PIE: Info Play in editor start time for /Game/FirstPersonBP/Maps/UEDPIE_0_FirstPersonExampleMap 0.316
[2016.04.27-08.43.10:427][353]LogBlueprintUserMessages: Late PlayInEditor Detection: Level '/Game/FirstPersonBP/Maps/FirstPersonExampleMap.FirstPersonExampleMap:PersistentLevel' has LevelScriptBlueprint '/Game/FirstPersonBP/Maps/FirstPersonExampleMap.FirstPersonExampleMap:PersistentLevel.FirstPersonExampleMap' with GeneratedClass '/Game/FirstPersonBP/Maps/FirstPersonExampleMap.FirstPersonExampleMap_C' with ClassGeneratedBy '/Game/FirstPersonBP/Maps/FirstPersonExampleMap.FirstPersonExampleMap:PersistentLevel.FirstPersonExampleMap'
[2016.04.27-08.48.35:958][376]LogBlueprintUserMessages: Early EndPlayMap Detection: Level '/Game/FirstPersonBP/Maps/FirstPersonExampleMap.FirstPersonExampleMap:PersistentLevel' has LevelScriptBlueprint '/Game/FirstPersonBP/Maps/FirstPersonExampleMap.FirstPersonExampleMap:PersistentLevel.FirstPersonExampleMap' with GeneratedClass '/Game/FirstPersonBP/Maps/FirstPersonExampleMap.FirstPersonExampleMap_C' with ClassGeneratedBy '/Game/FirstPersonBP/Maps/FirstPersonExampleMap.FirstPersonExampleMap:PersistentLevel.FirstPersonExampleMap'
[2016.04.27-08.48.36:003][376]LogBlueprintUserMessages: Late EndPlayMap Detection: Level '/Game/FirstPersonBP/Maps/FirstPersonExampleMap.FirstPersonExampleMap:PersistentLevel' has LevelScriptBlueprint '/Game/FirstPersonBP/Maps/FirstPersonExampleMap.FirstPersonExampleMap:PersistentLevel.FirstPersonExampleMap' with GeneratedClass '/Game/FirstPersonBP/Maps/FirstPersonExampleMap.FirstPersonExampleMap_C' with ClassGeneratedBy '/Game/FirstPersonBP/Maps/FirstPersonExampleMap.FirstPersonExampleMap:PersistentLevel.FirstPersonExampleMap'
[2016.04.27-08.49.09:220][220]LogEditorViewport: Clicking on Actor (LMB): DestructibleActor (1M_Cube_DM16)
[2016.04.27-08.49.22:781][566]LogActorFactory: Actor Factory created Cube
[2016.04.27-08.49.23:468][583]LogActorFactory: Actor Factory created Cube
[2016.04.27-08.49.24:799][616]LogEditorViewport: Clicking on Actor (LMB): StaticMeshActor (Cube2)
[2016.04.27-08.49.39:318][991]LogEditorViewport: Clicking on Actor (LMB): BP_Sky_Sphere_C (SkySphereBlueprint)
[2016.04.27-08.49.40:570][ 22]LogEditorViewport: Clicking on Actor (LMB): StaticMeshActor (Cube2)
[2016.04.27-08.50.08:469][747]LogEditorViewport: Clicking on Actor (LMB): StaticMeshActor (Cube2)
[2016.04.27-08.50.08:959][760]LogEditorViewport: Clicking on Actor (LMB): StaticMeshActor (Cube2)
[2016.04.27-08.50.10:115][789]LogEditorViewport: Clicking on Actor (LMB): StaticMeshActor (Cube2)
[2016.04.27-08.50.47:481][604]LogEditorViewport: Clicking on Actor (LMB): StaticMeshActor (Cube2)
[2016.04.27-08.50.48:414][627]LogEditorViewport: Clicking on Actor (LMB): StaticMeshActor (Cube2)
[2016.04.27-08.50.48:520][627]LogEditorViewport: Clicking on Component (LMB): StaticMeshComponent (StaticMeshComponent0)
[2016.04.27-08.51.00:788][893]LogContentBrowser: Native class hierarchy updated for 'DestructibleMeshEditor' in 0.0005 seconds. Added 1 classes and 2 folders.
[2016.04.27-08.51.00:790][893]LogDestructible:Warning: MainMesh Tris: 48
[2016.04.27-08.51.00:792][893]LogApexDestructibleAssetImport:Warning: Using default materials for material slot
[2016.04.27-08.51.00:792][893]LogApexDestructibleAssetImport:Warning: Bones digested - 2  Depth of hierarchy - 2
[2016.04.27-08.51.00:821][893]LogSkeletalMesh: Chunk 0: 54 rigid vertices, 0 soft vertices, 1 active bones
[2016.04.27-08.51.00:825][893]LogSkeletalMesh: Section 0: Material=0, Chunk=0, 48 triangles
[2016.04.27-08.51.00:966][893]LogRenderer: Reallocating scene render targets to support 1184x896 (Frame:45400).
[2016.04.27-08.51.11:804][ 94]LogDestructible:Warning: MainMesh Tris: 48
[2016.04.27-08.51.11:850][ 94]LogApexDestructibleAssetImport:Warning: Using default materials for material slot
[2016.04.27-08.51.11:851][ 94]LogApexDestructibleAssetImport:Warning: Bones digested - 27  Depth of hierarchy - 2
[2016.04.27-08.51.11:905][ 94]LogSkeletalMesh: Chunk 0: 446 rigid vertices, 0 soft vertices, 21 active bones
[2016.04.27-08.51.11:905][ 94]LogSkeletalMesh: Chunk 1: 992 rigid vertices, 0 soft vertices, 25 active bones
[2016.04.27-08.51.11:908][ 94]LogSkeletalMesh: Section 0: Material=0, Chunk=0, 348 triangles
[2016.04.27-08.51.11:908][ 94]LogSkeletalMesh: Section 1: Material=1, Chunk=1, 580 triangles
[2016.04.27-08.51.54:549][927]LogSavePackage: Save=379.27ms
[2016.04.27-08.51.54:550][927]LogSavePackage: Moving '../../../../../../Users/group4-kevat/Documents/Unreal Projects/Kokeilu/InnoGit/Inno 4.11/Saved/FirstPersonExampleMap_Auto1A0844DCB4CAD85D1BA7B9B9E452C4438.tmp' to '../../../../../../Users/group4-kevat/Documents/Unreal Projects/Kokeilu/InnoGit/Inno 4.11/Saved/Autosaves/Game/FirstPersonBP/Maps/FirstPersonExampleMap_Auto1.umap'
[2016.04.27-08.51.54:554][927]LogSavePackage: Total save time: 396.59ms
[2016.04.27-08.51.54:554][927]LogSavePackage:Display: Finished SavePackage ../../../../../../Users/group4-kevat/Documents/Unreal Projects/Kokeilu/InnoGit/Inno 4.11/Saved/Autosaves/Game/FirstPersonBP/Maps/FirstPersonExampleMap_Auto1.umap
[2016.04.27-08.51.54:557][927]LogFileHelpers: Editor autosave (incl. sublevels) for '/Game/FirstPersonBP/Maps/FirstPersonExampleMap' took 0.442
[2016.04.27-08.51.54:557][927]LogFileHelpers: Editor autosave (incl. sublevels) for all levels took 0.442
[2016.04.27-08.51.54:564][927]OBJ SavePackage: Generating thumbnails for [1] asset(s) in package [/Engine/BasicShapes/Cube_DM] ([1] browsable assets)...
[2016.04.27-08.51.54:595][927]OBJ SavePackage:     Rendered thumbnail for [DestructibleMesh /Engine/BasicShapes/Cube_DM.Cube_DM]
[2016.04.27-08.51.54:595][927]OBJ SavePackage: Finished generating thumbnails for package [/Engine/BasicShapes/Cube_DM]
[2016.04.27-08.51.54:621][927]LogSavePackage: Save=24.54ms
[2016.04.27-08.51.54:621][927]LogSavePackage: Moving '../../../../../../Users/group4-kevat/Documents/Unreal Projects/Kokeilu/InnoGit/Inno 4.11/Saved/Cube_DM_Auto104F3EBE742040FC64EB4AA9DF7849536.tmp' to '../../../../../../Users/group4-kevat/Documents/Unreal Projects/Kokeilu/InnoGit/Inno 4.11/Saved/Autosaves/Engine/BasicShapes/Cube_DM_Auto1.uasset'
[2016.04.27-08.51.54:623][927]LogSavePackage: Total save time: 26.79ms
[2016.04.27-08.51.54:623][927]LogSavePackage:Display: Finished SavePackage ../../../../../../Users/group4-kevat/Documents/Unreal Projects/Kokeilu/InnoGit/Inno 4.11/Saved/Autosaves/Engine/BasicShapes/Cube_DM_Auto1.uasset
[2016.04.27-08.51.54:624][927]LogFileHelpers: Auto-saving content packages took 0.065
[2016.04.27-08.52.50:200][ 72]LogEditorViewport: Clicking on Component (LMB): StaticMeshComponent (StaticMeshComponent0)
[2016.04.27-08.52.56:887][170]LogEditorViewport: Clicking on Component (LMB): StaticMeshComponent (StaticMeshComponent0)
[2016.04.27-08.53.02:011][295]LogEditorActor: Deleted Actor: StaticMeshActor
[2016.04.27-08.53.02:050][295]LogEditorActor: Deleted 1 Actors (0.040 secs)
[2016.04.27-08.55.16:239][768]LogTexture:Display: Building textures: Foliage (BGRA8)
[2016.04.27-08.55.29:494][ 45]LogTexture:Display: Building textures: icon_Editor_Preferences_General_40x (BGRA8)
[2016.04.27-08.55.29:503][ 45]LogTexture:Display: Building textures: Paper2DSprite_TutorialIcon (BGRA8)
[2016.04.27-08.55.29:508][ 45]LogTexture:Display: Building textures: icon_ShowSkeletalMeshes_40x (BGRA8)
[2016.04.27-08.55.29:512][ 45]LogTexture:Display: Building textures: Landscape (BGRA8)
[2016.04.27-08.55.29:523][ 45]LogTexture:Display: Building textures: BlueprintInterface_64x (BGRA8)
[2016.04.27-08.55.29:529][ 45]LogTexture:Display: Building textures: BlueprintMacroLibrary_64x (BGRA8)
[2016.04.27-08.55.29:654][ 45]LogTexture:Display: Building textures: IOS (BGRA8)
[2016.04.27-08.55.29:669][ 45]LogTexture:Display: Building textures: android_Icon (BGRA8)
[2016.04.27-08.55.29:675][ 45]LogTexture:Display: Building textures: Paper2DFlipbook_TutorialIcon (BGRA8)
[2016.04.27-09.03.22:781][285]LogSavePackage: Save=362.11ms
[2016.04.27-09.03.22:782][285]LogSavePackage: Moving '../../../../../../Users/group4-kevat/Documents/Unreal Projects/Kokeilu/InnoGit/Inno 4.11/Saved/FirstPersonExampleMap_Auto288C1B0EA44960D4D4C778095E2FF874F.tmp' to '../../../../../../Users/group4-kevat/Documents/Unreal Projects/Kokeilu/InnoGit/Inno 4.11/Saved/Autosaves/Game/FirstPersonBP/Maps/FirstPersonExampleMap_Auto2.umap'
[2016.04.27-09.03.22:788][285]LogSavePackage: Total save time: 378.69ms
[2016.04.27-09.03.22:788][285]LogSavePackage:Display: Finished SavePackage ../../../../../../Users/group4-kevat/Documents/Unreal Projects/Kokeilu/InnoGit/Inno 4.11/Saved/Autosaves/Game/FirstPersonBP/Maps/FirstPersonExampleMap_Auto2.umap
[2016.04.27-09.03.22:790][285]LogFileHelpers: Editor autosave (incl. sublevels) for '/Game/FirstPersonBP/Maps/FirstPersonExampleMap' took 0.424
[2016.04.27-09.03.22:790][285]LogFileHelpers: Editor autosave (incl. sublevels) for all levels took 0.424
[2016.04.27-09.04.19:009][497]LogStaticMesh: Building static mesh mato...
[2016.04.27-09.04.19:133][497]LogStaticMesh: Built static mesh [0.12s] /Game/StarterContent/Blueprints/mato.mato
[2016.04.27-09.04.19:167][497]LogActorFactory: Actor Factory created mato
[2016.04.27-09.04.49:803][ 87]LogActorComponent: UnregisterComponent: (/Engine/Transient.SphereBrushComponent) Not registered. Aborting.
[2016.04.27-09.07.29:408][867]LogActorFactory: Actor Factory created Cube
[2016.04.27-09.07.32:399][934]LogActorFactory: Actor Factory created Cube
[2016.04.27-09.08.45:730][530]LogActorComponent: UnregisterComponent: (/Engine/Transient.CharMoveComp) Not registered. Aborting.
[2016.04.27-09.08.45:737][530]LogActorComponent: UnregisterComponent: (/Engine/Transient.MovementComponent0) Not registered. Aborting.
[2016.04.27-09.08.51:170][594]LogActorComponent: UnregisterComponent: (/Engine/Transient.CharMoveComp) Not registered. Aborting.
[2016.04.27-09.09.49:854][337]BlueprintLog: New page: Compile Invis_wall_Blueprint
[2016.04.27-09.09.50:141][337]BlueprintEditorCompileResults: Info [2482.43] Compile of Invis_wall_Blueprint successful! [in 286 ms]
[2016.04.27-09.09.50:908][347]LogSavePackage: Save=17.01ms
[2016.04.27-09.09.50:908][347]LogSavePackage: Moving '../../../../../../Users/group4-kevat/Documents/Unreal Projects/Kokeilu/InnoGit/Inno 4.11/Saved/Invis_wall_BlueprintCE1AFB3742E90CBD6032A0969E524255.tmp' to '../../../../../../Users/group4-kevat/Documents/Unreal Projects/Kokeilu/InnoGit/Inno 4.11/Content/StarterContent/Blueprints/Invis_wall_Blueprint.uasset'
[2016.04.27-09.09.50:912][347]LogSavePackage: Total save time: 21.62ms
[2016.04.27-09.09.50:912][347]LogSavePackage:Display: Finished SavePackage ../../../../../../Users/group4-kevat/Documents/Unreal Projects/Kokeilu/InnoGit/Inno 4.11/Content/StarterContent/Blueprints/Invis_wall_Blueprint.uasset
[2016.04.27-09.10.29:322][800]BlueprintLog: New page: Compile Invis_wall_Blueprint
[2016.04.27-09.10.29:482][800]BlueprintEditorCompileResults: Info [2521.76] Compile of Invis_wall_Blueprint successful! [in 159 ms]
[2016.04.27-09.10.30:575][814]LogSavePackage: Save=13.32ms
[2016.04.27-09.10.30:575][814]LogSavePackage: Moving '../../../../../../Users/group4-kevat/Documents/Unreal Projects/Kokeilu/InnoGit/Inno 4.11/Saved/Invis_wall_Blueprint971B583244B5CA6AAD9B39B16BC3360C.tmp' to '../../../../../../Users/group4-kevat/Documents/Unreal Projects/Kokeilu/InnoGit/Inno 4.11/Content/StarterContent/Blueprints/Invis_wall_Blueprint.uasset'
[2016.04.27-09.10.30:580][814]LogSavePackage: Total save time: 20.18ms
[2016.04.27-09.10.30:580][814]LogSavePackage:Display: Finished SavePackage ../../../../../../Users/group4-kevat/Documents/Unreal Projects/Kokeilu/InnoGit/Inno 4.11/Content/StarterContent/Blueprints/Invis_wall_Blueprint.uasset
[2016.04.27-09.10.45:385][116]LogEditorViewport: Clicking on Actor (LMB): kerrostalo_Blueprint_C (kerrostalo_Blueprint)
[2016.04.27-09.10.46:826][145]LogEditorViewport: Clicking on Actor (LMB): Invis_wall_Blueprint_C (Invis_wall_Blueprint)
[2016.04.27-09.11.24:385][955]LogEditorViewport: Clicking on Actor (LMB): kerrostalo_Blueprint_C (kerrostalo_Blueprint)
[2016.04.27-09.11.26:188][993]LogEditorViewport: Clicking on Actor (LMB): Invis_wall_Blueprint_C (Invis_wall_Blueprint)
[2016.04.27-09.11.35:998][203]LogEditorViewport: Clicking on Actor (LMB): Invis_wall_Blueprint_C (Invis_wall_Blueprint)
[2016.04.27-09.11.37:828][242]LogEditorViewport: Clicking on Actor (LMB): Invis_wall_Blueprint_C (Invis_wall_Blueprint)
[2016.04.27-09.12.38:091][538]Cmd: TRANSACTION UNDO
[2016.04.27-09.12.38:092][538]LogEditorTransaction: Undo Set actor rotation
[2016.04.27-09.13.39:480][858]LogSavePackage: Save=378.30ms
[2016.04.27-09.13.39:480][858]LogSavePackage: Moving '../../../../../../Users/group4-kevat/Documents/Unreal Projects/Kokeilu/InnoGit/Inno 4.11/Saved/FirstPersonExampleMap341F83324B3422140DFB62AB186DB700.tmp' to '../../../../../../Users/group4-kevat/Documents/Unreal Projects/Kokeilu/InnoGit/Inno 4.11/Content/FirstPersonBP/Maps/FirstPersonExampleMap.umap'
[2016.04.27-09.13.39:510][858]LogSavePackage: Total save time: 421.01ms
[2016.04.27-09.13.39:510][858]LogSavePackage:Display: Finished SavePackage ../../../../../../Users/group4-kevat/Documents/Unreal Projects/Kokeilu/InnoGit/Inno 4.11/Content/FirstPersonBP/Maps/FirstPersonExampleMap.umap
[2016.04.27-09.14.07:590][481]LogSavePackage: Save=385.95ms
[2016.04.27-09.14.07:590][481]LogSavePackage: Moving '../../../../../../Users/group4-kevat/Documents/Unreal Projects/Kokeilu/InnoGit/Inno 4.11/Saved/FirstPersonExampleMap009D477947624BEDAF612F9C7863A72E.tmp' to '../../../../../../Users/group4-kevat/Documents/Unreal Projects/Kokeilu/InnoGit/Inno 4.11/Content/FirstPersonBP/Maps/FirstPersonExampleMap.umap'
[2016.04.27-09.14.07:622][481]LogSavePackage: Total save time: 419.24ms
[2016.04.27-09.14.07:622][481]LogSavePackage:Display: Finished SavePackage ../../../../../../Users/group4-kevat/Documents/Unreal Projects/Kokeilu/InnoGit/Inno 4.11/Content/FirstPersonBP/Maps/FirstPersonExampleMap.umap
[2016.04.27-09.14.08:895][510]LogEditorViewport: Clicking on Actor (LMB): Invis_wall_Blueprint_C (Invis_wall_Blueprint)
[2016.04.27-09.14.10:121][535]LogEditorViewport: Clicking on Actor (LMB): Invis_wall_Blueprint_C (Invis_wall_Blueprint)
[2016.04.27-09.14.15:107][646]Cmd: EDIT COPY
[2016.04.27-09.14.18:542][723]Cmd: EDIT COPY
[2016.04.27-09.14.20:279][762]Cmd: EDIT PASTE
[2016.04.27-09.15.09:441][864]LogEditorViewport: Clicking on Actor (LMB): Invis_wall_Blueprint_C (Invis_wall_Blueprint2)
[2016.04.27-09.15.38:349][503]LogSavePackage: Save=358.10ms
[2016.04.27-09.15.38:349][503]LogSavePackage: Moving '../../../../../../Users/group4-kevat/Documents/Unreal Projects/Kokeilu/InnoGit/Inno 4.11/Saved/FirstPersonExampleMap6AEBC2934A74DAE4471219958E3F4483.tmp' to '../../../../../../Users/group4-kevat/Documents/Unreal Projects/Kokeilu/InnoGit/Inno 4.11/Content/FirstPersonBP/Maps/FirstPersonExampleMap.umap'
[2016.04.27-09.15.38:358][503]LogSavePackage: Total save time: 367.95ms
[2016.04.27-09.15.38:358][503]LogSavePackage:Display: Finished SavePackage ../../../../../../Users/group4-kevat/Documents/Unreal Projects/Kokeilu/InnoGit/Inno 4.11/Content/FirstPersonBP/Maps/FirstPersonExampleMap.umap
[2016.04.27-09.15.41:485][568]LogEditorViewport: Clicking on Actor (LMB): Invis_wall_Blueprint_C (Invis_wall_Blueprint2)
[2016.04.27-09.15.43:011][603]Cmd: EDIT COPY
[2016.04.27-09.15.44:304][632]Cmd: EDIT PASTE
[2016.04.27-09.16.22:270][403]LogSavePackage: Save=399.67ms
[2016.04.27-09.16.22:270][403]LogSavePackage: Moving '../../../../../../Users/group4-kevat/Documents/Unreal Projects/Kokeilu/InnoGit/Inno 4.11/Saved/FirstPersonExampleMap1BC236E14FD2A21E33358CACF7253E3C.tmp' to '../../../../../../Users/group4-kevat/Documents/Unreal Projects/Kokeilu/InnoGit/Inno 4.11/Content/FirstPersonBP/Maps/FirstPersonExampleMap.umap'
[2016.04.27-09.16.22:306][403]LogSavePackage: Total save time: 436.63ms
[2016.04.27-09.16.22:306][403]LogSavePackage:Display: Finished SavePackage ../../../../../../Users/group4-kevat/Documents/Unreal Projects/Kokeilu/InnoGit/Inno 4.11/Content/FirstPersonBP/Maps/FirstPersonExampleMap.umap
[2016.04.27-09.16.25:963][485]Cmd: TRANSACTION UNDO
[2016.04.27-09.16.25:963][485]LogEditorTransaction: Undo Move Actors
[2016.04.27-09.16.29:880][571]Cmd: EDIT COPY
[2016.04.27-09.16.33:451][650]Cmd: EDIT PASTE
[2016.04.27-09.16.59:961][246]LogEditorViewport: Clicking on Actor (LMB): Invis_wall_Blueprint_C (Invis_wall_Blueprint3)
[2016.04.27-09.17.00:957][267]LogEditorViewport: Clicking on Actor (LMB): Invis_wall_Blueprint_C (Invis_wall_Blueprint3)
[2016.04.27-09.19.04:195][  2]LogEditorViewport: Clicking on Actor (LMB): Invis_wall_Blueprint_C (Invis_wall_Blueprint3)
[2016.04.27-09.19.44:921][972]LogEditorViewport: Clicking on Actor (LMB): Invis_wall_Blueprint_C (Invis_wall_Blueprint2)
[2016.04.27-09.20.29:564][950]LogEditorViewport: Clicking on Actor (LMB): Invis_wall_Blueprint_C (Invis_wall_Blueprint4)
[2016.04.27-09.20.52:398][426]LogSavePackage: Save=374.58ms
[2016.04.27-09.20.52:399][426]LogSavePackage: Moving '../../../../../../Users/group4-kevat/Documents/Unreal Projects/Kokeilu/InnoGit/Inno 4.11/Saved/FirstPersonExampleMap81DE087845AC04AAB1CB88BE6B7B12B3.tmp' to '../../../../../../Users/group4-kevat/Documents/Unreal Projects/Kokeilu/InnoGit/Inno 4.11/Content/FirstPersonBP/Maps/FirstPersonExampleMap.umap'
[2016.04.27-09.20.52:431][426]LogSavePackage: Total save time: 417.99ms
[2016.04.27-09.20.52:431][426]LogSavePackage:Display: Finished SavePackage ../../../../../../Users/group4-kevat/Documents/Unreal Projects/Kokeilu/InnoGit/Inno 4.11/Content/FirstPersonBP/Maps/FirstPersonExampleMap.umap
[2016.04.27-09.21.07:879][771]LogEditorViewport: Clicking on Actor (LMB): Invis_wall_Blueprint_C (Invis_wall_Blueprint4)
[2016.04.27-09.21.40:906][462]LogSavePackage: Save=363.86ms
[2016.04.27-09.21.40:906][462]LogSavePackage: Moving '../../../../../../Users/group4-kevat/Documents/Unreal Projects/Kokeilu/InnoGit/Inno 4.11/Saved/FirstPersonExampleMap42E5188E41B39775AF3E08BED2F1C2BD.tmp' to '../../../../../../Users/group4-kevat/Documents/Unreal Projects/Kokeilu/InnoGit/Inno 4.11/Content/FirstPersonBP/Maps/FirstPersonExampleMap.umap'
[2016.04.27-09.21.40:942][462]LogSavePackage: Total save time: 400.97ms
[2016.04.27-09.21.40:943][462]LogSavePackage:Display: Finished SavePackage ../../../../../../Users/group4-kevat/Documents/Unreal Projects/Kokeilu/InnoGit/Inno 4.11/Content/FirstPersonBP/Maps/FirstPersonExampleMap.umap
[2016.04.27-09.21.42:128][489]LogBlueprintUserMessages: Early PlayInEditor Detection: Level '/Game/FirstPersonBP/Maps/FirstPersonExampleMap.FirstPersonExampleMap:PersistentLevel' has LevelScriptBlueprint '/Game/FirstPersonBP/Maps/FirstPersonExampleMap.FirstPersonExampleMap:PersistentLevel.FirstPersonExampleMap' with GeneratedClass '/Game/FirstPersonBP/Maps/FirstPersonExampleMap.FirstPersonExampleMap_C' with ClassGeneratedBy '/Game/FirstPersonBP/Maps/FirstPersonExampleMap.FirstPersonExampleMap:PersistentLevel.FirstPersonExampleMap'
[2016.04.27-09.21.42:128][489]LogPlayLevel: PlayLevel: No blueprints needed recompiling
[2016.04.27-09.21.42:128][489]PIE: New page: PIE session: FirstPersonExampleMap (Apr 27, 2016, 2:21:42 PM)
[2016.04.27-09.21.42:128][489]LogPlayLevel: Creating play world package: /Game/FirstPersonBP/Maps/UEDPIE_0_FirstPersonExampleMap
[2016.04.27-09.21.42:187][489]LogPlayLevel: PIE: StaticDuplicateObject took: (0.059119s)
[2016.04.27-09.21.42:189][489]LogAIModule: Creating AISystem for world FirstPersonExampleMap
[2016.04.27-09.21.42:190][489]LogPlayLevel: PIE: World Init took: (0.002085s)
[2016.04.27-09.21.42:190][489]LogPlayLevel: PIE: Created PIE world by copying editor world from /Game/FirstPersonBP/Maps/FirstPersonExampleMap.FirstP