[2016.03.24-10.09.47:204][  0]Log file open, 03/24/16 12:09:47
[2016.03.24-10.09.47:204][  0]LogInit:Display: Running engine for game: Inno
[2016.03.24-10.09.47:204][  0]LogPlatformFile: Not using cached read wrapper
[2016.03.24-10.09.47:204][  0]LogInit:Display: RandInit(-1815920290) SRandInit(-1815920288).
[2016.03.24-10.09.47:204][  0]LogTaskGraph: Started task graph with 4 named threads and 5 total threads.
[2016.03.24-10.09.47:204][  0]LogStats: Stats thread started at 0.055985
[2016.03.24-10.09.47:204][  0]LogInit: Version: 4.10.4-2872498+++depot+UE4-Releases+4.10
[2016.03.24-10.09.47:204][  0]LogInit: API Version: 2758231
[2016.03.24-10.09.47:204][  0]LogInit: Compiled (64-bit): Feb 18 2016 15:47:04
[2016.03.24-10.09.47:204][  0]LogInit: Compiled with Visual C++: 19.00.23026.00
[2016.03.24-10.09.47:204][  0]LogInit: Build Configuration: Development
[2016.03.24-10.09.47:204][  0]LogInit: Branch Name: ++depot+UE4-Releases+4.10
[2016.03.24-10.09.47:204][  0]LogInit: Command line: -EpicPortal 
[2016.03.24-10.09.47:204][  0]LogInit: Base directory: C:/Program Files (x86)/Epic Games/4.10/Engine/Binaries/Win64/
[2016.03.24-10.09.47:204][  0]LogInit: Rocket: 1
[2016.03.24-10.09.47:214][  0]LogInit: Using libcurl 7.41.0
[2016.03.24-10.09.47:214][  0]LogInit:  - built for x86_64-pc-win32
[2016.03.24-10.09.47:214][  0]LogInit:  - supports SSL with WinSSL
[2016.03.24-10.09.47:214][  0]LogInit:  - other features:
[2016.03.24-10.09.47:214][  0]LogInit:      CURL_VERSION_SSL
[2016.03.24-10.09.47:214][  0]LogInit:      CURL_VERSION_IPV6
[2016.03.24-10.09.47:214][  0]LogInit:      CURL_VERSION_ASYNCHDNS
[2016.03.24-10.09.47:214][  0]LogInit:      CURL_VERSION_LARGEFILE
[2016.03.24-10.09.47:214][  0]LogInit:      CURL_VERSION_IDN
[2016.03.24-10.09.47:214][  0]LogInit:  CurlRequestOptions (configurable via config and command line):
[2016.03.24-10.09.47:214][  0]LogInit:  - bVerifyPeer = true  - Libcurl will verify peer certificate
[2016.03.24-10.09.47:214][  0]LogInit:  - bUseHttpProxy = false  - Libcurl will NOT use HTTP proxy
[2016.03.24-10.09.47:214][  0]LogInit:  - bDontReuseConnections = false  - Libcurl will reuse connections
[2016.03.24-10.09.47:214][  0]LogInit:  - CertBundlePath = nullptr  - Libcurl will use whatever was configured at build time.
[2016.03.24-10.09.47:225][  0]LogInit: Presizing for 0 objects not considered by GC, pre-allocating 0 bytes.
[2016.03.24-10.09.47:239][  0]LogInit: Object subsystem initialized
[2016.03.24-10.09.47:240][  0]LogInit: Selected Device Profile: [Windows]
[2016.03.24-10.09.47:240][  0]LogInit: Applying CVar settings loaded from the selected device profile: [Windows]
[2016.03.24-10.09.47:251][  0]LogInit: Computer: V-213-08
[2016.03.24-10.09.47:251][  0]LogInit: User: group4kevat
[2016.03.24-10.09.47:251][  0]LogInit: CPU Page size=4096, Cores=2
[2016.03.24-10.09.47:251][  0]LogInit: High frequency timer resolution =2.628320 MHz
[2016.03.24-10.09.47:251][  0]LogMemory: Memory total: Physical=15.9GB (16GB approx)
[2016.03.24-10.09.47:251][  0]LogMemory: Platform Memory Stats for Windows
[2016.03.24-10.09.47:251][  0]LogMemory: Process Physical Memory: 55.64 MB used, 55.64 MB peak
[2016.03.24-10.09.47:251][  0]LogMemory: Process Virtual Memory: 58.48 MB used, 58.48 MB peak
[2016.03.24-10.09.47:251][  0]LogMemory: Physical Memory: 3638.78 MB used, 16257.05 MB total
[2016.03.24-10.09.47:251][  0]LogMemory: Virtual Memory: 348.25 MB used, 8388608.00 MB total
[2016.03.24-10.09.47:292][  0]LogTextLocalizationManager: No translations for ('fi-FI') exist, falling back to 'en' for localization and internationalization data.
[2016.03.24-10.09.47:746][  0]LogD3D11RHI: Found D3D11 adapter 0: Intel(R) HD Graphics 4000 (Feature Level 11_0)
[2016.03.24-10.09.47:746][  0]LogD3D11RHI: Adapter has 64MB of dedicated video memory, 0MB of dedicated system memory, and 1632MB of shared system memory, 1 output[s]
[2016.03.24-10.09.47:746][  0]LogD3D11RHI: Chosen D3D11 Adapter Id = 0
[2016.03.24-10.09.47:750][  0]LogD3D11RHI: !Direct3DDevice
[2016.03.24-10.09.47:750][  0]LogRHI: Texture pool is 616 MB (70% of 880 MB)
[2016.03.24-10.09.47:753][  0]LogD3D11RHI: Async texture creation enabled
[2016.03.24-10.09.47:765][  0]LogShaderCompilers: Guid format shader working directory is -34 characters bigger than the processId version (../../../../../../Users/group4-kevat/Documents/Unreal Projects/Kokeilu/InnoGit/Inno/Intermediate/Shaders/WorkingDirectory/5636/).
[2016.03.24-10.09.47:766][  0]LogShaderCompilers: Cleaned the shader compiler working directory 'C:/Users/GROUP4~1/AppData/Local/Temp/UnrealShaderWorkingDir/74E7A8684F13EAD030073B96A5CD7449/'.
[2016.03.24-10.09.47:766][  0]LogShaderCompilers:Display: Using Local Shader Compiler.
[2016.03.24-10.09.48:748][  0]LogTemp:Display: Loaded TP AllDesktopTargetPlatform
[2016.03.24-10.09.48:753][  0]LogTemp:Display: Loaded TP WindowsClientTargetPlatform
[2016.03.24-10.09.48:759][  0]LogTemp:Display: Loaded TP WindowsNoEditorTargetPlatform
[2016.03.24-10.09.48:763][  0]LogTemp:Display: Loaded TP WindowsServerTargetPlatform
[2016.03.24-10.09.48:768][  0]LogTemp:Display: Loaded TP WindowsTargetPlatform
[2016.03.24-10.09.48:771][  0]LogTemp:Display: Loaded TP AndroidTargetPlatform
[2016.03.24-10.09.48:774][  0]LogTemp:Display: Loaded TP Android_ASTCTargetPlatform
[2016.03.24-10.09.48:777][  0]LogTemp:Display: Loaded TP Android_ATCTargetPlatform
[2016.03.24-10.09.48:780][  0]LogTemp:Display: Loaded TP Android_DXTTargetPlatform
[2016.03.24-10.09.48:783][  0]LogTemp:Display: Loaded TP Android_ETC1TargetPlatform
[2016.03.24-10.09.48:787][  0]LogTemp:Display: Loaded TP Android_ETC2TargetPlatform
[2016.03.24-10.09.48:794][  0]LogTemp:Display: Loaded TP Android_MultiTargetPlatform
[2016.03.24-10.09.48:794][  0]LogTemp:Display: Loaded TP Android_PVRTCTargetPlatform
[2016.03.24-10.09.48:795][  0]LogTemp:Display: Loaded TP HTML5TargetPlatform
[2016.03.24-10.09.48:812][  0]LogTemp:Display: Loaded TP IOSTargetPlatform
[2016.03.24-10.09.48:815][  0]LogTemp:Display: Loaded TP LinuxNoEditorTargetPlatform
[2016.03.24-10.09.48:818][  0]LogTemp:Display: Loaded TP LinuxServerTargetPlatform
[2016.03.24-10.09.48:822][  0]LogTemp:Display: Loaded TP LinuxTargetPlatform
[2016.03.24-10.09.48:822][  0]LogTargetPlatformManager:Display: Building Assets For Windows
[2016.03.24-10.09.48:898][  0]LogDerivedDataCache:Display: Max Cache Size: 512 MB
[2016.03.24-10.09.48:940][  0]LogDerivedDataCache: Loaded boot cache 0.04s 41MB C:/Users/group4-kevat/AppData/Local/UnrealEngine/4.10/DerivedDataCache/Boot.ddc.
[2016.03.24-10.09.48:941][  0]LogDerivedDataCache:Display: Loaded Boot cache: C:/Users/group4-kevat/AppData/Local/UnrealEngine/4.10/DerivedDataCache/Boot.ddc
[2016.03.24-10.09.48:941][  0]LogDerivedDataCache: FDerivedDataBackendGraph:  Pak pak cache file ../../../../../../Users/group4-kevat/Documents/Unreal Projects/Kokeilu/InnoGit/Inno/DerivedDataCache/DDC.ddp not found, will not use a pak cache.
[2016.03.24-10.09.48:941][  0]LogDerivedDataCache: Unable to find inner node Pak for hierarchical cache Hierarchy.
[2016.03.24-10.09.48:941][  0]LogDerivedDataCache: FDerivedDataBackendGraph:  CompressedPak pak cache file ../../../../../../Users/group4-kevat/Documents/Unreal Projects/Kokeilu/InnoGit/Inno/DerivedDataCache/Compressed.ddp not found, will not use a pak cache.
[2016.03.24-10.09.48:941][  0]LogDerivedDataCache: Unable to find inner node CompressedPak for hierarchical cache Hierarchy.
[2016.03.24-10.09.48:999][  0]LogDerivedDataCache:Display: Pak cache opened for reading ../../../Engine/DerivedDataCache/Compressed.ddp.
[2016.03.24-10.09.49:010][  0]LogDerivedDataCache: Using Local data cache path C:/Users/group4-kevat/AppData/Local/UnrealEngine/Common/DerivedDataCache: Writable
[2016.03.24-10.09.49:196][  0]LogInit: Selected Device Profile: [Windows]
[2016.03.24-10.09.49:196][  0]LogContentStreaming: Texture pool size is 0.000000MB
[2016.03.24-10.09.49:250][  0]LogMeshUtilities: No automatic mesh reduction module available
[2016.03.24-10.09.49:250][  0]LogMeshUtilities: No automatic mesh merging module available
[2016.03.24-10.09.49:650][  0]LogInit: WinSock: version 1.1 (2.2), MaxSocks=32767, MaxUdp=65467
[2016.03.24-10.09.50:736][  0]UdpMessaging: Initializing bridge on interface 0.0.0.0:0 to multicast group 230.0.0.1:6666.
[2016.03.24-10.09.50:877][  0]LogAssetRegistry: FAssetRegistry took 0.0097 seconds to start up
[2016.03.24-10.09.51:080][  0]SourceControl: Info Source control is disabled
[2016.03.24-10.09.51:097][  0]SourceControl: Info Source control is disabled
[2016.03.24-10.09.51:109][  0]SourceControl: Info Source control is disabled
[2016.03.24-10.09.51:119][  0]SourceControl: Info Source control is disabled
[2016.03.24-10.09.51:374][  0]LogObj: 28633 objects as part of root set at end of initial load.
[2016.03.24-10.09.51:374][  0]LogUObjectAllocator: 6099752 out of 0 bytes used by permanent object pool.
[2016.03.24-10.09.51:436][  0]LogEngine: Initializing Engine...
[2016.03.24-10.09.51:438][  0]LogHMD: Can't find Oculus library dev build: is proper Runtime installed? Version: 0.8.0.0
[2016.03.24-10.09.51:439][  0]LogHMD: SteamVR failed to initialize.  Err: 110
[2016.03.24-10.09.51:578][  0]LogAIModule: Creating AISystem for world NewWorld
[2016.03.24-10.09.51:583][  0]LogInit: XAudio2 using 'Speakers / Headphones (IDT High Definition Audio CODEC)' : 2 channels at 48 kHz using 16 bits per sample (channel mask 0x3)
[2016.03.24-10.09.51:602][  0]LogInit: FAudioDevice initialized.
[2016.03.24-10.09.51:624][  0]LogDerivedDataCache: Saved boot cache 0.02s 41MB C:/Users/group4-kevat/AppData/Local/UnrealEngine/4.10/DerivedDataCache/Boot.ddc.
[2016.03.24-10.09.51:626][  0]LogInit: Texture streaming: Enabled
[2016.03.24-10.09.51:631][  0]LogAnalytics: Creating configured Analytics provider AnalyticsET
[2016.03.24-10.09.51:631][  0]LogAnalytics: [UEEditor.Rocket.Release] APIServer = http://et2.epicgames.com/ET2/. AppVersion = 4.10.4-2872498+++depot+UE4-Releases+4.10
[2016.03.24-10.09.51:632][  0]LogAnalytics: [UEEditor.Rocket.Release] SetUserId 22b1a91b46ea4b27e6962492fe5d1438|4ce87246e8b44f34a4431ffaf7795bfc|cb64847f-68f7-44b3-89eb-ff1c848eec44
[2016.03.24-10.09.51:632][  0]LogAnalytics: [UEEditor.Rocket.Release] AnalyticsET::StartSession
[2016.03.24-10.09.51:639][  0]LogInit: Transaction tracking system initialized
[2016.03.24-10.09.51:668][  0]BlueprintLog: New page: Editor Load
[2016.03.24-10.09.51:752][  0]LocalizationService: Info Localization service is disabled
[2016.03.24-10.09.51:823][  0]LogLinker:Warning: Can't find file '/Game/SideScrollerBP/SideScrollerOverview'
[2016.03.24-10.09.51:823][  0]LogLinker:Warning: Can't find file '/Game/SideScrollerBP/SideScrollerOverview'
[2016.03.24-10.09.51:823][  0]LogUObjectGlobals:Warning: Failed to find object 'Class /Game/SideScrollerBP/SideScrollerOverview.SideScrollerOverview_C'
[2016.03.24-10.09.52:023][  0]LogConsoleResponse:Display: 
[2016.03.24-10.09.52:149][  0]LogCook:Display: Done creating registry. It took  0.00s.
[2016.03.24-10.09.52:211][  0]LogFileCache: Scanning file cache for directory 'C:/Users/group4-kevat/Documents/Unreal Projects/Kokeilu/InnoGit/Inno/Content/' took 0.02s
[2016.03.24-10.09.52:211][  0]SourceControl: Info Source control is disabled
[2016.03.24-10.09.57:597][  0]LogWindowsTextInputMethodSystem:Display: IME system now deactivated.
[2016.03.24-10.09.59:640][  0]LogWindowsTextInputMethodSystem:Display: IME system now deactivated.
[2016.03.24-10.09.59:641][  0]Cmd: MAP LOAD FILE="../../../../../../Users/group4-kevat/Documents/Unreal Projects/Kokeilu/InnoGit/Inno/Content/FirstPersonBP/Maps/FirstPersonExampleMap.umap" TEMPLATE=0 SHOWPROGRESS=1 FEATURELEVEL=3
[2016.03.24-10.09.59:641][  0]LightingResults: New page: Lighting Build
[2016.03.24-10.09.59:649][  0]MapCheck: New page: Map Check
[2016.03.24-10.09.59:649][  0]LightingResults: New page: Lighting Build
[2016.03.24-10.09.59:682][  0]LogParticles: Destroying 0 GPU particle simulations for FXSystem 0x000000002289AAC0
[2016.03.24-10.09.59:839][  0]LogLinker:Warning: Asset '../../../../../../Users/group4-kevat/Documents/Unreal Projects/Kokeilu/InnoGit/Inno/Content/FirstPerson/Meshes/FirstPersonProjectileMesh.uasset' has been saved with empty engine version. The asset will be loaded but may be incompatible.
[2016.03.24-10.10.00:535][  0]LogAIModule: Creating AISystem for world FirstPersonExampleMap
[2016.03.24-10.10.00:544][  0]LogEditorServer: Finished looking for orphan Actors (0.000 secs)
[2016.03.24-10.10.00:545][  0]Cmd: MAP CHECKDEP NOCLEARLOG
[2016.03.24-10.10.00:613][  0]MapCheck: Info Map check complete: 0 Error(s), 0 Warning(s), took 68.041ms to complete.
[2016.03.24-10.10.00:613][  0]LogFileHelpers: Loading map 'FirstPersonExampleMap' took 0.972
[2016.03.24-10.10.00:717][  0]LogCollectionManager: Loaded 0 collections in 0.002585 seconds
[2016.03.24-10.10.00:752][  0]LogFileCache: Scanning file cache for directory 'C:/Users/group4-kevat/Documents/Unreal Projects/Kokeilu/InnoGit/Inno/Saved/Collections/' took 0.01s
[2016.03.24-10.10.00:752][  0]LogFileCache: Scanning file cache for directory 'C:/Users/group4-kevat/Documents/Unreal Projects/Kokeilu/InnoGit/Inno/Content/Developers/group4kevat/Collections/' took 0.01s
[2016.03.24-10.10.00:752][  0]LogFileCache: Scanning file cache for directory 'C:/Users/group4-kevat/Documents/Unreal Projects/Kokeilu/InnoGit/Inno/Content/Collections/' took 0.01s
[2016.03.24-10.10.00:752][  0]LogCollectionManager: Rebuilt the GUID cache for 0 collections in 0.000002 seconds
[2016.03.24-10.10.00:760][  0]LogContentBrowser: Native class hierarchy populated in 0.0077 seconds. Added 1893 classes and 338 folders.
[2016.03.24-10.10.00:767][  0]LogContentBrowser: Native class hierarchy updated for 'WidgetCarousel' in 0.0003 seconds. Added 0 classes and 0 folders.
[2016.03.24-10.10.00:820][  0]LogContentBrowser: Native class hierarchy updated for 'AddContentDialog' in 0.0004 seconds. Added 0 classes and 0 folders.
[2016.03.24-10.10.00:824][  0]LogContentBrowser: Native class hierarchy updated for 'SceneOutliner' in 0.0003 seconds. Added 1 classes and 2 folders.
[2016.03.24-10.10.00:876][  0]LogCrashTracker: Crashtracker disabled due to settings.
[2016.03.24-10.10.00:878][  0]LogUObjectGlobals:Warning: Failed to find object 'Class None.'
[2016.03.24-10.10.00:891][  0]LogStats:Warning: MetaData mismatch. Did you assign a stat to two groups? New //STATGROUP_Threads//SplashScreenThread///Thread_1348_0///####STATCAT_Advanced#### old //STATGROUP_Threads//SplashScreenThread///Thread_c2c_0///####STATCAT_Advanced####
[2016.03.24-10.10.00:901][  0]LogLoad: Full Startup: 14.11 seconds (BP compile: 0.13 seconds)
[2016.03.24-10.10.00:925][  0]LogOcInput: Can't find Oculus library dev build: is proper Runtime installed? Version: 0.8.0.0
[2016.03.24-10.10.00:994][  0]LogContentStreaming: Texture pool size now 200 MB
[2016.03.24-10.10.01:145][  0]LogRenderer: Reallocating scene render targets to support 1104x568 (Frame:2).
[2016.03.24-10.10.02:281][  5]LogAssetRegistry: Asset discovery search completed in 11.4125 seconds
[2016.03.24-10.10.02:281][  5]LogCollectionManager: Rebuilt the object cache for 0 collections in 0.000001 seconds (found 0 objects)
[2016.03.24-10.10.02:281][  5]LogCollectionManager: Fixed up redirectors for 0 collections in 0.000037 seconds (updated 0 objects)
[2016.03.24-10.10.04:714][ 91]LogLinker:Warning: Asset '../../../Engine/Content/ArtTools/RenderToTexture/Macros/RenderToTextureMacros.uasset' has been saved with empty engine version. The asset will be loaded but may be incompatible.
[2016.03.24-10.10.05:167][ 91]LogContentBrowser: Native class hierarchy updated for 'BlueprintGraph' in 0.0007 seconds. Added 107 classes and 0 folders.
[2016.03.24-10.10.33:594][876]LogWindows:Error: Windows GetLastError: The operation completed successfully. (0)
[2016.03.24-10.10.33:797][876]LogCrashTracker: 


[2016.03.24-10.10.33:797][876]LogCrashTracker: 


[2016.03.24-10.10.33:797][876]LogWindows:Error: === Critical error: ===
Assertion failed: HostWindow.IsValid() [File:D:\BuildFarm\buildmachine_++depot+UE4-Releases+4.10\Engine\Source\Runtime\Slate\Private\Framework\Application\MenuStack.cpp] [Line: 189] 





[2016.03.24-10.10.33:865][876]LogExit: Executing StaticShutdownAfterError
[2016.03.24-10.10.33:872][876]LogPhysics:Warning: PHYSX: ..\..\PhysX\src\NpScene.cpp (2946) 8 : PxScene::unlockWrite() called without matching call to PxScene::lockWrite(), behaviour will be undefined.
[2016.03.24-10.10.33:872][876]LogPhysics:Warning: PHYSX: ..\..\PhysX\src\NpScene.cpp (2946) 8 : PxScene::unlockWrite() called without matching call to PxScene::lockWrite(), behaviour will be undefined.
[2016.03.24-10.10.33:872][876]LogPhysics:Warning: PHYSX: ..\..\PhysX\src\NpScene.cpp (2946) 8 : PxScene::unlockWrite() called without matching call to PxScene::lockWrite(), behaviour will be undefined.
[2016.03.24-10.10.33:872][876]LogPhysics:Warning: PHYSX: ..\..\PhysX\src\NpScene.cpp (2946) 8 : PxScene::unlockWrite() called without matching call to PxScene::lockWrite(), behaviour will be undefined.
[2016.03.24-10.10.33:872][876]LogPhysics:Warning: PHYSX: ..\..\PhysX\src\NpScene.cpp (2946) 8 : PxScene::unlockWrite() called without matching call to PxScene::lockWrite(), behaviour will be undefined.
[2016.03.24-10.10.33:872][876]LogPhysics:Warning: PHYSX: ..\..\PhysX\src\NpScene.cpp (2946) 8 : PxScene::unlockWrite() called without matching call to PxScene::lockWrite(), behaviour will be undefined.
[2016.03.24-10.10.33:872][876]LogWindows: FPlatformMisc::RequestExit(1)
[2016.03.24-10.10.33:872][876]Log file closed, 03/24/16 12:10:33
