[2016.03.24-09.26.43:509][  0]Log file open, 03/24/16 11:26:43
[2016.03.24-09.26.43:509][  0]LogInit:Display: Running engine for game: Inno
[2016.03.24-09.26.43:509][  0]LogPlatformFile: Not using cached read wrapper
[2016.03.24-09.26.43:509][  0]LogInit:Display: RandInit(-16607404) SRandInit(-16607401).
[2016.03.24-09.26.43:509][  0]LogTaskGraph: Started task graph with 4 named threads and 5 total threads.
[2016.03.24-09.26.43:509][  0]LogStats: Stats thread started at 0.072799
[2016.03.24-09.26.43:509][  0]LogInit: Version: 4.10.4-2872498+++depot+UE4-Releases+4.10
[2016.03.24-09.26.43:510][  0]LogInit: API Version: 2758231
[2016.03.24-09.26.43:510][  0]LogInit: Compiled (64-bit): Feb 18 2016 15:47:04
[2016.03.24-09.26.43:510][  0]LogInit: Compiled with Visual C++: 19.00.23026.00
[2016.03.24-09.26.43:510][  0]LogInit: Build Configuration: Development
[2016.03.24-09.26.43:510][  0]LogInit: Branch Name: ++depot+UE4-Releases+4.10
[2016.03.24-09.26.43:510][  0]LogInit: Command line: -EpicPortal 
[2016.03.24-09.26.43:510][  0]LogInit: Base directory: C:/Program Files (x86)/Epic Games/4.10/Engine/Binaries/Win64/
[2016.03.24-09.26.43:510][  0]LogInit: Rocket: 1
[2016.03.24-09.26.43:523][  0]LogInit: Using libcurl 7.41.0
[2016.03.24-09.26.43:523][  0]LogInit:  - built for x86_64-pc-win32
[2016.03.24-09.26.43:523][  0]LogInit:  - supports SSL with WinSSL
[2016.03.24-09.26.43:523][  0]LogInit:  - other features:
[2016.03.24-09.26.43:523][  0]LogInit:      CURL_VERSION_SSL
[2016.03.24-09.26.43:523][  0]LogInit:      CURL_VERSION_IPV6
[2016.03.24-09.26.43:523][  0]LogInit:      CURL_VERSION_ASYNCHDNS
[2016.03.24-09.26.43:523][  0]LogInit:      CURL_VERSION_LARGEFILE
[2016.03.24-09.26.43:523][  0]LogInit:      CURL_VERSION_IDN
[2016.03.24-09.26.43:523][  0]LogInit:  CurlRequestOptions (configurable via config and command line):
[2016.03.24-09.26.43:523][  0]LogInit:  - bVerifyPeer = true  - Libcurl will verify peer certificate
[2016.03.24-09.26.43:523][  0]LogInit:  - bUseHttpProxy = false  - Libcurl will NOT use HTTP proxy
[2016.03.24-09.26.43:523][  0]LogInit:  - bDontReuseConnections = false  - Libcurl will reuse connections
[2016.03.24-09.26.43:523][  0]LogInit:  - CertBundlePath = nullptr  - Libcurl will use whatever was configured at build time.
[2016.03.24-09.26.43:534][  0]LogInit: Presizing for 0 objects not considered by GC, pre-allocating 0 bytes.
[2016.03.24-09.26.43:550][  0]LogInit: Object subsystem initialized
[2016.03.24-09.26.43:552][  0]LogInit: Selected Device Profile: [Windows]
[2016.03.24-09.26.43:552][  0]LogInit: Applying CVar settings loaded from the selected device profile: [Windows]
[2016.03.24-09.26.43:565][  0]LogInit: Computer: V-213-08
[2016.03.24-09.26.43:565][  0]LogInit: User: group4kevat
[2016.03.24-09.26.43:565][  0]LogInit: CPU Page size=4096, Cores=2
[2016.03.24-09.26.43:565][  0]LogInit: High frequency timer resolution =2.628320 MHz
[2016.03.24-09.26.43:565][  0]LogMemory: Memory total: Physical=15.9GB (16GB approx)
[2016.03.24-09.26.43:565][  0]LogMemory: Platform Memory Stats for Windows
[2016.03.24-09.26.43:565][  0]LogMemory: Process Physical Memory: 55.76 MB used, 55.76 MB peak
[2016.03.24-09.26.43:565][  0]LogMemory: Process Virtual Memory: 56.52 MB used, 56.52 MB peak
[2016.03.24-09.26.43:565][  0]LogMemory: Physical Memory: 3605.57 MB used, 16257.05 MB total
[2016.03.24-09.26.43:565][  0]LogMemory: Virtual Memory: 346.32 MB used, 8388608.00 MB total
[2016.03.24-09.26.43:627][  0]LogTextLocalizationManager: No translations for ('fi-FI') exist, falling back to 'en' for localization and internationalization data.
[2016.03.24-09.26.44:252][  0]LogD3D11RHI: Found D3D11 adapter 0: Intel(R) HD Graphics 4000 (Feature Level 11_0)
[2016.03.24-09.26.44:252][  0]LogD3D11RHI: Adapter has 64MB of dedicated video memory, 0MB of dedicated system memory, and 1632MB of shared system memory, 1 output[s]
[2016.03.24-09.26.44:252][  0]LogD3D11RHI: Chosen D3D11 Adapter Id = 0
[2016.03.24-09.26.44:257][  0]LogD3D11RHI: !Direct3DDevice
[2016.03.24-09.26.44:257][  0]LogRHI: Texture pool is 616 MB (70% of 880 MB)
[2016.03.24-09.26.44:261][  0]LogD3D11RHI: Async texture creation enabled
[2016.03.24-09.26.44:280][  0]LogShaderCompilers: Guid format shader working directory is -34 characters bigger than the processId version (../../../../../../Users/group4-kevat/Documents/Unreal Projects/Kokeilu/InnoGit/Inno/Intermediate/Shaders/WorkingDirectory/5432/).
[2016.03.24-09.26.44:280][  0]LogShaderCompilers: Cleaned the shader compiler working directory 'C:/Users/GROUP4~1/AppData/Local/Temp/UnrealShaderWorkingDir/AB9CE1284E8F77C718F971A1828839AC/'.
[2016.03.24-09.26.44:280][  0]LogShaderCompilers:Display: Using Local Shader Compiler.
[2016.03.24-09.26.45:374][  0]LogTemp:Display: Loaded TP AllDesktopTargetPlatform
[2016.03.24-09.26.45:378][  0]LogTemp:Display: Loaded TP WindowsClientTargetPlatform
[2016.03.24-09.26.45:383][  0]LogTemp:Display: Loaded TP WindowsNoEditorTargetPlatform
[2016.03.24-09.26.45:388][  0]LogTemp:Display: Loaded TP WindowsServerTargetPlatform
[2016.03.24-09.26.45:393][  0]LogTemp:Display: Loaded TP WindowsTargetPlatform
[2016.03.24-09.26.45:396][  0]LogTemp:Display: Loaded TP AndroidTargetPlatform
[2016.03.24-09.26.45:399][  0]LogTemp:Display: Loaded TP Android_ASTCTargetPlatform
[2016.03.24-09.26.45:402][  0]LogTemp:Display: Loaded TP Android_ATCTargetPlatform
[2016.03.24-09.26.45:405][  0]LogTemp:Display: Loaded TP Android_DXTTargetPlatform
[2016.03.24-09.26.45:408][  0]LogTemp:Display: Loaded TP Android_ETC1TargetPlatform
[2016.03.24-09.26.45:411][  0]LogTemp:Display: Loaded TP Android_ETC2TargetPlatform
[2016.03.24-09.26.45:417][  0]LogTemp:Display: Loaded TP Android_MultiTargetPlatform
[2016.03.24-09.26.45:417][  0]LogTemp:Display: Loaded TP Android_PVRTCTargetPlatform
[2016.03.24-09.26.45:418][  0]LogTemp:Display: Loaded TP HTML5TargetPlatform
[2016.03.24-09.26.45:434][  0]LogTemp:Display: Loaded TP IOSTargetPlatform
[2016.03.24-09.26.45:437][  0]LogTemp:Display: Loaded TP LinuxNoEditorTargetPlatform
[2016.03.24-09.26.45:440][  0]LogTemp:Display: Loaded TP LinuxServerTargetPlatform
[2016.03.24-09.26.45:443][  0]LogTemp:Display: Loaded TP LinuxTargetPlatform
[2016.03.24-09.26.45:443][  0]LogTargetPlatformManager:Display: Building Assets For Windows
[2016.03.24-09.26.45:531][  0]LogDerivedDataCache:Display: Max Cache Size: 512 MB
[2016.03.24-09.26.45:574][  0]LogDerivedDataCache: Loaded boot cache 0.04s 41MB C:/Users/group4-kevat/AppData/Local/UnrealEngine/4.10/DerivedDataCache/Boot.ddc.
[2016.03.24-09.26.45:575][  0]LogDerivedDataCache:Display: Loaded Boot cache: C:/Users/group4-kevat/AppData/Local/UnrealEngine/4.10/DerivedDataCache/Boot.ddc
[2016.03.24-09.26.45:575][  0]LogDerivedDataCache: FDerivedDataBackendGraph:  Pak pak cache file ../../../../../../Users/group4-kevat/Documents/Unreal Projects/Kokeilu/InnoGit/Inno/DerivedDataCache/DDC.ddp not found, will not use a pak cache.
[2016.03.24-09.26.45:575][  0]LogDerivedDataCache: Unable to find inner node Pak for hierarchical cache Hierarchy.
[2016.03.24-09.26.45:575][  0]LogDerivedDataCache: FDerivedDataBackendGraph:  CompressedPak pak cache file ../../../../../../Users/group4-kevat/Documents/Unreal Projects/Kokeilu/InnoGit/Inno/DerivedDataCache/Compressed.ddp not found, will not use a pak cache.
[2016.03.24-09.26.45:575][  0]LogDerivedDataCache: Unable to find inner node CompressedPak for hierarchical cache Hierarchy.
[2016.03.24-09.26.45:635][  0]LogDerivedDataCache:Display: Pak cache opened for reading ../../../Engine/DerivedDataCache/Compressed.ddp.
[2016.03.24-09.26.45:646][  0]LogDerivedDataCache: Using Local data cache path C:/Users/group4-kevat/AppData/Local/UnrealEngine/Common/DerivedDataCache: Writable
[2016.03.24-09.26.45:834][  0]LogInit: Selected Device Profile: [Windows]
[2016.03.24-09.26.45:834][  0]LogContentStreaming: Texture pool size is 0.000000MB
[2016.03.24-09.26.45:880][  0]LogMeshUtilities: No automatic mesh reduction module available
[2016.03.24-09.26.45:880][  0]LogMeshUtilities: No automatic mesh merging module available
[2016.03.24-09.26.46:296][  0]LogInit: WinSock: version 1.1 (2.2), MaxSocks=32767, MaxUdp=65467
[2016.03.24-09.26.47:028][  0]UdpMessaging: Initializing bridge on interface 0.0.0.0:0 to multicast group 230.0.0.1:6666.
[2016.03.24-09.26.47:161][  0]LogAssetRegistry: FAssetRegistry took 0.0106 seconds to start up
[2016.03.24-09.26.47:362][  0]SourceControl: Info Source control is disabled
[2016.03.24-09.26.47:380][  0]SourceControl: Info Source control is disabled
[2016.03.24-09.26.47:397][  0]SourceControl: Info Source control is disabled
[2016.03.24-09.26.47:413][  0]SourceControl: Info Source control is disabled
[2016.03.24-09.26.47:727][  0]LogFileManager:Warning: DeleteFile was unable to delete '../../../../../../Users/group4-kevat/Documents/Unreal Projects/Kokeilu/InnoGit/Inno/Intermediate/CachedAssetRegistry.bin', retrying in .5s...
[2016.03.24-09.26.47:727][  0]LogObj: 28633 objects as part of root set at end of initial load.
[2016.03.24-09.26.47:727][  0]LogUObjectAllocator: 6099744 out of 0 bytes used by permanent object pool.
[2016.03.24-09.26.47:786][  0]LogEngine: Initializing Engine...
[2016.03.24-09.26.47:788][  0]LogHMD: Can't find Oculus library dev build: is proper Runtime installed? Version: 0.8.0.0
[2016.03.24-09.26.47:789][  0]LogHMD: SteamVR failed to initialize.  Err: 110
[2016.03.24-09.26.47:926][  0]LogAIModule: Creating AISystem for world NewWorld
[2016.03.24-09.26.47:930][  0]LogInit: XAudio2 using 'Speakers / Headphones (IDT High Definition Audio CODEC)' : 2 channels at 48 kHz using 16 bits per sample (channel mask 0x3)
[2016.03.24-09.26.47:950][  0]LogInit: FAudioDevice initialized.
[2016.03.24-09.26.47:972][  0]LogDerivedDataCache: Saved boot cache 0.02s 41MB C:/Users/group4-kevat/AppData/Local/UnrealEngine/4.10/DerivedDataCache/Boot.ddc.
[2016.03.24-09.26.47:976][  0]LogInit: Texture streaming: Enabled
[2016.03.24-09.26.47:982][  0]LogAnalytics: Creating configured Analytics provider AnalyticsET
[2016.03.24-09.26.47:982][  0]LogAnalytics: [UEEditor.Rocket.Release] APIServer = http://et2.epicgames.com/ET2/. AppVersion = 4.10.4-2872498+++depot+UE4-Releases+4.10
[2016.03.24-09.26.47:982][  0]LogAnalytics: [UEEditor.Rocket.Release] SetUserId 22b1a91b46ea4b27e6962492fe5d1438|4ce87246e8b44f34a4431ffaf7795bfc|cb64847f-68f7-44b3-89eb-ff1c848eec44
[2016.03.24-09.26.47:982][  0]LogAnalytics: [UEEditor.Rocket.Release] AnalyticsET::StartSession
[2016.03.24-09.26.47:990][  0]LogInit: Transaction tracking system initialized
[2016.03.24-09.26.48:024][  0]BlueprintLog: New page: Editor Load
[2016.03.24-09.26.48:113][  0]LocalizationService: Info Localization service is disabled
[2016.03.24-09.26.48:195][  0]LogFileManager:Warning: DeleteFile recovered during retry!
[2016.03.24-09.26.48:195][  0]LogLinker:Warning: Can't find file '/Game/SideScrollerBP/SideScrollerOverview'
[2016.03.24-09.26.48:195][  0]LogLinker:Warning: Can't find file '/Game/SideScrollerBP/SideScrollerOverview'
[2016.03.24-09.26.48:195][  0]LogUObjectGlobals:Warning: Failed to find object 'Class /Game/SideScrollerBP/SideScrollerOverview.SideScrollerOverview_C'
[2016.03.24-09.26.48:429][  0]LogConsoleResponse:Display: 
[2016.03.24-09.26.48:666][  0]LogCook:Display: Done creating registry. It took  0.00s.
[2016.03.24-09.26.48:759][  0]LogFileCache: Scanning file cache for directory 'C:/Users/group4-kevat/Documents/Unreal Projects/Kokeilu/InnoGit/Inno/Content/' took 0.03s
[2016.03.24-09.26.48:759][  0]SourceControl: Info Source control is disabled
[2016.03.24-09.26.48:759][  0]Cmd: MAP LOAD FILE="../../../../../../Users/group4-kevat/Documents/Unreal Projects/Kokeilu/InnoGit/Inno/Content/FirstPersonBP/Maps/FirstPersonExampleMap.umap" TEMPLATE=0 SHOWPROGRESS=1 FEATURELEVEL=3
[2016.03.24-09.26.48:760][  0]LightingResults: New page: Lighting Build
[2016.03.24-09.26.48:764][  0]MapCheck: New page: Map Check
[2016.03.24-09.26.48:764][  0]LightingResults: New page: Lighting Build
[2016.03.24-09.26.48:800][  0]LogParticles: Destroying 0 GPU particle simulations for FXSystem 0x0000000023226AC0
[2016.03.24-09.26.48:967][  0]LogLinker:Warning: Asset '../../../../../../Users/group4-kevat/Documents/Unreal Projects/Kokeilu/InnoGit/Inno/Content/FirstPerson/Meshes/FirstPersonProjectileMesh.uasset' has been saved with empty engine version. The asset will be loaded but may be incompatible.
[2016.03.24-09.26.49:669][  0]LogAIModule: Creating AISystem for world FirstPersonExampleMap
[2016.03.24-09.26.49:682][  0]LogEditorServer: Finished looking for orphan Actors (0.000 secs)
[2016.03.24-09.26.49:682][  0]Cmd: MAP CHECKDEP NOCLEARLOG
[2016.03.24-09.26.49:767][  0]MapCheck: Info Map check complete: 0 Error(s), 0 Warning(s), took 84.492ms to complete.
[2016.03.24-09.26.49:767][  0]LogFileHelpers: Loading map 'FirstPersonExampleMap' took 1.008
[2016.03.24-09.26.49:909][  0]LogCollectionManager: Loaded 0 collections in 0.002604 seconds
[2016.03.24-09.26.49:947][  0]LogFileCache: Scanning file cache for directory 'C:/Users/group4-kevat/Documents/Unreal Projects/Kokeilu/InnoGit/Inno/Saved/Collections/' took 0.01s
[2016.03.24-09.26.49:947][  0]LogFileCache: Scanning file cache for directory 'C:/Users/group4-kevat/Documents/Unreal Projects/Kokeilu/InnoGit/Inno/Content/Developers/group4kevat/Collections/' took 0.01s
[2016.03.24-09.26.49:947][  0]LogFileCache: Scanning file cache for directory 'C:/Users/group4-kevat/Documents/Unreal Projects/Kokeilu/InnoGit/Inno/Content/Collections/' took 0.01s
[2016.03.24-09.26.49:947][  0]LogCollectionManager: Rebuilt the GUID cache for 0 collections in 0.000002 seconds
[2016.03.24-09.26.49:961][  0]LogContentBrowser: Native class hierarchy populated in 0.0139 seconds. Added 1893 classes and 338 folders.
[2016.03.24-09.26.49:970][  0]LogContentBrowser: Native class hierarchy updated for 'WidgetCarousel' in 0.0003 seconds. Added 0 classes and 0 folders.
[2016.03.24-09.26.50:029][  0]LogContentBrowser: Native class hierarchy updated for 'AddContentDialog' in 0.0004 seconds. Added 0 classes and 0 folders.
[2016.03.24-09.26.50:034][  0]LogContentBrowser: Native class hierarchy updated for 'SceneOutliner' in 0.0006 seconds. Added 1 classes and 2 folders.
[2016.03.24-09.26.50:107][  0]LogCrashTracker: Crashtracker disabled due to settings.
[2016.03.24-09.26.50:111][  0]LogUObjectGlobals:Warning: Failed to find object 'Class None.'
[2016.03.24-09.26.50:132][  0]LogLoad: Full Startup: 7.13 seconds (BP compile: 0.14 seconds)
[2016.03.24-09.26.50:155][  0]LogOcInput: Can't find Oculus library dev build: is proper Runtime installed? Version: 0.8.0.0
[2016.03.24-09.26.50:231][  0]LogContentStreaming: Texture pool size now 200 MB
[2016.03.24-09.26.50:399][  0]LogRenderer: Reallocating scene render targets to support 1104x568 (Frame:2).
[2016.03.24-09.26.51:627][  5]LogAssetRegistry: Asset discovery search completed in 4.4768 seconds
[2016.03.24-09.26.51:627][  5]LogCollectionManager: Rebuilt the object cache for 0 collections in 0.000001 seconds (found 0 objects)
[2016.03.24-09.26.51:627][  5]LogCollectionManager: Fixed up redirectors for 0 collections in 0.000029 seconds (updated 0 objects)
[2016.03.24-09.27.44:159][208]AssetReimport: New page: Outstanding source content changes 1:27:44 PM
[2016.03.24-09.28.26:967][646]Cmd: OBJ SAVEPACKAGE PACKAGE="/Game/Movies/simulation_video" FILE="../../../../../../Users/group4-kevat/Documents/Unreal Projects/Kokeilu/InnoGit/Inno/Content/Movies/simulation_video.uasset" SILENT=true
[2016.03.24-09.28.26:976][646]LogSavePackage: Save=1.734949ms
[2016.03.24-09.28.26:976][646]LogSavePackage: Moving '../../../../../../Users/group4-kevat/Documents/Unreal Projects/Kokeilu/InnoGit/Inno/Saved/simulation_videoFC69B9454C6806168C9C9FB2A50668A3.tmp' to '../../../../../../Users/group4-kevat/Documents/Unreal Projects/Kokeilu/InnoGit/Inno/Content/Movies/simulation_video.uasset'
[2016.03.24-09.28.26:980][646]LogSavePackage: Total save time: 11.726122ms
[2016.03.24-09.28.26:980][646]LogSavePackage:Display: Finished SavePackage ../../../../../../Users/group4-kevat/Documents/Unreal Projects/Kokeilu/InnoGit/Inno/Content/Movies/simulation_video.uasset
[2016.03.24-09.28.31:723][749]LogSavePackage: Save=124.075836ms
[2016.03.24-09.28.31:723][749]LogSavePackage: Moving '../../../../../../Users/group4-kevat/Documents/Unreal Projects/Kokeilu/InnoGit/Inno/Saved/FirstPersonExampleMap0CEEFB9747D856F1F0684B8427A5E08F.tmp' to '../../../../../../Users/group4-kevat/Documents/Unreal Projects/Kokeilu/InnoGit/Inno/Content/FirstPersonBP/Maps/FirstPersonExampleMap.umap'
[2016.03.24-09.28.31:749][749]LogSavePackage: Total save time: 154.096153ms
[2016.03.24-09.28.31:749][749]LogSavePackage:Display: Finished SavePackage ../../../../../../Users/group4-kevat/Documents/Unreal Projects/Kokeilu/InnoGit/Inno/Content/FirstPersonBP/Maps/FirstPersonExampleMap.umap
[2016.03.24-09.41.45:167][229]LogEditorViewport: Clicking on Actor (LMB): kerrostalo_Blueprint_C (kerrostalo_Blueprint)
[2016.03.24-09.41.53:955][430]LogEditorViewport: Clicking on Actor (LMB): kerrostalo_Blueprint_C (kerrostalo_Blueprint)
[2016.03.24-09.41.55:835][468]LogSavePackage: Save=114.403877ms
[2016.03.24-09.41.55:835][468]LogSavePackage: Moving '../../../../../../Users/group4-kevat/Documents/Unreal Projects/Kokeilu/InnoGit/Inno/Saved/FirstPersonExampleMapB2969D61461D193506E163AF070AECF2.tmp' to '../../../../../../Users/group4-kevat/Documents/Unreal Projects/Kokeilu/InnoGit/Inno/Content/FirstPersonBP/Maps/FirstPersonExampleMap.umap'
[2016.03.24-09.41.55:862][468]LogSavePackage: Total save time: 155.966550ms
[2016.03.24-09.41.55:862][468]LogSavePackage:Display: Finished SavePackage ../../../../../../Users/group4-kevat/Documents/Unreal Projects/Kokeilu/InnoGit/Inno/Content/FirstPersonBP/Maps/FirstPersonExampleMap.umap
[2016.03.24-09.42.09:599][791]LogLinker:Warning: Asset '../../../Engine/Content/ArtTools/RenderToTexture/Macros/RenderToTextureMacros.uasset' has been saved with empty engine version. The asset will be loaded but may be incompatible.
[2016.03.24-09.42.10:104][791]LogContentBrowser: Native class hierarchy updated for 'BlueprintGraph' in 0.0008 seconds. Added 107 classes and 0 folders.
[2016.03.24-09.42.59:769][327]LogParticles: Destroying 0 GPU particle simulations for FXSystem 0x00000000201A8720
[2016.03.24-09.42.59:892][327]LogSavePackage: Save=113.434814ms
[2016.03.24-09.42.59:892][327]LogSavePackage: Moving '../../../../../../Users/group4-kevat/Documents/Unreal Projects/Kokeilu/InnoGit/Inno/Saved/FirstPersonExampleMap70103E13452CFE93B1D045921A026493.tmp' to '../../../../../../Users/group4-kevat/Documents/Unreal Projects/Kokeilu/InnoGit/Inno/Content/FirstPersonBP/Maps/FirstPersonExampleMap.umap'
[2016.03.24-09.42.59:917][327]LogSavePackage: Total save time: 140.751507ms
[2016.03.24-09.42.59:917][327]LogSavePackage:Display: Finished SavePackage ../../../../../../Users/group4-kevat/Documents/Unreal Projects/Kokeilu/InnoGit/Inno/Content/FirstPersonBP/Maps/FirstPersonExampleMap.umap
[2016.03.24-09.43.00:868][350]LogEditorViewport: Clicking on Actor (LMB): kerrostalo_Blueprint_C (kerrostalo_Blueprint)
[2016.03.24-09.43.01:616][366]LogEditorViewport: Clicking on Actor (LMB): BP_Sky_Sphere_C (SkySphereBlueprint)
[2016.03.24-09.43.02:547][388]LogEditorViewport: Clicking on Actor (LMB): BP_Sky_Sphere_C (SkySphereBlueprint)
[2016.03.24-09.43.04:818][442]LogBlueprintUserMessages: Early PlayInEditor Detection: Level '/Game/FirstPersonBP/Maps/FirstPersonExampleMap.FirstPersonExampleMap:PersistentLevel' has LevelScriptBlueprint '/Game/FirstPersonBP/Maps/FirstPersonExampleMap.FirstPersonExampleMap:PersistentLevel.FirstPersonExampleMap' with GeneratedClass '/Game/FirstPersonBP/Maps/FirstPersonExampleMap.FirstPersonExampleMap_C' with ClassGeneratedBy '/Game/FirstPersonBP/Maps/FirstPersonExampleMap.FirstPersonExampleMap:PersistentLevel.FirstPersonExampleMap'
[2016.03.24-09.43.04:818][442]LogPlayLevel: PlayLevel: No blueprints needed recompiling
[2016.03.24-09.43.04:818][442]PIE: New page: PIE session: FirstPersonExampleMap (Mar 24, 2016, 1:43:04 PM)
[2016.03.24-09.43.04:818][442]LogPlayLevel: Creating play world package: /Game/FirstPersonBP/Maps/UEDPIE_0_FirstPersonExampleMap
[2016.03.24-09.43.04:848][442]LogPlayLevel: PIE: StaticDuplicateObject took: (0.030141s)
[2016.03.24-09.43.04:850][442]LogAIModule: Creating AISystem for world FirstPersonExampleMap
[2016.03.24-09.43.04:851][442]LogPlayLevel: PIE: World Init took: (0.001851s)
[2016.03.24-09.43.04:851][442]LogPlayLevel: PIE: Created PIE world by copying editor world from /Game/FirstPersonBP/Maps/FirstPersonExampleMap.FirstPersonExampleMap to /Game/FirstPersonBP/Maps/UEDPIE_0_FirstPersonExampleMap.FirstPersonExampleMap (0.032781s)
[2016.03.24-09.43.04:905][442]LogInit: XAudio2 using 'Speakers / Headphones (IDT High Definition Audio CODEC)' : 2 channels at 48 kHz using 16 bits per sample (channel mask 0x3)
[2016.03.24-09.43.04:910][442]LogInit: FAudioDevice initialized.
[2016.03.24-09.43.04:958][442]LogLinker:Warning: Asset '../../../../../../Users/group4-kevat/Documents/Unreal Projects/Kokeilu/InnoGit/Inno/Content/FirstPersonBP/Blueprints/FirstPersonHUD.uasset' has been saved with empty engine version. The asset will be loaded but may be incompatible.
[2016.03.24-09.43.04:985][442]LogWorld: Game class is 'FirstPersonGameMode_C'
[2016.03.24-09.43.04:988][442]LogWorld: Bringing World /Game/FirstPersonBP/Maps/UEDPIE_0_FirstPersonExampleMap.FirstPersonExampleMap up for play (max tick rate 60) at 2016.03.24-11.43.04
[2016.03.24-09.43.04:988][442]LogActor:Warning: GameSession /Game/FirstPersonBP/Maps/UEDPIE_0_FirstPersonExampleMap.FirstPersonExampleMap:PersistentLevel.GameSession_0 has natively added scene component(s), but none of them were set as the actor's RootComponent - picking one arbitrarily
[2016.03.24-09.43.04:989][442]LogActor:Warning: GameNetworkManager /Game/FirstPersonBP/Maps/UEDPIE_0_FirstPersonExampleMap.FirstPersonExampleMap:PersistentLevel.GameNetworkManager_0 has natively added scene component(s), but none of them were set as the actor's RootComponent - picking one arbitrarily
[2016.03.24-09.43.04:989][442]LogWorld: Bringing up level for play took: 0.003220
[2016.03.24-09.43.04:990][442]PIE: Info Play in editor start time for /Game/FirstPersonBP/Maps/UEDPIE_0_FirstPersonExampleMap -0.32
[2016.03.24-09.43.04:990][442]LogBlueprintUserMessages: Late PlayInEditor Detection: Level '/Game/FirstPersonBP/Maps/FirstPersonExampleMap.FirstPersonExampleMap:PersistentLevel' has LevelScriptBlueprint '/Game/FirstPersonBP/Maps/FirstPersonExampleMap.FirstPersonExampleMap:PersistentLevel.FirstPersonExampleMap' with GeneratedClass '/Game/FirstPersonBP/Maps/FirstPersonExampleMap.FirstPersonExampleMap_C' with ClassGeneratedBy '/Game/FirstPersonBP/Maps/FirstPersonExampleMap.FirstPersonExampleMap:PersistentLevel.FirstPersonExampleMap'
[2016.03.24-09.43.11:883][774]LogBlueprintUserMessages: Early EndPlayMap Detection: Level '/Game/FirstPersonBP/Maps/FirstPersonExampleMap.FirstPersonExampleMap:PersistentLevel' has LevelScriptBlueprint '/Game/FirstPersonBP/Maps/FirstPersonExampleMap.FirstPersonExampleMap:PersistentLevel.FirstPersonExampleMap' with GeneratedClass '/Game/FirstPersonBP/Maps/FirstPersonExampleMap.FirstPersonExampleMap_C' with ClassGeneratedBy '/Game/FirstPersonBP/Maps/FirstPersonExampleMap.FirstPersonExampleMap:PersistentLevel.FirstPersonExampleMap'
[2016.03.24-09.43.11:937][774]LogBlueprintUserMessages: Late EndPlayMap Detection: Level '/Game/FirstPersonBP/Maps/FirstPersonExampleMap.FirstPersonExampleMap:PersistentLevel' has LevelScriptBlueprint '/Game/FirstPersonBP/Maps/FirstPersonExampleMap.FirstPersonExampleMap:PersistentLevel.FirstPersonExampleMap' with GeneratedClass '/Game/FirstPersonBP/Maps/FirstPersonExampleMap.FirstPersonExampleMap_C' with ClassGeneratedBy '/Game/FirstPersonBP/Maps/FirstPersonExampleMap.FirstPersonExampleMap:PersistentLevel.FirstPersonExampleMap'
[2016.03.24-09.43.12:025][775]LogParticles: Destroying 0 GPU particle simulations for FXSystem 0x000000000F59BA60
[2016.03.24-09.43.15:978][874]LogSavePackage: Save=117.741753ms
[2016.03.24-09.43.15:978][874]LogSavePackage: Moving '../../../../../../Users/group4-kevat/Documents/Unreal Projects/Kokeilu/InnoGit/Inno/Saved/FirstPersonExampleMap8DDDF7A74D2238B4890D829330DA76E8.tmp' to '../../../../../../Users/group4-kevat/Documents/Unreal Projects/Kokeilu/InnoGit/Inno/Content/FirstPersonBP/Maps/FirstPersonExampleMap.umap'
[2016.03.24-09.43.16:003][874]LogSavePackage: Total save time: 145.869225ms
[2016.03.24-09.43.16:003][874]LogSavePackage:Display: Finished SavePackage ../../../../../../Users/group4-kevat/Documents/Unreal Projects/Kokeilu/InnoGit/Inno/Content/FirstPersonBP/Maps/FirstPersonExampleMap.umap
[2016.03.24-09.43.52:072][ 72]LogEditorViewport: Clicking on Actor (LMB): BP_Sky_Sphere_C (SkySphereBlueprint)
[2016.03.24-09.49.10:982][388]LogSavePackage: Save=123.874184ms
[2016.03.24-09.49.10:982][388]LogSavePackage: Moving '../../../../../../Users/group4-kevat/Documents/Unreal Projects/Kokeilu/InnoGit/Inno/Saved/FirstPersonExampleMap870559F94FD9C5B43651E097D21E1EDF.tmp' to '../../../../../../Users/group4-kevat/Documents/Unreal Projects/Kokeilu/InnoGit/Inno/Content/FirstPersonBP/Maps/FirstPersonExampleMap.umap'
[2016.03.24-09.49.10:989][388]LogSavePackage: Total save time: 144.258689ms
[2016.03.24-09.49.10:989][388]LogSavePackage:Display: Finished SavePackage ../../../../../../Users/group4-kevat/Documents/Unreal Projects/Kokeilu/InnoGit/Inno/Content/FirstPersonBP/Maps/FirstPersonExampleMap.umap
[2016.03.24-09.49.21:045][625]LogSavePackage: Save=104.975418ms
[2016.03.24-09.49.21:045][625]LogSavePackage: Moving '../../../../../../Users/group4-kevat/Documents/Unreal Projects/Kokeilu/InnoGit/Inno/Saved/FirstPersonExampleMap99F2F8A4458EE99F0B6C8A9A806EA961.tmp' to '../../../../../../Users/group4-kevat/Documents/Unreal Projects/Kokeilu/InnoGit/Inno/Content/FirstPersonBP/Maps/FirstPersonExampleMap.umap'
[2016.03.24-09.49.21:073][625]LogSavePackage: Total save time: 135.889083ms
[2016.03.24-09.49.21:073][625]LogSavePackage:Display: Finished SavePackage ../../../../../../Users/group4-kevat/Documents/Unreal Projects/Kokeilu/InnoGit/Inno/Content/FirstPersonBP/Maps/FirstPersonExampleMap.umap
[2016.03.24-09.50.32:530][131]LogSavePackage: Save=120.785522ms
[2016.03.24-09.50.32:530][131]LogSavePackage: Moving '../../../../../../Users/group4-kevat/Documents/Unreal Projects/Kokeilu/InnoGit/Inno/Saved/FirstPersonExampleMapF40BBDD7464DC804C59C94B5969FAFC5.tmp' to '../../../../../../Users/group4-kevat/Documents/Unreal Projects/Kokeilu/InnoGit/Inno/Content/FirstPersonBP/Maps/FirstPersonExampleMap.umap'
[2016.03.24-09.50.32:536][131]LogSavePackage: Total save time: 129.063051ms
[2016.03.24-09.50.32:536][131]LogSavePackage:Display: Finished SavePackage ../../../../../../Users/group4-kevat/Documents/Unreal Projects/Kokeilu/InnoGit/Inno/Content/FirstPersonBP/Maps/FirstPersonExampleMap.umap
[2016.03.24-09.51.13:582][615]LogSavePackage: Save=115.485558ms
[2016.03.24-09.51.13:582][615]LogSavePackage: Moving '../../../../../../Users/group4-kevat/Documents/Unreal Projects/Kokeilu/InnoGit/Inno/Saved/FirstPersonExampleMap5186A97C406ACE441F6CE5BCB8562410.tmp' to '../../../../../../Users/group4-kevat/Documents/Unreal Projects/Kokeilu/InnoGit/Inno/Content/FirstPersonBP/Maps/FirstPersonExampleMap.umap'
[2016.03.24-09.51.13:609][615]LogSavePackage: Total save time: 144.345816ms
[2016.03.24-09.51.13:609][615]LogSavePackage:Display: Finished SavePackage ../../../../../../Users/group4-kevat/Documents/Unreal Projects/Kokeilu/InnoGit/Inno/Content/FirstPersonBP/Maps/FirstPersonExampleMap.umap
[2016.03.24-09.51.19:837][863]LogEditorViewport: Clicking on Actor (LMB): kerrostalo_Blueprint_C (kerrostalo_Blueprint)
[2016.03.24-09.51.20:574][888]LogEditorViewport: Clicking on Actor (LMB): TriggerBox (TriggerBox)
[2016.03.24-09.52.22:554][278]LogRenderer: Reallocating scene render targets to support 1104x880 (Frame:16623).
[2016.03.24-09.56.06:229][866]LogContentBrowser: Native class hierarchy updated for 'TextureEditor' in 0.0005 seconds. Added 1 classes and 2 folders.
[2016.03.24-09.56.26:073][371]LogMaterial: Missing cached shader map for material simulation_video_Tex_Mat, compiling. 
[2016.03.24-09.56.26:173][371]LogMaterial: Missing cached shader map for material simulation_video_Tex_Mat, compiling. 
[2016.03.24-09.56.26:178][371]LogMaterial: 0.000039 seconds spent updating 1 materials, 1 interfaces, 0 instances, 0 with static permutations.
[2016.03.24-09.56.26:206][371]LogMaterial: Missing cached shader map for material FMatExpressionPreview MaterialExpressionTextureSample_0, compiling. 
[2016.03.24-09.56.29:619][444]MaterialEditorStats: Info Base pass shader with only dynamic lighting: 32 instructions
[2016.03.24-09.56.29:620][444]MaterialEditorStats: Info Vertex shader: 33 instructions
[2016.03.24-09.56.29:620][444]MaterialEditorStats: Info Texture samplers: 1/16
[2016.03.24-09.58.42:957][347]LogSavePackage: Save=16.396406ms
[2016.03.24-09.58.42:957][347]LogSavePackage: Moving '../../../../../../Users/group4-kevat/Documents/Unreal Projects/Kokeilu/InnoGit/Inno/Saved/PlayBox_Blueprint67C9CA4347086E148E4E37A193B190EC.tmp' to '../../../../../../Users/group4-kevat/Documents/Unreal Projects/Kokeilu/InnoGit/Inno/Content/StarterContent/Blueprints/PlayBox_Blueprint.uasset'
[2016.03.24-09.58.42:962][347]LogSavePackage: Total save time: 21.214694ms
[2016.03.24-09.58.42:962][347]LogSavePackage:Display: Finished SavePackage ../../../../../../Users/group4-kevat/Documents/Unreal Projects/Kokeilu/InnoGit/Inno/Content/StarterContent/Blueprints/PlayBox_Blueprint.uasset
[2016.03.24-10.06.34:559][281]LogParticles: Destroying 0 GPU particle simulations for FXSystem 0x00000000390ADD00
[2016.03.24-10.06.34:561][281]LogParticles: Destroying 0 GPU particle simulations for FXSystem 0x00000000388F5DA0
[2016.03.24-10.06.34:594][281]LogParticles: Destroying 0 GPU particle simulations for FXSystem 0x000000003893D1C0
[2016.03.24-10.06.34:723][281]LogSavePackage: Save=128.764755ms
[2016.03.24-10.06.34:723][281]LogSavePackage: Moving '../../../../../../Users/group4-kevat/Documents/Unreal Projects/Kokeilu/InnoGit/Inno/Saved/FirstPersonExampleMap_Auto1AB8FD8D54FB1D5AB1F8251A4047542B7.tmp' to '../../../../../../Users/group4-kevat/Documents/Unreal Projects/Kokeilu/InnoGit/Inno/Saved/Autosaves/Game/FirstPersonBP/Maps/FirstPersonExampleMap_Auto1.umap'
[2016.03.24-10.06.34:757][281]LogSavePackage: Total save time: 179.757413ms
[2016.03.24-10.06.34:757][281]LogSavePackage:Display: Finished SavePackage ../../../../../../Users/group4-kevat/Documents/Unreal Projects/Kokeilu/InnoGit/Inno/Saved/Autosaves/Game/FirstPersonBP/Maps/FirstPersonExampleMap_Auto1.umap
[2016.03.24-10.06.34:759][281]LogFileHelpers: Editor autosave (incl. sublevels) for '/Game/FirstPersonBP/Maps/FirstPersonExampleMap' took 0.245
[2016.03.24-10.06.34:759][281]LogFileHelpers: Editor autosave (incl. sublevels) for all levels took 0.245
[2016.03.24-10.06.34:766][281]OBJ SavePackage: Generating thumbnails for [0] asset(s) in package [/Game/StarterContent/Blueprints/PlayBox_Blueprint] ([1] browsable assets)...
[2016.03.24-10.06.34:766][281]OBJ SavePackage: Finished generating thumbnails for package [/Game/StarterContent/Blueprints/PlayBox_Blueprint]
[2016.03.24-10.06.34:796][281]LogSavePackage: Save=19.333643ms
[2016.03.24-10.06.34:796][281]LogSavePackage: Moving '../../../../../../Users/group4-kevat/Documents/Unreal Projects/Kokeilu/InnoGit/Inno/Saved/PlayBox_Blueprint_Auto1D2F920144443442C6A3B3B864CF86020.tmp' to '../../../../../../Users/group4-kevat/Documents/Unreal Projects/Kokeilu/InnoGit/Inno/Saved/Autosaves/Game/StarterContent/Blueprints/PlayBox_Blueprint_Auto1.uasset'
[2016.03.24-10.06.34:799][281]LogSavePackage: Total save time: 30.237187ms
[2016.03.24-10.06.34:799][281]LogSavePackage:Display: Finished SavePackage ../../../../../../Users/group4-kevat/Documents/Unreal Projects/Kokeilu/InnoGit/Inno/Saved/Autosaves/Game/StarterContent/Blueprints/PlayBox_Blueprint_Auto1.uasset
[2016.03.24-10.06.34:799][281]LogFileHelpers: Auto-saving content packages took 0.038
[2016.03.24-10.09.43:579][252]LogWindows:Error: Windows GetLastError: The operation completed successfully. (0)
[2016.03.24-10.09.43:904][252]LogCrashTracker: 


[2016.03.24-10.09.43:904][252]LogCrashTracker: 


[2016.03.24-10.09.43:904][252]LogWindows:Error: === Critical error: ===
Assertion failed: HostWindow.IsValid() [File:D:\BuildFarm\buildmachine_++depot+UE4-Releases+4.10\Engine\Source\Runtime\Slate\Private\Framework\Application\MenuStack.cpp] [Line: 189] 





[2016.03.24-10.09.43:990][252]LogExit: Executing StaticShutdownAfterError
[2016.03.24-10.09.43:996][252]LogPhysics:Warning: PHYSX: ..\..\PhysX\src\NpScene.cpp (2946) 8 : PxScene::unlockWrite() called without matching call to PxScene::lockWrite(), behaviour will be undefined.
[2016.03.24-10.09.43:996][252]LogPhysics:Warning: PHYSX: ..\..\PhysX\src\NpScene.cpp (2946) 8 : PxScene::unlockWrite() called without matching call to PxScene::lockWrite(), behaviour will be undefined.
[2016.03.24-10.09.43:996][252]LogPhysics:Warning: PHYSX: ..\..\PhysX\src\NpScene.cpp (2946) 8 : PxScene::unlockWrite() called without matching call to PxScene::lockWrite(), behaviour will be undefined.
[2016.03.24-10.09.43:996][252]LogPhysics:Warning: PHYSX: ..\..\PhysX\src\NpScene.cpp (2946) 8 : PxScene::unlockWrite() called without matching call to PxScene::lockWrite(), behaviour will be undefined.
[2016.03.24-10.09.43:996][252]LogPhysics:Warning: PHYSX: ..\..\PhysX\src\NpScene.cpp (2946) 8 : PxScene::unlockWrite() called without matching call to PxScene::lockWrite(), behaviour will be undefined.
[2016.03.24-10.09.43:997][252]LogPhysics:Warning: PHYSX: ..\..\PhysX\src\NpScene.cpp (2946) 8 : PxScene::unlockWrite() called without matching call to PxScene::lockWrite(), behaviour will be undefined.
[2016.03.24-10.09.43:997][252]LogWindows: FPlatformMisc::RequestExit(1)
[2016.03.24-10.09.43:997][252]Log file closed, 03/24/16 12:09:43
