[2016.03.23-11.57.21:460][  0]Log file open, 03/23/16 13:57:21
[2016.03.23-11.57.21:460][  0]LogInit:Display: Running engine for game: Inno
[2016.03.23-11.57.21:460][  0]LogPlatformFile: Not using cached read wrapper
[2016.03.23-11.57.21:461][  0]LogInit:Display: RandInit(910521750) SRandInit(910521751).
[2016.03.23-11.57.21:461][  0]LogTaskGraph: Started task graph with 4 named threads and 5 total threads.
[2016.03.23-11.57.21:461][  0]LogStats: Stats thread started at 0.058752
[2016.03.23-11.57.21:461][  0]LogInit: Version: 4.10.4-2872498+++depot+UE4-Releases+4.10
[2016.03.23-11.57.21:461][  0]LogInit: API Version: 2758231
[2016.03.23-11.57.21:461][  0]LogInit: Compiled (64-bit): Feb 18 2016 15:47:04
[2016.03.23-11.57.21:461][  0]LogInit: Compiled with Visual C++: 19.00.23026.00
[2016.03.23-11.57.21:461][  0]LogInit: Build Configuration: Development
[2016.03.23-11.57.21:461][  0]LogInit: Branch Name: ++depot+UE4-Releases+4.10
[2016.03.23-11.57.21:461][  0]LogInit: Command line: -EpicPortal 
[2016.03.23-11.57.21:461][  0]LogInit: Base directory: C:/Program Files (x86)/Epic Games/4.10/Engine/Binaries/Win64/
[2016.03.23-11.57.21:461][  0]LogInit: Rocket: 1
[2016.03.23-11.57.21:470][  0]LogInit: Using libcurl 7.41.0
[2016.03.23-11.57.21:470][  0]LogInit:  - built for x86_64-pc-win32
[2016.03.23-11.57.21:470][  0]LogInit:  - supports SSL with WinSSL
[2016.03.23-11.57.21:470][  0]LogInit:  - other features:
[2016.03.23-11.57.21:470][  0]LogInit:      CURL_VERSION_SSL
[2016.03.23-11.57.21:470][  0]LogInit:      CURL_VERSION_IPV6
[2016.03.23-11.57.21:470][  0]LogInit:      CURL_VERSION_ASYNCHDNS
[2016.03.23-11.57.21:470][  0]LogInit:      CURL_VERSION_LARGEFILE
[2016.03.23-11.57.21:471][  0]LogInit:      CURL_VERSION_IDN
[2016.03.23-11.57.21:471][  0]LogInit:  CurlRequestOptions (configurable via config and command line):
[2016.03.23-11.57.21:471][  0]LogInit:  - bVerifyPeer = true  - Libcurl will verify peer certificate
[2016.03.23-11.57.21:471][  0]LogInit:  - bUseHttpProxy = false  - Libcurl will NOT use HTTP proxy
[2016.03.23-11.57.21:471][  0]LogInit:  - bDontReuseConnections = false  - Libcurl will reuse connections
[2016.03.23-11.57.21:471][  0]LogInit:  - CertBundlePath = nullptr  - Libcurl will use whatever was configured at build time.
[2016.03.23-11.57.21:478][  0]LogInit: Presizing for 0 objects not considered by GC, pre-allocating 0 bytes.
[2016.03.23-11.57.21:490][  0]LogInit: Object subsystem initialized
[2016.03.23-11.57.21:492][  0]LogInit: Selected Device Profile: [Windows]
[2016.03.23-11.57.21:492][  0]LogInit: Applying CVar settings loaded from the selected device profile: [Windows]
[2016.03.23-11.57.21:502][  0]LogInit: Computer: V-213-08
[2016.03.23-11.57.21:502][  0]LogInit: User: group4kevat
[2016.03.23-11.57.21:502][  0]LogInit: CPU Page size=4096, Cores=2
[2016.03.23-11.57.21:502][  0]LogInit: High frequency timer resolution =2.628222 MHz
[2016.03.23-11.57.21:502][  0]LogMemory: Memory total: Physical=15.9GB (16GB approx)
[2016.03.23-11.57.21:502][  0]LogMemory: Platform Memory Stats for Windows
[2016.03.23-11.57.21:502][  0]LogMemory: Process Physical Memory: 55.82 MB used, 55.82 MB peak
[2016.03.23-11.57.21:502][  0]LogMemory: Process Virtual Memory: 56.55 MB used, 56.55 MB peak
[2016.03.23-11.57.21:502][  0]LogMemory: Physical Memory: 3439.99 MB used, 16257.05 MB total
[2016.03.23-11.57.21:502][  0]LogMemory: Virtual Memory: 346.32 MB used, 8388608.00 MB total
[2016.03.23-11.57.21:541][  0]LogTextLocalizationManager: No translations for ('fi-FI') exist, falling back to 'en' for localization and internationalization data.
[2016.03.23-11.57.22:048][  0]LogD3D11RHI: Found D3D11 adapter 0: Intel(R) HD Graphics 4000 (Feature Level 11_0)
[2016.03.23-11.57.22:048][  0]LogD3D11RHI: Adapter has 64MB of dedicated video memory, 0MB of dedicated system memory, and 1632MB of shared system memory, 1 output[s]
[2016.03.23-11.57.22:048][  0]LogD3D11RHI: Chosen D3D11 Adapter Id = 0
[2016.03.23-11.57.22:054][  0]LogD3D11RHI: !Direct3DDevice
[2016.03.23-11.57.22:055][  0]LogRHI: Texture pool is 616 MB (70% of 880 MB)
[2016.03.23-11.57.22:058][  0]LogD3D11RHI: Async texture creation enabled
[2016.03.23-11.57.22:074][  0]LogShaderCompilers: Guid format shader working directory is -34 characters bigger than the processId version (../../../../../../Users/group4-kevat/Documents/Unreal Projects/Kokeilu/InnoGit/Inno/Intermediate/Shaders/WorkingDirectory/1444/).
[2016.03.23-11.57.22:074][  0]LogShaderCompilers: Cleaned the shader compiler working directory 'C:/Users/GROUP4~1/AppData/Local/Temp/UnrealShaderWorkingDir/0FB2E3814C9666EE35BBC4AC1BC7C6FB/'.
[2016.03.23-11.57.22:074][  0]LogShaderCompilers:Display: Using Local Shader Compiler.
[2016.03.23-11.57.23:053][  0]LogTemp:Display: Loaded TP AllDesktopTargetPlatform
[2016.03.23-11.57.23:058][  0]LogTemp:Display: Loaded TP WindowsClientTargetPlatform
[2016.03.23-11.57.23:063][  0]LogTemp:Display: Loaded TP WindowsNoEditorTargetPlatform
[2016.03.23-11.57.23:068][  0]LogTemp:Display: Loaded TP WindowsServerTargetPlatform
[2016.03.23-11.57.23:073][  0]LogTemp:Display: Loaded TP WindowsTargetPlatform
[2016.03.23-11.57.23:077][  0]LogTemp:Display: Loaded TP AndroidTargetPlatform
[2016.03.23-11.57.23:080][  0]LogTemp:Display: Loaded TP Android_ASTCTargetPlatform
[2016.03.23-11.57.23:084][  0]LogTemp:Display: Loaded TP Android_ATCTargetPlatform
[2016.03.23-11.57.23:087][  0]LogTemp:Display: Loaded TP Android_DXTTargetPlatform
[2016.03.23-11.57.23:090][  0]LogTemp:Display: Loaded TP Android_ETC1TargetPlatform
[2016.03.23-11.57.23:092][  0]LogTemp:Display: Loaded TP Android_ETC2TargetPlatform
[2016.03.23-11.57.23:099][  0]LogTemp:Display: Loaded TP Android_MultiTargetPlatform
[2016.03.23-11.57.23:099][  0]LogTemp:Display: Loaded TP Android_PVRTCTargetPlatform
[2016.03.23-11.57.23:100][  0]LogTemp:Display: Loaded TP HTML5TargetPlatform
[2016.03.23-11.57.23:117][  0]LogTemp:Display: Loaded TP IOSTargetPlatform
[2016.03.23-11.57.23:121][  0]LogTemp:Display: Loaded TP LinuxNoEditorTargetPlatform
[2016.03.23-11.57.23:125][  0]LogTemp:Display: Loaded TP LinuxServerTargetPlatform
[2016.03.23-11.57.23:129][  0]LogTemp:Display: Loaded TP LinuxTargetPlatform
[2016.03.23-11.57.23:129][  0]LogTargetPlatformManager:Display: Building Assets For Windows
[2016.03.23-11.57.23:213][  0]LogDerivedDataCache:Display: Max Cache Size: 512 MB
[2016.03.23-11.57.23:293][  0]LogDerivedDataCache: Loaded boot cache 0.08s 41MB C:/Users/group4-kevat/AppData/Local/UnrealEngine/4.10/DerivedDataCache/Boot.ddc.
[2016.03.23-11.57.23:293][  0]LogDerivedDataCache:Display: Loaded Boot cache: C:/Users/group4-kevat/AppData/Local/UnrealEngine/4.10/DerivedDataCache/Boot.ddc
[2016.03.23-11.57.23:293][  0]LogDerivedDataCache: FDerivedDataBackendGraph:  Pak pak cache file ../../../../../../Users/group4-kevat/Documents/Unreal Projects/Kokeilu/InnoGit/Inno/DerivedDataCache/DDC.ddp not found, will not use a pak cache.
[2016.03.23-11.57.23:293][  0]LogDerivedDataCache: Unable to find inner node Pak for hierarchical cache Hierarchy.
[2016.03.23-11.57.23:293][  0]LogDerivedDataCache: FDerivedDataBackendGraph:  CompressedPak pak cache file ../../../../../../Users/group4-kevat/Documents/Unreal Projects/Kokeilu/InnoGit/Inno/DerivedDataCache/Compressed.ddp not found, will not use a pak cache.
[2016.03.23-11.57.23:293][  0]LogDerivedDataCache: Unable to find inner node CompressedPak for hierarchical cache Hierarchy.
[2016.03.23-11.57.23:354][  0]LogDerivedDataCache:Display: Pak cache opened for reading ../../../Engine/DerivedDataCache/Compressed.ddp.
[2016.03.23-11.57.23:365][  0]LogDerivedDataCache: Using Local data cache path C:/Users/group4-kevat/AppData/Local/UnrealEngine/Common/DerivedDataCache: Writable
[2016.03.23-11.57.23:570][  0]LogInit: Selected Device Profile: [Windows]
[2016.03.23-11.57.23:570][  0]LogContentStreaming: Texture pool size is 0.000000MB
[2016.03.23-11.57.23:619][  0]LogMeshUtilities: No automatic mesh reduction module available
[2016.03.23-11.57.23:619][  0]LogMeshUtilities: No automatic mesh merging module available
[2016.03.23-11.57.24:047][  0]LogInit: WinSock: version 1.1 (2.2), MaxSocks=32767, MaxUdp=65467
[2016.03.23-11.57.25:155][  0]UdpMessaging: Initializing bridge on interface 0.0.0.0:0 to multicast group 230.0.0.1:6666.
[2016.03.23-11.57.25:318][  0]LogAssetRegistry: FAssetRegistry took 0.0106 seconds to start up
[2016.03.23-11.57.25:538][  0]SourceControl: Info Source control is disabled
[2016.03.23-11.57.25:559][  0]SourceControl: Info Source control is disabled
[2016.03.23-11.57.25:571][  0]SourceControl: Info Source control is disabled
[2016.03.23-11.57.25:582][  0]SourceControl: Info Source control is disabled
[2016.03.23-11.57.25:855][  0]LogObj: 28633 objects as part of root set at end of initial load.
[2016.03.23-11.57.25:855][  0]LogUObjectAllocator: 6099752 out of 0 bytes used by permanent object pool.
[2016.03.23-11.57.25:914][  0]LogEngine: Initializing Engine...
[2016.03.23-11.57.25:916][  0]LogHMD: Can't find Oculus library dev build: is proper Runtime installed? Version: 0.8.0.0
[2016.03.23-11.57.25:917][  0]LogHMD: SteamVR failed to initialize.  Err: 110
[2016.03.23-11.57.26:054][  0]LogAIModule: Creating AISystem for world NewWorld
[2016.03.23-11.57.26:059][  0]LogInit: XAudio2 using 'Speakers / Headphones (IDT High Definition Audio CODEC)' : 2 channels at 48 kHz using 16 bits per sample (channel mask 0x3)
[2016.03.23-11.57.26:078][  0]LogInit: FAudioDevice initialized.
[2016.03.23-11.57.26:101][  0]LogDerivedDataCache: Saved boot cache 0.02s 41MB C:/Users/group4-kevat/AppData/Local/UnrealEngine/4.10/DerivedDataCache/Boot.ddc.
[2016.03.23-11.57.26:103][  0]LogInit: Texture streaming: Enabled
[2016.03.23-11.57.26:109][  0]LogAnalytics: Creating configured Analytics provider AnalyticsET
[2016.03.23-11.57.26:109][  0]LogAnalytics: [UEEditor.Rocket.Release] APIServer = http://et2.epicgames.com/ET2/. AppVersion = 4.10.4-2872498+++depot+UE4-Releases+4.10
[2016.03.23-11.57.26:109][  0]LogAnalytics: [UEEditor.Rocket.Release] SetUserId 22b1a91b46ea4b27e6962492fe5d1438|4ce87246e8b44f34a4431ffaf7795bfc|cb64847f-68f7-44b3-89eb-ff1c848eec44
[2016.03.23-11.57.26:109][  0]LogAnalytics: [UEEditor.Rocket.Release] AnalyticsET::StartSession
[2016.03.23-11.57.26:117][  0]LogInit: Transaction tracking system initialized
[2016.03.23-11.57.26:144][  0]BlueprintLog: New page: Editor Load
[2016.03.23-11.57.26:227][  0]LocalizationService: Info Localization service is disabled
[2016.03.23-11.57.26:298][  0]LogLinker:Warning: Can't find file '/Game/SideScrollerBP/SideScrollerOverview'
[2016.03.23-11.57.26:298][  0]LogLinker:Warning: Can't find file '/Game/SideScrollerBP/SideScrollerOverview'
[2016.03.23-11.57.26:298][  0]LogUObjectGlobals:Warning: Failed to find object 'Class /Game/SideScrollerBP/SideScrollerOverview.SideScrollerOverview_C'
[2016.03.23-11.57.26:496][  0]LogConsoleResponse:Display: 
[2016.03.23-11.57.26:634][  0]LogCook:Display: Done creating registry. It took  0.00s.
[2016.03.23-11.57.26:697][  0]LogFileCache: Scanning file cache for directory 'C:/Users/group4-kevat/Documents/Unreal Projects/Kokeilu/InnoGit/Inno/Content/' took 0.01s
[2016.03.23-11.57.26:697][  0]SourceControl: Info Source control is disabled
[2016.03.23-11.57.40:706][  0]LogWindowsTextInputMethodSystem:Display: IME system now deactivated.
[2016.03.23-11.57.40:707][  0]Cmd: MAP LOAD FILE="../../../../../../Users/group4-kevat/Documents/Unreal Projects/Kokeilu/InnoGit/Inno/Content/FirstPersonBP/Maps/FirstPersonExampleMap.umap" TEMPLATE=0 SHOWPROGRESS=1 FEATURELEVEL=3
[2016.03.23-11.57.40:708][  0]LightingResults: New page: Lighting Build
[2016.03.23-11.57.40:715][  0]MapCheck: New page: Map Check
[2016.03.23-11.57.40:715][  0]LightingResults: New page: Lighting Build
[2016.03.23-11.57.40:747][  0]LogParticles: Destroying 0 GPU particle simulations for FXSystem 0x0000000022852AC0
[2016.03.23-11.57.40:900][  0]LogLinker:Warning: Asset '../../../../../../Users/group4-kevat/Documents/Unreal Projects/Kokeilu/InnoGit/Inno/Content/FirstPerson/Meshes/FirstPersonProjectileMesh.uasset' has been saved with empty engine version. The asset will be loaded but may be incompatible.
[2016.03.23-11.57.41:608][  0]LogAIModule: Creating AISystem for world FirstPersonExampleMap
[2016.03.23-11.57.41:619][  0]LogEditorServer: Finished looking for orphan Actors (0.000 secs)
[2016.03.23-11.57.41:620][  0]Cmd: MAP CHECKDEP NOCLEARLOG
[2016.03.23-11.57.41:691][  0]MapCheck: Info Map check complete: 0 Error(s), 0 Warning(s), took 71.346ms to complete.
[2016.03.23-11.57.41:691][  0]LogFileHelpers: Loading map 'FirstPersonExampleMap' took 0.984
[2016.03.23-11.57.41:780][  0]LogCollectionManager: Loaded 0 collections in 0.002269 seconds
[2016.03.23-11.57.41:817][  0]LogFileCache: Scanning file cache for directory 'C:/Users/group4-kevat/Documents/Unreal Projects/Kokeilu/InnoGit/Inno/Saved/Collections/' took 0.01s
[2016.03.23-11.57.41:817][  0]LogFileCache: Scanning file cache for directory 'C:/Users/group4-kevat/Documents/Unreal Projects/Kokeilu/InnoGit/Inno/Content/Developers/group4kevat/Collections/' took 0.01s
[2016.03.23-11.57.41:817][  0]LogFileCache: Scanning file cache for directory 'C:/Users/group4-kevat/Documents/Unreal Projects/Kokeilu/InnoGit/Inno/Content/Collections/' took 0.01s
[2016.03.23-11.57.41:817][  0]LogCollectionManager: Rebuilt the GUID cache for 0 collections in 0.000002 seconds
[2016.03.23-11.57.41:825][  0]LogContentBrowser: Native class hierarchy populated in 0.0076 seconds. Added 1893 classes and 338 folders.
[2016.03.23-11.57.41:831][  0]LogContentBrowser: Native class hierarchy updated for 'WidgetCarousel' in 0.0003 seconds. Added 0 classes and 0 folders.
[2016.03.23-11.57.41:887][  0]LogContentBrowser: Native class hierarchy updated for 'AddContentDialog' in 0.0004 seconds. Added 0 classes and 0 folders.
[2016.03.23-11.57.41:890][  0]LogContentBrowser: Native class hierarchy updated for 'SceneOutliner' in 0.0003 seconds. Added 1 classes and 2 folders.
[2016.03.23-11.57.41:943][  0]LogCrashTracker: Crashtracker disabled due to settings.
[2016.03.23-11.57.41:946][  0]LogUObjectGlobals:Warning: Failed to find object 'Class None.'
[2016.03.23-11.57.41:967][  0]LogStats:Warning: MetaData mismatch. Did you assign a stat to two groups? New //STATGROUP_Threads//SplashScreenThread///Thread_1b8c_0///####STATCAT_Advanced#### old //STATGROUP_Threads//SplashScreenThread///Thread_858_0///####STATCAT_Advanced####
[2016.03.23-11.57.41:967][  0]LogLoad: Full Startup: 20.92 seconds (BP compile: 0.14 seconds)
[2016.03.23-11.57.41:989][  0]LogOcInput: Can't find Oculus library dev build: is proper Runtime installed? Version: 0.8.0.0
[2016.03.23-11.57.42:045][  0]LogContentStreaming: Texture pool size now 200 MB
[2016.03.23-11.57.42:200][  0]LogRenderer: Reallocating scene render targets to support 1104x568 (Frame:2).
[2016.03.23-11.57.43:410][  6]LogAssetRegistry: Asset discovery search completed in 18.1027 seconds
[2016.03.23-11.57.43:410][  6]LogCollectionManager: Rebuilt the object cache for 0 collections in 0.000002 seconds (found 0 objects)
[2016.03.23-11.57.43:410][  6]LogCollectionManager: Fixed up redirectors for 0 collections in 0.000023 seconds (updated 0 objects)
[2016.03.23-11.58.09:420][593]LogWmfMedia:Error: An unrecoverable error occured in the media session: 0xC00D36E6
[2016.03.23-11.59.47:478][376]LogFactory: FactoryCreateBinary: MediaPlayer with MediaPlayerFactory (0 0 C:\Users\group4-kevat\Downloads\simulation_video.wmv)
[2016.03.23-12.00.25:836][203]Cmd: BRUSH ADD SELECTNEWBRUSH
[2016.03.23-12.00.56:756][170]LogActorComponent: UnregisterComponent: (/Engine/Transient.ProjectileMovementComponent_40__A6522401) Not registered. Aborting.
[2016.03.23-12.00.56:911][170]LogSavePackage: Save=106.478828ms
[2016.03.23-12.00.56:911][170]LogSavePackage: Moving '../../../../../../Users/group4-kevat/Documents/Unreal Projects/Kokeilu/InnoGit/Inno/Saved/FirstPersonExampleMapA5578B2740E5E66DF3C2E9907BFF7C22.tmp' to '../../../../../../Users/group4-kevat/Documents/Unreal Projects/Kokeilu/InnoGit/Inno/Content/FirstPersonBP/Maps/FirstPersonExampleMap.umap'
[2016.03.23-12.00.56:939][170]LogSavePackage: Total save time: 149.081394ms
[2016.03.23-12.00.56:939][170]LogSavePackage:Display: Finished SavePackage ../../../../../../Users/group4-kevat/Documents/Unreal Projects/Kokeilu/InnoGit/Inno/Content/FirstPersonBP/Maps/FirstPersonExampleMap.umap
[2016.03.23-12.01.22:825][958]LogMaterial: Missing cached shader map for material simulation_video_Tex_Mat, compiling. 
[2016.03.23-12.01.35:567][319]LogEditorViewport: Clicking on Actor (LMB): Click_test_blueprint_C (Click_test_blueprint)
[2016.03.23-12.01.37:254][359]LogBlueprintUserMessages: Early PlayInEditor Detection: Level '/Game/FirstPersonBP/Maps/FirstPersonExampleMap.FirstPersonExampleMap:PersistentLevel' has LevelScriptBlueprint '/Game/FirstPersonBP/Maps/FirstPersonExampleMap.FirstPersonExampleMap:PersistentLevel.FirstPersonExampleMap' with GeneratedClass '/Game/FirstPersonBP/Maps/FirstPersonExampleMap.FirstPersonExampleMap_C' with ClassGeneratedBy '/Game/FirstPersonBP/Maps/FirstPersonExampleMap.FirstPersonExampleMap:PersistentLevel.FirstPersonExampleMap'
[2016.03.23-12.01.37:254][359]LogPlayLevel: PlayLevel: No blueprints needed recompiling
[2016.03.23-12.01.37:254][359]PIE: New page: PIE session: FirstPersonExampleMap (Mar 23, 2016, 4:01:37 PM)
[2016.03.23-12.01.37:254][359]LogPlayLevel: Creating play world package: /Game/FirstPersonBP/Maps/UEDPIE_0_FirstPersonExampleMap
[2016.03.23-12.01.37:281][359]LogPlayLevel: PIE: StaticDuplicateObject took: (0.026363s)
[2016.03.23-12.01.37:282][359]LogAIModule: Creating AISystem for world FirstPersonExampleMap
[2016.03.23-12.01.37:283][359]LogPlayLevel: PIE: World Init took: (0.002131s)
[2016.03.23-12.01.37:283][359]LogPlayLevel: PIE: Created PIE world by copying editor world from /Game/FirstPersonBP/Maps/FirstPersonExampleMap.FirstPersonExampleMap to /Game/FirstPersonBP/Maps/UEDPIE_0_FirstPersonExampleMap.FirstPersonExampleMap (0.028895s)
[2016.03.23-12.01.37:326][359]LogInit: XAudio2 using 'Speakers / Headphones (IDT High Definition Audio CODEC)' : 2 channels at 48 kHz using 16 bits per sample (channel mask 0x3)
[2016.03.23-12.01.37:333][359]LogInit: FAudioDevice initialized.
[2016.03.23-12.01.37:380][359]LogLinker:Warning: Asset '../../../../../../Users/group4-kevat/Documents/Unreal Projects/Kokeilu/InnoGit/Inno/Content/FirstPersonBP/Blueprints/FirstPersonHUD.uasset' has been saved with empty engine version. The asset will be loaded but may be incompatible.
[2016.03.23-12.01.37:404][359]LogWorld: Game class is 'FirstPersonGameMode_C'
[2016.03.23-12.01.37:408][359]LogWorld: Bringing World /Game/FirstPersonBP/Maps/UEDPIE_0_FirstPersonExampleMap.FirstPersonExampleMap up for play (max tick rate 60) at 2016.03.23-14.01.37
[2016.03.23-12.01.37:408][359]LogActor:Warning: GameSession /Game/FirstPersonBP/Maps/UEDPIE_0_FirstPersonExampleMap.FirstPersonExampleMap:PersistentLevel.GameSession_0 has natively added scene component(s), but none of them were set as the actor's RootComponent - picking one arbitrarily
[2016.03.23-12.01.37:408][359]LogActor:Warning: GameNetworkManager /Game/FirstPersonBP/Maps/UEDPIE_0_FirstPersonExampleMap.FirstPersonExampleMap:PersistentLevel.GameNetworkManager_0 has natively added scene component(s), but none of them were set as the actor's RootComponent - picking one arbitrarily
[2016.03.23-12.01.37:409][359]LogWorld: Bringing up level for play took: 0.003527
[2016.03.23-12.01.37:411][359]PIE: Info Play in editor start time for /Game/FirstPersonBP/Maps/UEDPIE_0_FirstPersonExampleMap 0.661
[2016.03.23-12.01.37:411][359]LogBlueprintUserMessages: Late PlayInEditor Detection: Level '/Game/FirstPersonBP/Maps/FirstPersonExampleMap.FirstPersonExampleMap:PersistentLevel' has LevelScriptBlueprint '/Game/FirstPersonBP/Maps/FirstPersonExampleMap.FirstPersonExampleMap:PersistentLevel.FirstPersonExampleMap' with GeneratedClass '/Game/FirstPersonBP/Maps/FirstPersonExampleMap.FirstPersonExampleMap_C' with ClassGeneratedBy '/Game/FirstPersonBP/Maps/FirstPersonExampleMap.FirstPersonExampleMap:PersistentLevel.FirstPersonExampleMap'
[2016.03.23-12.01.41:323][555]LogBlueprintUserMessages: Early EndPlayMap Detection: Level '/Game/FirstPersonBP/Maps/FirstPersonExampleMap.FirstPersonExampleMap:PersistentLevel' has LevelScriptBlueprint '/Game/FirstPersonBP/Maps/FirstPersonExampleMap.FirstPersonExampleMap:PersistentLevel.FirstPersonExampleMap' with GeneratedClass '/Game/FirstPersonBP/Maps/FirstPersonExampleMap.FirstPersonExampleMap_C' with ClassGeneratedBy '/Game/FirstPersonBP/Maps/FirstPersonExampleMap.FirstPersonExampleMap:PersistentLevel.FirstPersonExampleMap'
[2016.03.23-12.01.41:376][555]LogBlueprintUserMessages: Late EndPlayMap Detection: Level '/Game/FirstPersonBP/Maps/FirstPersonExampleMap.FirstPersonExampleMap:PersistentLevel' has LevelScriptBlueprint '/Game/FirstPersonBP/Maps/FirstPersonExampleMap.FirstPersonExampleMap:PersistentLevel.FirstPersonExampleMap' with GeneratedClass '/Game/FirstPersonBP/Maps/FirstPersonExampleMap.FirstPersonExampleMap_C' with ClassGeneratedBy '/Game/FirstPersonBP/Maps/FirstPersonExampleMap.FirstPersonExampleMap:PersistentLevel.FirstPersonExampleMap'
[2016.03.23-12.01.41:439][556]LogParticles: Destroying 0 GPU particle simulations for FXSystem 0x0000000037F7E020
[2016.03.23-12.02.00:080][  6]LogMaterial: Missing cached shader map for material simulation_video_Tex_Mat, compiling. 
[2016.03.23-12.02.00:155][  6]LogMaterial: Missing cached shader map for material simulation_video_Tex_Mat, compiling. 
[2016.03.23-12.02.00:160][  6]LogMaterial: 0.000031 seconds spent updating 1 materials, 1 interfaces, 0 instances, 0 with static permutations.
[2016.03.23-12.02.00:189][  6]LogMaterial: Missing cached shader map for material FMatExpressionPreview MaterialExpressionTextureSample_0, compiling. 
[2016.03.23-12.02.02:889][ 51]MaterialEditorStats: Info Base pass shader with only dynamic lighting: 32 instructions
[2016.03.23-12.02.02:889][ 51]MaterialEditorStats: Info Vertex shader: 33 instructions
[2016.03.23-12.02.02:889][ 51]MaterialEditorStats: Info Texture samplers: 1/16
[2016.03.23-12.03.57:106][794]LogBlueprintUserMessages: Early PlayInEditor Detection: Level '/Game/FirstPersonBP/Maps/FirstPersonExampleMap.FirstPersonExampleMap:PersistentLevel' has LevelScriptBlueprint '/Game/FirstPersonBP/Maps/FirstPersonExampleMap.FirstPersonExampleMap:PersistentLevel.FirstPersonExampleMap' with GeneratedClass '/Game/FirstPersonBP/Maps/FirstPersonExampleMap.FirstPersonExampleMap_C' with ClassGeneratedBy '/Game/FirstPersonBP/Maps/FirstPersonExampleMap.FirstPersonExampleMap:PersistentLevel.FirstPersonExampleMap'
[2016.03.23-12.03.57:106][794]LogPlayLevel: PlayLevel: No blueprints needed recompiling
[2016.03.23-12.03.57:106][794]PIE: New page: PIE session: FirstPersonExampleMap (Mar 23, 2016, 4:03:57 PM)
[2016.03.23-12.03.57:106][794]LogPlayLevel: Creating play world package: /Game/FirstPersonBP/Maps/UEDPIE_0_FirstPersonExampleMap
[2016.03.23-12.03.57:150][794]LogPlayLevel: PIE: StaticDuplicateObject took: (0.044173s)
[2016.03.23-12.03.57:152][794]LogAIModule: Creating AISystem for world FirstPersonExampleMap
[2016.03.23-12.03.57:152][794]LogPlayLevel: PIE: World Init took: (0.001750s)
[2016.03.23-12.03.57:152][794]LogPlayLevel: PIE: Created PIE world by copying editor world from /Game/FirstPersonBP/Maps/FirstPersonExampleMap.FirstPersonExampleMap to /Game/FirstPersonBP/Maps/UEDPIE_0_FirstPersonExampleMap.FirstPersonExampleMap (0.046310s)
[2016.03.23-12.03.57:203][794]LogParticles: Destroying 0 GPU particle simulations for FXSystem 0x000000001A815800
[2016.03.23-12.03.57:208][794]LogInit: XAudio2 using 'Speakers / Headphones (IDT High Definition Audio CODEC)' : 2 channels at 48 kHz using 16 bits per sample (channel mask 0x3)
[2016.03.23-12.03.57:216][794]LogInit: FAudioDevice initialized.
[2016.03.23-12.03.57:253][794]LogWorld: Game class is 'FirstPersonGameMode_C'
[2016.03.23-12.03.57:257][794]LogWorld: Bringing World /Game/FirstPersonBP/Maps/UEDPIE_0_FirstPersonExampleMap.FirstPersonExampleMap up for play (max tick rate 60) at 2016.03.23-14.03.57
[2016.03.23-12.03.57:258][794]LogActor:Warning: GameSession /Game/FirstPersonBP/Maps/UEDPIE_0_FirstPersonExampleMap.FirstPersonExampleMap:PersistentLevel.GameSession_1 has natively added scene component(s), but none of them were set as the actor's RootComponent - picking one arbitrarily
[2016.03.23-12.03.57:258][794]LogActor:Warning: GameNetworkManager /Game/FirstPersonBP/Maps/UEDPIE_0_FirstPersonExampleMap.FirstPersonExampleMap:PersistentLevel.GameNetworkManager_1 has natively added scene component(s), but none of them were set as the actor's RootComponent - picking one arbitrarily
[2016.03.23-12.03.57:258][794]LogWorld: Bringing up level for play took: 0.004332
[2016.03.23-12.03.57:260][794]PIE: Info Play in editor start time for /Game/FirstPersonBP/Maps/UEDPIE_0_FirstPersonExampleMap 0.508
[2016.03.23-12.03.57:268][794]LogBlueprintUserMessages: Late PlayInEditor Detection: Level '/Game/FirstPersonBP/Maps/FirstPersonExampleMap.FirstPersonExampleMap:PersistentLevel' has LevelScriptBlueprint '/Game/FirstPersonBP/Maps/FirstPersonExampleMap.FirstPersonExampleMap:PersistentLevel.FirstPersonExampleMap' with GeneratedClass '/Game/FirstPersonBP/Maps/FirstPersonExampleMap.FirstPersonExampleMap_C' with ClassGeneratedBy '/Game/FirstPersonBP/Maps/FirstPersonExampleMap.FirstPersonExampleMap:PersistentLevel.FirstPersonExampleMap'
[2016.03.23-12.04.05:205][186]LogBlueprintUserMessages: Early EndPlayMap Detection: Level '/Game/FirstPersonBP/Maps/FirstPersonExampleMap.FirstPersonExampleMap:PersistentLevel' has LevelScriptBlueprint '/Game/FirstPersonBP/Maps/FirstPersonExampleMap.FirstPersonExampleMap:PersistentLevel.FirstPersonExampleMap' with GeneratedClass '/Game/FirstPersonBP/Maps/FirstPersonExampleMap.FirstPersonExampleMap_C' with ClassGeneratedBy '/Game/FirstPersonBP/Maps/FirstPersonExampleMap.FirstPersonExampleMap:PersistentLevel.FirstPersonExampleMap'
[2016.03.23-12.04.05:259][186]LogBlueprintUserMessages: Late EndPlayMap Detection: Level '/Game/FirstPersonBP/Maps/FirstPersonExampleMap.FirstPersonExampleMap:PersistentLevel' has LevelScriptBlueprint '/Game/FirstPersonBP/Maps/FirstPersonExampleMap.FirstPersonExampleMap:PersistentLevel.FirstPersonExampleMap' with GeneratedClass '/Game/FirstPersonBP/Maps/FirstPersonExampleMap.FirstPersonExampleMap_C' with ClassGeneratedBy '/Game/FirstPersonBP/Maps/FirstPersonExampleMap.FirstPersonExampleMap:PersistentLevel.FirstPersonExampleMap'
[2016.03.23-12.04.05:285][186]LogParticles: Destroying 0 GPU particle simulations for FXSystem 0x000000002B65AF20
[2016.03.23-12.04.11:847][351]LogContentBrowser: Native class hierarchy updated for 'TextureEditor' in 0.0004 seconds. Added 1 classes and 2 folders.
[2016.03.23-12.04.17:963][477]LogMaterial: Missing cached shader map for material simulation_video_Tex_Mat, compiling. 
[2016.03.23-12.04.18:035][477]LogMaterial: Missing cached shader map for material simulation_video_Tex_Mat, compiling. 
[2016.03.23-12.04.18:040][477]LogMaterial: 0.000026 seconds spent updating 1 materials, 1 interfaces, 0 instances, 0 with static permutations.
[2016.03.23-12.04.18:068][477]LogMaterial: Missing cached shader map for material FMatExpressionPreview MaterialExpressionTextureSample_0, compiling. 
[2016.03.23-12.04.33:208][808]LogBlueprintUserMessages: Early PlayInEditor Detection: Level '/Game/FirstPersonBP/Maps/FirstPersonExampleMap.FirstPersonExampleMap:PersistentLevel' has LevelScriptBlueprint '/Game/FirstPersonBP/Maps/FirstPersonExampleMap.FirstPersonExampleMap:PersistentLevel.FirstPersonExampleMap' with GeneratedClass '/Game/FirstPersonBP/Maps/FirstPersonExampleMap.FirstPersonExampleMap_C' with ClassGeneratedBy '/Game/FirstPersonBP/Maps/FirstPersonExampleMap.FirstPersonExampleMap:PersistentLevel.FirstPersonExampleMap'
[2016.03.23-12.04.33:208][808]LogPlayLevel: PlayLevel: No blueprints needed recompiling
[2016.03.23-12.04.33:208][808]PIE: New page: PIE session: FirstPersonExampleMap (Mar 23, 2016, 4:04:33 PM)
[2016.03.23-12.04.33:208][808]LogPlayLevel: Creating play world package: /Game/FirstPersonBP/Maps/UEDPIE_0_FirstPersonExampleMap
[2016.03.23-12.04.33:249][808]LogPlayLevel: PIE: StaticDuplicateObject took: (0.041082s)
[2016.03.23-12.04.33:250][808]LogAIModule: Creating AISystem for world FirstPersonExampleMap
[2016.03.23-12.04.33:251][808]LogPlayLevel: PIE: World Init took: (0.001574s)
[2016.03.23-12.04.33:251][808]LogPlayLevel: PIE: Created PIE world by copying editor world from /Game/FirstPersonBP/Maps/FirstPersonExampleMap.FirstPersonExampleMap to /Game/FirstPersonBP/Maps/UEDPIE_0_FirstPersonExampleMap.FirstPersonExampleMap (0.043007s)
[2016.03.23-12.04.33:290][808]LogParticles: Destroying 0 GPU particle simulations for FXSystem 0x000000001681B6A0
[2016.03.23-12.04.33:295][808]LogInit: XAudio2 using 'Speakers / Headphones (IDT High Definition Audio CODEC)' : 2 channels at 48 kHz using 16 bits per sample (channel mask 0x3)
[2016.03.23-12.04.33:299][808]LogInit: FAudioDevice initialized.
[2016.03.23-12.04.33:332][808]LogWorld: Game class is 'FirstPersonGameMode_C'
[2016.03.23-12.04.33:336][808]LogWorld: Bringing World /Game/FirstPersonBP/Maps/UEDPIE_0_FirstPersonExampleMap.FirstPersonExampleMap up for play (max tick rate 60) at 2016.03.23-14.04.33
[2016.03.23-12.04.33:336][808]LogActor:Warning: GameSession /Game/FirstPersonBP/Maps/UEDPIE_0_FirstPersonExampleMap.FirstPersonExampleMap:PersistentLevel.GameSession_2 has natively added scene component(s), but none of them were set as the actor's RootComponent - picking one arbitrarily
[2016.03.23-12.04.33:336][808]LogActor:Warning: GameNetworkManager /Game/FirstPersonBP/Maps/UEDPIE_0_FirstPersonExampleMap.FirstPersonExampleMap:PersistentLevel.GameNetworkManager_2 has natively added scene component(s), but none of them were set as the actor's RootComponent - picking one arbitrarily
[2016.03.23-12.04.33:336][808]LogWorld: Bringing up level for play took: 0.003845
[2016.03.23-12.04.33:338][808]PIE: Info Play in editor start time for /Game/FirstPersonBP/Maps/UEDPIE_0_FirstPersonExampleMap 0.586
[2016.03.23-12.04.33:338][808]LogBlueprintUserMessages: Late PlayInEditor Detection: Level '/Game/FirstPersonBP/Maps/FirstPersonExampleMap.FirstPersonExampleMap:PersistentLevel' has LevelScriptBlueprint '/Game/FirstPersonBP/Maps/FirstPersonExampleMap.FirstPersonExampleMap:PersistentLevel.FirstPersonExampleMap' with GeneratedClass '/Game/FirstPersonBP/Maps/FirstPersonExampleMap.FirstPersonExampleMap_C' with ClassGeneratedBy '/Game/FirstPersonBP/Maps/FirstPersonExampleMap.FirstPersonExampleMap:PersistentLevel.FirstPersonExampleMap'
[2016.03.23-12.04.39:757][122]LogBlueprintUserMessages: Early EndPlayMap Detection: Level '/Game/FirstPersonBP/Maps/FirstPersonExampleMap.FirstPersonExampleMap:PersistentLevel' has LevelScriptBlueprint '/Game/FirstPersonBP/Maps/FirstPersonExampleMap.FirstPersonExampleMap:PersistentLevel.FirstPersonExampleMap' with GeneratedClass '/Game/FirstPersonBP/Maps/FirstPersonExampleMap.FirstPersonExampleMap_C' with ClassGeneratedBy '/Game/FirstPersonBP/Maps/FirstPersonExampleMap.FirstPersonExampleMap:PersistentLevel.FirstPersonExampleMap'
[2016.03.23-12.04.39:804][122]LogBlueprintUserMessages: Late EndPlayMap Detection: Level '/Game/FirstPersonBP/Maps/FirstPersonExampleMap.FirstPersonExampleMap:PersistentLevel' has LevelScriptBlueprint '/Game/FirstPersonBP/Maps/FirstPersonExampleMap.FirstPersonExampleMap:PersistentLevel.FirstPersonExampleMap' with GeneratedClass '/Game/FirstPersonBP/Maps/FirstPersonExampleMap.FirstPersonExampleMap_C' with ClassGeneratedBy '/Game/FirstPersonBP/Maps/FirstPersonExampleMap.FirstPersonExampleMap:PersistentLevel.FirstPersonExampleMap'
[2016.03.23-12.04.39:829][122]LogParticles: Destroying 0 GPU particle simulations for FXSystem 0x000000001143D120
[2016.03.23-12.04.41:720][172]LogBlueprintUserMessages: Early PlayInEditor Detection: Level '/Game/FirstPersonBP/Maps/FirstPersonExampleMap.FirstPersonExampleMap:PersistentLevel' has LevelScriptBlueprint '/Game/FirstPersonBP/Maps/FirstPersonExampleMap.FirstPersonExampleMap:PersistentLevel.FirstPersonExampleMap' with GeneratedClass '/Game/FirstPersonBP/Maps/FirstPersonExampleMap.FirstPersonExampleMap_C' with ClassGeneratedBy '/Game/FirstPersonBP/Maps/FirstPersonExampleMap.FirstPersonExampleMap:PersistentLevel.FirstPersonExampleMap'
[2016.03.23-12.04.41:721][172]LogPlayLevel: PlayLevel: No blueprints needed recompiling
[2016.03.23-12.04.41:721][172]PIE: New page: PIE session: FirstPersonExampleMap (Mar 23, 2016, 4:04:41 PM)
[2016.03.23-12.04.41:721][172]LogPlayLevel: Creating play world package: /Game/FirstPersonBP/Maps/UEDPIE_0_FirstPersonExampleMap
[2016.03.23-12.04.41:774][172]LogPlayLevel: PIE: StaticDuplicateObject took: (0.053088s)
[2016.03.23-12.04.41:776][172]LogAIModule: Creating AISystem for world FirstPersonExampleMap
[2016.03.23-12.04.41:777][172]LogPlayLevel: PIE: World Init took: (0.002504s)
[2016.03.23-12.04.41:777][172]LogPlayLevel: PIE: Created PIE world by copying editor world from /Game/FirstPersonBP/Maps/FirstPersonExampleMap.FirstPersonExampleMap to /Game/FirstPersonBP/Maps/UEDPIE_0_FirstPersonExampleMap.FirstPersonExampleMap (0.056196s)
[2016.03.23-12.04.41:827][172]LogInit: XAudio2 using 'Speakers / Headphones (IDT High Definition Audio CODEC)' : 2 channels at 48 kHz using 16 bits per sample (channel mask 0x3)
[2016.03.23-12.04.41:832][172]LogInit: FAudioDevice initialized.
[2016.03.23-12.04.41:871][172]LogWorld: Game class is 'FirstPersonGameMode_C'
[2016.03.23-12.04.41:875][172]LogWorld: Bringing World /Game/FirstPersonBP/Maps/UEDPIE_0_FirstPersonExampleMap.FirstPersonExampleMap up for play (max tick rate 60) at 2016.03.23-14.04.41
[2016.03.23-12.04.41:875][172]LogActor:Warning: GameSession /Game/FirstPersonBP/Maps/UEDPIE_0_FirstPersonExampleMap.FirstPersonExampleMap:PersistentLevel.GameSession_3 has natively added scene component(s), but none of them were set as the actor's RootComponent - picking one arbitrarily
[2016.03.23-12.04.41:875][172]LogActor:Warning: GameNetworkManager /Game/FirstPersonBP/Maps/UEDPIE_0_FirstPersonExampleMap.FirstPersonExampleMap:PersistentLevel.GameNetworkManager_3 has natively added scene component(s), but none of them were set as the actor's RootComponent - picking one arbitrarily
[2016.03.23-12.04.41:875][172]LogWorld: Bringing up level for play took: 0.003351
[2016.03.23-12.04.41:876][172]PIE: Info Play in editor start time for /Game/FirstPersonBP/Maps/UEDPIE_0_FirstPersonExampleMap 1.124
[2016.03.23-12.04.41:876][172]LogBlueprintUserMessages: Late PlayInEditor Detection: Level '/Game/FirstPersonBP/Maps/FirstPersonExampleMap.FirstPersonExampleMap:PersistentLevel' has LevelScriptBlueprint '/Game/FirstPersonBP/Maps/FirstPersonExampleMap.FirstPersonExampleMap:PersistentLevel.FirstPersonExampleMap' with GeneratedClass '/Game/FirstPersonBP/Maps/FirstPersonExampleMap.FirstPersonExampleMap_C' with ClassGeneratedBy '/Game/FirstPersonBP/Maps/FirstPersonExampleMap.FirstPersonExampleMap:PersistentLevel.FirstPersonExampleMap'
[2016.03.23-12.04.53:628][741]LogBlueprintUserMessages: Early EndPlayMap Detection: Level '/Game/FirstPersonBP/Maps/FirstPersonExampleMap.FirstPersonExampleMap:PersistentLevel' has LevelScriptBlueprint '/Game/FirstPersonBP/Maps/FirstPersonExampleMap.FirstPersonExampleMap:PersistentLevel.FirstPersonExampleMap' with GeneratedClass '/Game/FirstPersonBP/Maps/FirstPersonExampleMap.FirstPersonExampleMap_C' with ClassGeneratedBy '/Game/FirstPersonBP/Maps/FirstPersonExampleMap.FirstPersonExampleMap:PersistentLevel.FirstPersonExampleMap'
[2016.03.23-12.04.53:676][741]LogBlueprintUserMessages: Late EndPlayMap Detection: Level '/Game/FirstPersonBP/Maps/FirstPersonExampleMap.FirstPersonExampleMap:PersistentLevel' has LevelScriptBlueprint '/Game/FirstPersonBP/Maps/FirstPersonExampleMap.FirstPersonExampleMap:PersistentLevel.FirstPersonExampleMap' with GeneratedClass '/Game/FirstPersonBP/Maps/FirstPersonExampleMap.FirstPersonExampleMap_C' with ClassGeneratedBy '/Game/FirstPersonBP/Maps/FirstPersonExampleMap.FirstPersonExampleMap:PersistentLevel.FirstPersonExampleMap'
[2016.03.23-12.04.53:737][742]LogParticles: Destroying 0 GPU particle simulations for FXSystem 0x00000000114A40E0
[2016.03.23-12.05.45:220][941]LogEditorViewport: Clicking on Actor (LMB): kerrostalo_Blueprint_C (kerrostalo_Blueprint)
[2016.03.23-12.05.47:573][993]LogEditorViewport: Clicking on Actor (LMB): kerrostalo_Blueprint_C (kerrostalo_Blueprint)
[2016.03.23-12.06.30:207][  0]LogBlueprintUserMessages: Early PlayInEditor Detection: Level '/Game/FirstPersonBP/Maps/FirstPersonExampleMap.FirstPersonExampleMap:PersistentLevel' has LevelScriptBlueprint '/Game/FirstPersonBP/Maps/FirstPersonExampleMap.FirstPersonExampleMap:PersistentLevel.FirstPersonExampleMap' with GeneratedClass '/Game/FirstPersonBP/Maps/FirstPersonExampleMap.FirstPersonExampleMap_C' with ClassGeneratedBy '/Game/FirstPersonBP/Maps/FirstPersonExampleMap.FirstPersonExampleMap:PersistentLevel.FirstPersonExampleMap'
[2016.03.23-12.06.30:207][  0]LogPlayLevel: PlayLevel: No blueprints needed recompiling
[2016.03.23-12.06.30:207][  0]PIE: New page: PIE session: FirstPersonExampleMap (Mar 23, 2016, 4:06:30 PM)
[2016.03.23-12.06.30:207][  0]LogPlayLevel: Creating play world package: /Game/FirstPersonBP/Maps/UEDPIE_0_FirstPersonExampleMap
[2016.03.23-12.06.30:248][  0]LogPlayLevel: PIE: StaticDuplicateObject took: (0.040635s)
[2016.03.23-12.06.30:250][  0]LogAIModule: Creating AISystem for world FirstPersonExampleMap
[2016.03.23-12.06.30:250][  0]LogPlayLevel: PIE: World Init took: (0.001910s)
[2016.03.23-12.06.30:250][  0]LogPlayLevel: PIE: Created PIE world by copying editor world from /Game/FirstPersonBP/Maps/FirstPersonExampleMap.FirstPersonExampleMap to /Game/FirstPersonBP/Maps/UEDPIE_0_FirstPersonExampleMap.FirstPersonExampleMap (0.043045s)
[2016.03.23-12.06.30:295][  0]LogInit: XAudio2 using 'Speakers / Headphones (IDT High Definition Audio CODEC)' : 2 channels at 48 kHz using 16 bits per sample (channel mask 0x3)
[2016.03.23-12.06.30:301][  0]LogInit: FAudioDevice initialized.
[2016.03.23-12.06.30:334][  0]LogWorld: Game class is 'FirstPersonGameMode_C'
[2016.03.23-12.06.30:337][  0]LogWorld: Bringing World /Game/FirstPersonBP/Maps/UEDPIE_0_FirstPersonExampleMap.FirstPersonExampleMap up for play (max tick rate 60) at 2016.03.23-14.06.30
[2016.03.23-12.06.30:338][  0]LogActor:Warning: GameSession /Game/FirstPersonBP/Maps/UEDPIE_0_FirstPersonExampleMap.FirstPersonExampleMap:PersistentLevel.GameSession_4 has natively added scene component(s), but none of them were set as the actor's RootComponent - picking one arbitrarily
[2016.03.23-12.06.30:338][  0]LogActor:Warning: GameNetworkManager /Game/FirstPersonBP/Maps/UEDPIE_0_FirstPersonExampleMap.FirstPersonExampleMap:PersistentLevel.GameNetworkManager_4 has natively added scene component(s), but none of them were set as the actor's RootComponent - picking one arbitrarily
[2016.03.23-12.06.30:338][  0]LogWorld: Bringing up level for play took: 0.003743
[2016.03.23-12.06.30:339][  0]PIE: Info Play in editor start time for /Game/FirstPersonBP/Maps/UEDPIE_0_FirstPersonExampleMap -0.415
[2016.03.23-12.06.30:340][  0]LogBlueprintUserMessages: Late PlayInEditor Detection: Level '/Game/FirstPersonBP/Maps/FirstPersonExampleMap.FirstPersonExampleMap:PersistentLevel' has LevelScriptBlueprint '/Game/FirstPersonBP/Maps/FirstPersonExampleMap.FirstPersonExampleMap:PersistentLevel.FirstPersonExampleMap' with GeneratedClass '/Game/FirstPersonBP/Maps/FirstPersonExampleMap.FirstPersonExampleMap_C' with ClassGeneratedBy '/Game/FirstPersonBP/Maps/FirstPersonExampleMap.FirstPersonExampleMap:PersistentLevel.FirstPersonExampleMap'
[2016.03.23-12.06.53:256][124]LogBlueprintUserMessages: Early EndPlayMap Detection: Level '/Game/FirstPersonBP/Maps/FirstPersonExampleMap.FirstPersonExampleMap:PersistentLevel' has LevelScriptBlueprint '/Game/FirstPersonBP/Maps/FirstPersonExampleMap.FirstPersonExampleMap:PersistentLevel.FirstPersonExampleMap' with GeneratedClass '/Game/FirstPersonBP/Maps/FirstPersonExampleMap.FirstPersonExampleMap_C' with ClassGeneratedBy '/Game/FirstPersonBP/Maps/FirstPersonExampleMap.FirstPersonExampleMap:PersistentLevel.FirstPersonExampleMap'
[2016.03.23-12.06.53:312][124]LogBlueprintUserMessages: Late EndPlayMap Detection: Level '/Game/FirstPersonBP/Maps/FirstPersonExampleMap.FirstPersonExampleMap:PersistentLevel' has LevelScriptBlueprint '/Game/FirstPersonBP/Maps/FirstPersonExampleMap.FirstPersonExampleMap:PersistentLevel.FirstPersonExampleMap' with GeneratedClass '/Game/FirstPersonBP/Maps/FirstPersonExampleMap.FirstPersonExampleMap_C' with ClassGeneratedBy '/Game/FirstPersonBP/Maps/FirstPersonExampleMap.FirstPersonExampleMap:PersistentLevel.FirstPersonExampleMap'
[2016.03.23-12.06.53:369][125]LogParticles: Destroying 0 GPU particle simulations for FXSystem 0x000000004243E660
[2016.03.23-12.07.15:808][626]LogMaterial: Missing cached shader map for material simulation_video_Tex_Mat, compiling. 
[2016.03.23-12.07.15:879][626]LogMaterial: Missing cached shader map for material simulation_video_Tex_Mat, compiling. 
[2016.03.23-12.07.15:886][626]LogMaterial: 0.000030 seconds spent updating 1 materials, 1 interfaces, 0 instances, 0 with static permutations.
[2016.03.23-12.07.15:911][626]LogMaterial: Missing cached shader map for material FMatExpressionPreview MaterialExpressionTextureSample_0, compiling. 
[2016.03.23-12.07.18:780][676]MaterialEditorStats: Info Base pass shader with only dynamic lighting: 32 instructions
[2016.03.23-12.07.18:780][676]MaterialEditorStats: Info Vertex shader: 33 instructions
[2016.03.23-12.07.18:780][676]MaterialEditorStats: Info Texture samplers: 1/16
[2016.03.23-12.07.37:020][ 60]LogEditorViewport: Clicking on Actor (LMB): kerrostalo_Blueprint_C (kerrostalo_Blueprint)
[2016.03.23-12.08.00:810][615]LogParticles: Destroying 0 GPU particle simulations for FXSystem 0x0000000030299800
[2016.03.23-12.08.00:945][615]LogSavePackage: Save=112.243561ms
[2016.03.23-12.08.00:945][615]LogSavePackage: Moving '../../../../../../Users/group4-kevat/Documents/Unreal Projects/Kokeilu/InnoGit/Inno/Saved/FirstPersonExampleMap4A5ACD9B427A45B8E982C598BD2123D6.tmp' to '../../../../../../Users/group4-kevat/Documents/Unreal Projects/Kokeilu/InnoGit/Inno/Content/FirstPersonBP/Maps/FirstPersonExampleMap.umap'
[2016.03.23-12.08.00:979][615]LogSavePackage: Total save time: 166.784998ms
[2016.03.23-12.08.00:979][615]LogSavePackage:Display: Finished SavePackage ../../../../../../Users/group4-kevat/Documents/Unreal Projects/Kokeilu/InnoGit/Inno/Content/FirstPersonBP/Maps/FirstPersonExampleMap.umap
[2016.03.23-12.09.02:808][874]LogEditorViewport: Clicking on Actor (LMB): kerrostalo_Blueprint_C (kerrostalo_Blueprint)
[2016.03.23-12.16.27:367][855]Cmd: OBJ SAVEPACKAGE PACKAGE="/Game/Movies/simulation_video" FILE="../../../../../../Users/group4-kevat/Documents/Unreal Projects/Kokeilu/InnoGit/Inno/Content/Movies/simulation_video.uasset" SILENT=true
[2016.03.23-12.16.27:373][855]LogSavePackage: Save=2.522998ms
[2016.03.23-12.16.27:373][855]LogSavePackage: Moving '../../../../../../Users/group4-kevat/Documents/Unreal Projects/Kokeilu/InnoGit/Inno/Saved/simulation_video8CA702B6486CA0867B3C5FA4C3137603.tmp' to '../../../../../../Users/group4-kevat/Documents/Unreal Projects/Kokeilu/InnoGit/Inno/Content/Movies/simulation_video.uasset'
[2016.03.23-12.16.27:378][855]LogSavePackage: Total save time: 9.026632ms
[2016.03.23-12.16.27:378][855]LogSavePackage:Display: Finished SavePackage ../../../../../../Users/group4-kevat/Documents/Unreal Projects/Kokeilu/InnoGit/Inno/Content/Movies/simulation_video.uasset
[2016.03.23-12.16.27:407][855]LogSavePackage: Save=6.911136ms
[2016.03.23-12.16.27:407][855]LogSavePackage: Moving '../../../../../../Users/group4-kevat/Documents/Unreal Projects/Kokeilu/InnoGit/Inno/Saved/simulation_video_Tex48809DD3420D19BCD36B81B6390B4C46.tmp' to '../../../../../../Users/group4-kevat/Documents/Unreal Projects/Kokeilu/InnoGit/Inno/Content/Movies/simulation_video_Tex.uasset'
[2016.03.23-12.16.27:410][855]LogSavePackage: Total save time: 10.463346ms
[2016.03.23-12.16.27:410][855]LogSavePackage:Display: Finished SavePackage ../../../../../../Users/group4-kevat/Documents/Unreal Projects/Kokeilu/InnoGit/Inno/Content/Movies/simulation_video_Tex.uasset
[2016.03.23-12.16.27:468][855]LogSavePackage: Save=18.628183ms
[2016.03.23-12.16.27:468][855]LogSavePackage: Moving '../../../../../../Users/group4-kevat/Documents/Unreal Projects/Kokeilu/InnoGit/Inno/Saved/simulation_video_Tex_MatD96B5501462B0DC4500504BC5680AC50.tmp' to '../../../../../../Users/group4-kevat/Documents/Unreal Projects/Kokeilu/InnoGit/Inno/Content/Movies/simulation_video_Tex_Mat.uasset'
[2016.03.23-12.16.27:474][855]LogSavePackage: Total save time: 24.711005ms
[2016.03.23-12.16.27:474][855]LogSavePackage:Display: Finished SavePackage ../../../../../../Users/group4-kevat/Documents/Unreal Projects/Kokeilu/InnoGit/Inno/Content/Movies/simulation_video_Tex_Mat.uasset
[2016.03.23-12.16.27:793][856]Cmd: QUIT_EDITOR
[2016.03.23-12.16.27:939][856]LogExit: Preparing to exit.
[2016.03.23-12.16.28:502][856]LogExit: Editor shut down
[2016.03.23-12.16.28:502][856]LogExit: Transaction tracking system shut down
[2016.03.23-12.16.28:504][856]LogParticles: Destroying 0 GPU particle simulations for FXSystem 0x0000000027BB6AC0
[2016.03.23-12.16.28:504][856]LogParticles: Destroying 0 GPU particle simulations for FXSystem 0x000000002A72E7A0
[2016.03.23-12.16.28:505][856]LogParticles: Destroying 0 GPU particle simulations for FXSystem 0x000000001F3BD580
[2016.03.23-12.16.28:505][856]LogParticles: Destroying 0 GPU particle simulations for FXSystem 0x000000002A72EC00
[2016.03.23-12.16.28:638][856]LogParticles: Destroying 0 GPU particle simulations for FXSystem 0x00000000302EF240
[2016.03.23-12.16.28:638][856]LogExit: Object subsystem successfully closed.
[2016.03.23-12.16.28:648][856]LogD3D11RHI: Shutdown
[2016.03.23-12.16.28:648][856]LogD3D11RHI: CleanupD3DDevice
[2016.03.23-12.16.28:705][856]LogD3D11RHI: ~FD3D11DynamicRHI
[2016.03.23-12.16.28:719][856]LogModuleManager: Shutting down and abandoning module TextureEditor (201)
[2016.03.23-12.16.28:719][856]LogModuleManager: Shutting down and abandoning module MaterialEditor (200)
[2016.03.23-12.16.28:719][856]LogModuleManager: Shutting down and abandoning module CookingStats (199)
[2016.03.23-12.16.28:719][856]LogModuleManager: Shutting down and abandoning module CrashTracker (198)
[2016.03.23-12.16.28:719][856]LogModuleManager: Shutting down and abandoning module SceneOutliner (197)
[2016.03.23-12.16.28:719][856]LogModuleManager: Shutting down and abandoning module SuperSearch (196)
[2016.03.23-12.16.28:719][856]LogModuleManager: Shutting down and abandoning module WidgetCarousel (195)
[2016.03.23-12.16.28:719][856]LogModuleManager: Shutting down and abandoning module AddContentDialog (194)
[2016.03.23-12.16.28:720][856]LogModuleManager: Shutting down and abandoning module EditorWidgets (193)
[2016.03.23-12.16.28:720][856]LogModuleManager: Shutting down and abandoning module CollectionManager (192)
[2016.03.23-12.16.28:721][856]LogModuleManager: Shutting down and abandoning module StatsViewer (191)
[2016.03.23-12.16.28:721][856]LogModuleManager: Shutting down and abandoning module FoliageEdit (190)
[2016.03.23-12.16.28:721][856]LogModuleManager: Shutting down and abandoning module LandscapeEditor (189)
[2016.03.23-12.16.28:721][856]LogModuleManager: Shutting down and abandoning module ActorPickerMode (188)
[2016.03.23-12.16.28:721][856]LogModuleManager: Shutting down and abandoning module GeometryMode (187)
[2016.03.23-12.16.28:721][856]LogModuleManager: Shutting down and abandoning module TextureAlignMode (186)
[2016.03.23-12.16.28:721][856]LogModuleManager: Shutting down and abandoning module BspMode (185)
[2016.03.23-12.16.28:721][856]LogModuleManager: Shutting down and abandoning module PlacementMode (184)
[2016.03.23-12.16.28:721][856]LogModuleManager: Shutting down and abandoning module AutomationWorker (183)
[2016.03.23-12.16.28:721][856]LogModuleManager: Shutting down and abandoning module CharacterAI (182)
[2016.03.23-12.16.28:721][856]LogModuleManager: Shutting down and abandoning module SmartSnapping (181)
[2016.03.23-12.16.28:721][856]LogModuleManager: Shutting down and abandoning module ViewportSnapping (180)
[2016.03.23-12.16.28:721][856]LogModuleManager: Shutting down and abandoning module LogVisualizer (179)
[2016.03.23-12.16.28:721][856]LogModuleManager: Shutting down and abandoning module GameProjectGeneration (178)
[2016.03.23-12.16.28:721][856]LogModuleManager: Shutting down and abandoning module IntroTutorials (177)
[2016.03.23-12.16.28:721][856]LogModuleManager: Shutting down and abandoning module EditorLiveStreaming (176)
[2016.03.23-12.16.28:721][856]LogModuleManager: Shutting down and abandoning module IOSPlatformEditor (175)
[2016.03.23-12.16.28:721][856]LogModuleManager: Shutting down and abandoning module HTML5PlatformEditor (174)
[2016.03.23-12.16.28:721][856]LogModuleManager: Shutting down and abandoning module AndroidDeviceDetection (173)
[2016.03.23-12.16.28:930][856]LogModuleManager: Shutting down and abandoning module AndroidPlatformEditor (172)
[2016.03.23-12.16.28:930][856]LogModuleManager: Shutting down and abandoning module IOSRuntimeSettings (171)
[2016.03.23-12.16.28:930][856]LogModuleManager: Shutting down and abandoning module AndroidRuntimeSettings (170)
[2016.03.23-12.16.28:930][856]LogModuleManager: Shutting down and abandoning module MergeActors (169)
[2016.03.23-12.16.28:930][856]LogModuleManager: Shutting down and abandoning module SizeMap (168)
[2016.03.23-12.16.28:930][856]LogModuleManager: Shutting down and abandoning module TreeMap (167)
[2016.03.23-12.16.28:930][856]LogModuleManager: Shutting down and abandoning module ReferenceViewer (166)
[2016.03.23-12.16.28:930][856]LogModuleManager: Shutting down and abandoning module LocalizationService (165)
[2016.03.23-12.16.28:930][856]LogModuleManager: Shutting down and abandoning module LocalizationDashboard (164)
[2016.03.23-12.16.28:930][856]LogModuleManager: Shutting down and abandoning module HardwareTargeting (163)
[2016.03.23-12.16.28:930][856]LogModuleManager: Shutting down and abandoning module DeviceProfileEditor (162)
[2016.03.23-12.16.28:930][856]LogModuleManager: Shutting down and abandoning module UndoHistory (161)
[2016.03.23-12.16.28:930][856]LogModuleManager: Shutting down and abandoning module GameplayTagsEditor (160)
[2016.03.23-12.16.28:930][856]LogModuleManager: Shutting down and abandoning module UserFeedback (159)
[2016.03.23-12.16.28:930][856]LogModuleManager: Shutting down and abandoning module XmlParser (158)
[2016.03.23-12.16.28:930][856]LogModuleManager: Shutting down and abandoning module Blutility (157)
[2016.03.23-12.16.28:930][856]LogModuleManager: Shutting down and abandoning module ProjectTargetPlatformEditor (156)
[2016.03.23-12.16.28:930][856]LogModuleManager: Shutting down and abandoning module ProjectSettingsViewer (155)
[2016.03.23-12.16.28:930][856]LogModuleManager: Shutting down and abandoning module InputBindingEditor (154)
[2016.03.23-12.16.28:931][856]LogModuleManager: Shutting down and abandoning module EditorSettingsViewer (153)
[2016.03.23-12.16.28:931][856]LogModuleManager: Shutting down and abandoning module SettingsEditor (152)
[2016.03.23-12.16.28:931][856]LogModuleManager: Shutting down and abandoning module ProjectLauncher (151)
[2016.03.23-12.16.28:931][856]LogModuleManager: Shutting down and abandoning module SessionFrontend (150)
[2016.03.23-12.16.28:931][856]LogModuleManager: Shutting down and abandoning module ProfilerClient (149)
[2016.03.23-12.16.28:931][856]LogModuleManager: Shutting down and abandoning module TargetDeviceServices (148)
[2016.03.23-12.16.28:931][856]LogModuleManager: Shutting down and abandoning module DeviceManager (147)
[2016.03.23-12.16.28:931][856]LogModuleManager: Shutting down and abandoning module AutomationController (146)
[2016.03.23-12.16.28:931][856]LogModuleManager: Shutting down and abandoning module AutomationWindow (145)
[2016.03.23-12.16.28:931][856]LogModuleManager: Shutting down and abandoning module Layers (144)
[2016.03.23-12.16.28:931][856]LogModuleManager: Shutting down and abandoning module ComponentVisualizers (143)
[2016.03.23-12.16.28:931][856]LogModuleManager: Shutting down and abandoning module DetailCustomizations (142)
[2016.03.23-12.16.28:931][856]LogModuleManager: Shutting down and abandoning module PackagesDialog (141)
[2016.03.23-12.16.28:931][856]LogModuleManager: Shutting down and abandoning module Persona (140)
[2016.03.23-12.16.28:931][856]LogModuleManager: Shutting down and abandoning module Kismet (139)
[2016.03.23-12.16.28:931][856]LogModuleManager: Shutting down and abandoning module GraphEditor (138)
[2016.03.23-12.16.28:931][856]LogModuleManager: Shutting down and abandoning module ClassViewer (137)
[2016.03.23-12.16.28:932][856]LogModuleManager: Shutting down and abandoning module Toolbox (136)
[2016.03.23-12.16.28:932][856]LogModuleManager: Shutting down and abandoning module ModuleUI (135)
[2016.03.23-12.16.28:932][856]LogModuleManager: Shutting down and abandoning module MovieSceneTools (134)
[2016.03.23-12.16.28:933][856]LogModuleManager: Shutting down and abandoning module OutputLog (133)
[2016.03.23-12.16.28:933][856]LogModuleManager: Shutting down and abandoning module GammaUI (132)
[2016.03.23-12.16.28:933][856]LogModuleManager: Shutting down and abandoning module Documentation (131)
[2016.03.23-12.16.28:933][856]LogModuleManager: Shutting down and abandoning module GameLiveStreaming (130)
[2016.03.23-12.16.28:933][856]LogModuleManager: Shutting down and abandoning module StreamingPauseRendering (129)
[2016.03.23-12.16.28:933][856]LogModuleManager: Shutting down and abandoning module AnalyticsET (128)
[2016.03.23-12.16.28:933][856]LogModuleManager: Shutting down and abandoning module Analytics (127)
[2016.03.23-12.16.28:933][856]LogModuleManager: Shutting down and abandoning module AITestSuite (126)
[2016.03.23-12.16.28:933][856]LogModuleManager: Shutting down and abandoning module GameplayDebugger (125)
[2016.03.23-12.16.28:933][856]LogModuleManager: Shutting down and abandoning module AIModule (124)
[2016.03.23-12.16.28:933][856]LogModuleManager: Shutting down and abandoning module ProfilerService (123)
[2016.03.23-12.16.29:113][856]LogModuleManager: Shutting down and abandoning module TaskGraph (122)
[2016.03.23-12.16.29:113][856]LogModuleManager: Shutting down and abandoning module SlateRemote (121)
[2016.03.23-12.16.29:113][856]LogModuleManager: Shutting down and abandoning module SteamVRController (120)
[2016.03.23-12.16.29:113][856]LogModuleManager: Shutting down and abandoning module SteamVR (119)
[2016.03.23-12.16.29:113][856]LogModuleManager: Shutting down and abandoning module ProceduralMeshComponent (118)
[2016.03.23-12.16.29:113][856]LogModuleManager: Shutting down and abandoning module OculusLibrary (117)
[2016.03.23-12.16.29:113][856]LogModuleManager: Shutting down and abandoning module OculusInput (116)
[2016.03.23-12.16.29:113][856]LogModuleManager: Shutting down and abandoning module LeapMotionController (115)
[2016.03.23-12.16.29:120][856]LogModuleManager: Shutting down and abandoning module CustomMeshComponent (114)
[2016.03.23-12.16.29:120][856]LogModuleManager: Shutting down and abandoning module CableComponent (113)
[2016.03.23-12.16.29:120][856]LogModuleManager: Shutting down and abandoning module ArchVisCharacter (112)
[2016.03.23-12.16.29:120][856]LogModuleManager: Shutting down and abandoning module MessagingDebugger (111)
[2016.03.23-12.16.29:120][856]LogModuleManager: Shutting down and abandoning module MediaPlayerEditor (110)
[2016.03.23-12.16.29:120][856]LogModuleManager: Shutting down and abandoning module HTML5Networking (109)
[2016.03.23-12.16.29:120][856]LogModuleManager: Shutting down and abandoning module SpeedTreeImporter (108)
[2016.03.23-12.16.29:120][856]LogModuleManager: Shutting down and abandoning module PluginBrowser (107)
[2016.03.23-12.16.29:120][856]LogModuleManager: Shutting down and abandoning module EpicSurvey (106)
[2016.03.23-12.16.29:120][856]LogModuleManager: Shutting down and abandoning module DesktopPlatform (105)
[2016.03.23-12.16.29:120][856]LogModuleManager: Shutting down and abandoning module VisualStudioSourceCodeAccess (104)
[2016.03.23-12.16.29:120][856]LogModuleManager: Shutting down and abandoning module UObjectPlugin (103)
[2016.03.23-12.16.29:120][856]LogModuleManager: Shutting down and abandoning module SubversionSourceControl (102)
[2016.03.23-12.16.29:120][856]LogModuleManager: Shutting down and abandoning module PerforceSourceControl (101)
[2016.03.23-12.16.29:120][856]LogModuleManager: Shutting down and abandoning module SourceControl (100)
[2016.03.23-12.16.29:120][856]LogModuleManager: Shutting down and abandoning module GitSourceControl (99)
[2016.03.23-12.16.29:120][856]LogModuleManager: Shutting down and abandoning module LightPropagationVolumeEditor (98)
[2016.03.23-12.16.29:120][856]LogModuleManager: Shutting down and abandoning module PaperTiledImporter (97)
[2016.03.23-12.16.29:120][856]LogModuleManager: Shutting down and abandoning module PaperSpriteSheetImporter (96)
[2016.03.23-12.16.29:120][856]LogModuleManager: Shutting down and abandoning module MeshPaint (95)
[2016.03.23-12.16.29:120][856]LogModuleManager: Shutting down and abandoning module SlateReflector (94)
[2016.03.23-12.16.29:120][856]LogModuleManager: Shutting down and abandoning module HotReload (93)
[2016.03.23-12.16.29:120][856]LogModuleManager: Shutting down and abandoning module MainFrame (92)
[2016.03.23-12.16.29:120][856]LogModuleManager: Shutting down and abandoning module LevelEditor (91)
[2016.03.23-12.16.29:121][856]LogModuleManager: Shutting down and abandoning module DirectoryWatcher (90)
[2016.03.23-12.16.29:122][856]LogModuleManager: Shutting down and abandoning module AssetRegistry (89)
[2016.03.23-12.16.29:281][856]LogModuleManager: Shutting down and abandoning module ContentBrowser (88)
[2016.03.23-12.16.29:281][856]LogModuleManager: Shutting down and abandoning module Paper2DEditor (87)
[2016.03.23-12.16.29:281][856]LogModuleManager: Shutting down and abandoning module UdpMessaging (86)
[2016.03.23-12.16.29:382][856]LogModuleManager: Shutting down and abandoning module LightPropagationVolumeRuntime (85)
[2016.03.23-12.16.29:382][856]LogModuleManager: Shutting down and abandoning module Paper2D (84)
[2016.03.23-12.16.29:382][856]LogModuleManager: Shutting down and abandoning module WindowsMoviePlayer (83)
[2016.03.23-12.16.29:385][856]LogModuleManager: Shutting down and abandoning module Media (82)
[2016.03.23-12.16.29:385][856]LogModuleManager: Shutting down and abandoning module WmfMedia (81)
[2016.03.23-12.16.29:386][856]LogModuleManager: Shutting down and abandoning module OnlineBlueprintSupport (80)
[2016.03.23-12.16.29:386][856]LogModuleManager: Shutting down and abandoning module GameplayTasksEditor (79)
[2016.03.23-12.16.29:386][856]LogModuleManager: Shutting down and abandoning module PropertyEditor (78)
[2016.03.23-12.16.29:386][856]LogModuleManager: Shutting down and abandoning module BehaviorTreeEditor (77)
[2016.03.23-12.16.29:386][856]LogModuleManager: Shutting down and abandoning module FunctionalTesting (76)
[2016.03.23-12.16.29:386][856]LogModuleManager: Shutting down and abandoning module CollisionAnalyzer (75)
[2016.03.23-12.16.29:386][856]LogModuleManager: Shutting down and abandoning module WorkspaceMenuStructure (74)
[2016.03.23-12.16.29:386][856]LogModuleManager: Shutting down and abandoning module MessageLog (73)
[2016.03.23-12.16.29:386][856]LogModuleManager: Shutting down and abandoning module Sequencer (72)
[2016.03.23-12.16.29:386][856]LogModuleManager: Shutting down and abandoning module AssetTools (71)
[2016.03.23-12.16.29:386][856]LogModuleManager: Shutting down and abandoning module UMGEditor (70)
[2016.03.23-12.16.29:386][856]LogModuleManager: Shutting down and abandoning module UMG (69)
[2016.03.23-12.16.29:386][856]LogModuleManager: Shutting down and abandoning module Slate (68)
[2016.03.23-12.16.29:386][856]LogModuleManager: Shutting down and abandoning module EditorStyle (67)
[2016.03.23-12.16.29:389][856]LogModuleManager: Shutting down and abandoning module SessionServices (66)
[2016.03.23-12.16.29:389][856]LogModuleManager: Shutting down and abandoning module SourceCodeAccess (65)
[2016.03.23-12.16.29:389][856]LogModuleManager: Shutting down and abandoning module HeadMountedDisplay (64)
[2016.03.23-12.16.29:389][856]LogModuleManager: Shutting down and abandoning module XAudio2 (63)
[2016.03.23-12.16.29:389][856]LogModuleManager: Shutting down and abandoning module Networking (61)
[2016.03.23-12.16.29:389][856]LogModuleManager: Shutting down and abandoning module Core (60)
[2016.03.23-12.16.29:389][856]LogModuleManager: Shutting down and abandoning module KismetCompiler (59)
[2016.03.23-12.16.29:389][856]LogModuleManager: Shutting down and abandoning module PhysXFormats (58)
[2016.03.23-12.16.29:389][856]LogModuleManager: Shutting down and abandoning module MeshUtilities (57)
[2016.03.23-12.16.29:389][856]LogModuleManager: Shutting down and abandoning module DerivedDataCache (56)
[2016.03.23-12.16.29:465][856]LogDerivedDataCache: Shutdown
[2016.03.23-12.16.29:465][856]LogModuleManager: Shutting down and abandoning module ShaderFormatOpenGL (55)
[2016.03.23-12.16.29:465][856]LogModuleManager: Shutting down and abandoning module ShaderFormatD3D (54)
[2016.03.23-12.16.29:465][856]LogModuleManager: Shutting down and abandoning module MetalShaderFormat (53)
[2016.03.23-12.16.29:465][856]LogModuleManager: Shutting down and abandoning module TextureFormatUncompressed (52)
[2016.03.23-12.16.29:465][856]LogModuleManager: Shutting down and abandoning module TextureFormatPVR (51)
[2016.03.23-12.16.29:465][856]LogModuleManager: Shutting down and abandoning module TextureFormatIntelISPCTexComp (50)
[2016.03.23-12.16.29:465][856]LogModuleManager: Shutting down and abandoning module TextureFormatDXT (49)
[2016.03.23-12.16.29:465][856]LogModuleManager: Shutting down and abandoning module ImageWrapper (48)
[2016.03.23-12.16.29:465][856]LogModuleManager: Shutting down and abandoning module TextureFormatASTC (47)
[2016.03.23-12.16.29:465][856]LogModuleManager: Shutting down and abandoning module TextureFormatAndroid (46)
[2016.03.23-12.16.29:465][856]LogModuleManager: Shutting down and abandoning module AudioFormatOpus (45)
[2016.03.23-12.16.29:465][856]LogModuleManager: Shutting down and abandoning module AudioFormatOgg (44)
[2016.03.23-12.16.29:465][856]LogModuleManager: Shutting down and abandoning module AudioFormatADPCM (43)
[2016.03.23-12.16.29:465][856]LogModuleManager: Shutting down and abandoning module LinuxTargetPlatform (42)
[2016.03.23-12.16.29:465][856]LogModuleManager: Shutting down and abandoning module LinuxServerTargetPlatform (41)
[2016.03.23-12.16.29:465][856]LogModuleManager: Shutting down and abandoning module LinuxNoEditorTargetPlatform (40)
[2016.03.23-12.16.29:465][856]LogModuleManager: Shutting down and abandoning module Messaging (39)
[2016.03.23-12.16.29:465][856]LogModuleManager: Shutting down and abandoning module IOSTargetPlatform (38)
[2016.03.23-12.16.29:465][856]LogModuleManager: Shutting down and abandoning module HTML5TargetPlatform (37)
[2016.03.23-12.16.29:465][856]LogModuleManager: Shutting down and abandoning module Android_PVRTCTargetPlatform (36)
[2016.03.23-12.16.29:465][856]LogModuleManager: Shutting down and abandoning module Android_MultiTargetPlatform (35)
[2016.03.23-12.16.29:465][856]LogModuleManager: Shutting down and abandoning module Android_ETC2TargetPlatform (34)
[2016.03.23-12.16.29:465][856]LogModuleManager: Shutting down and abandoning module Android_ETC1TargetPlatform (33)
[2016.03.23-12.16.29:465][856]LogModuleManager: Shutting down and abandoning module Android_DXTTargetPlatform (32)
[2016.03.23-12.16.29:465][856]LogModuleManager: Shutting down and abandoning module Android_ATCTargetPlatform (31)
[2016.03.23-12.16.29:465][856]LogModuleManager: Shutting down and abandoning module Android_ASTCTargetPlatform (30)
[2016.03.23-12.16.29:465][856]LogModuleManager: Shutting down and abandoning module AndroidTargetPlatform (29)
[2016.03.23-12.16.29:465][856]LogModuleManager: Shutting down and abandoning module WindowsTargetPlatform (28)
[2016.03.23-12.16.29:465][856]LogModuleManager: Shutting down and abandoning module WindowsServerTargetPlatform (27)
[2016.03.23-12.16.29:465][856]LogModuleManager: Shutting down and abandoning module WindowsNoEditorTargetPlatform (26)
[2016.03.23-12.16.29:465][856]LogModuleManager: Shutting down and abandoning module WindowsClientTargetPlatform (25)
[2016.03.23-12.16.29:465][856]LogModuleManager: Shutting down and abandoning module AllDesktopTargetPlatform (24)
[2016.03.23-12.16.29:465][856]LogModuleManager: Shutting down and abandoning module TargetPlatform (23)
[2016.03.23-12.16.29:465][856]LogModuleManager: Shutting down and abandoning module InputCore (22)
[2016.03.23-12.16.29:465][856]LogModuleManager: Shutting down and abandoning module Settings (21)
[2016.03.23-12.16.29:466][856]LogModuleManager: Shutting down and abandoning module OnlineSubsystem (19)
[2016.03.23-12.16.29:466][856]LogModuleManager: Shutting down and abandoning module HTTP (18)
[2016.03.23-12.16.31:468][856]LogModuleManager: Shutting down and abandoning module XMPP (17)
[2016.03.23-12.16.31:468][856]LogModuleManager: Shutting down and abandoning module OculusRift (16)
[2016.03.23-12.16.31:468][856]LogModuleManager: Shutting down and abandoning module ExampleDeviceProfileSelector (15)
[2016.03.23-12.16.31:468][856]LogModuleManager: Shutting down and abandoning module TextureCompressor (14)
[2016.03.23-12.16.31:468][856]LogModuleManager: Shutting down and abandoning module ShaderCore (13)
[2016.03.23-12.16.31:468][856]LogModuleManager: Shutting down and abandoning module Landscape (12)
[2016.03.23-12.16.31:468][856]LogModuleManager: Shutting down and abandoning module SlateRHIRenderer (11)
[2016.03.23-12.16.31:469][856]LogModuleManager: Shutting down and abandoning module OpenGLDrv (10)
[2016.03.23-12.16.31:469][856]LogModuleManager: Shutting down and abandoning module D3D11RHI (9)
[2016.03.23-12.16.31:469][856]LogModuleManager: Shutting down and abandoning module AnimGraphRuntime (8)
[2016.03.23-12.16.31:469][856]LogModuleManager: Shutting down and abandoning module Renderer (7)
[2016.03.23-12.16.31:469][856]LogModuleManager: Shutting down and abandoning module Engine (6)
[2016.03.23-12.16.31:469][856]LogModuleManager: Shutting down and abandoning module CoreUObject (5)
[2016.03.23-12.16.31:469][856]LogModuleManager: Shutting down and abandoning module NetworkFile (4)
[2016.03.23-12.16.31:470][856]LogModuleManager: Shutting down and abandoning module StreamingFile (3)
[2016.03.23-12.16.31:470][856]LogModuleManager: Shutting down and abandoning module SandboxFile (2)
[2016.03.23-12.16.31:470][856]LogModuleManager: Shutting down and abandoning module PakFile (1)
[2016.03.23-12.16.31:487][856]LogExit: Exiting.
[2016.03.23-12.16.31:515][856]Log file closed, 03/23/16 14:16:31
