[2016.03.24-09.15.23:615][  0]Log file open, 03/24/16 11:15:23
[2016.03.24-09.15.23:615][  0]LogInit:Display: Running engine for game: Inno
[2016.03.24-09.15.23:615][  0]LogPlatformFile: Not using cached read wrapper
[2016.03.24-09.15.23:615][  0]LogInit:Display: RandInit(-1804476452) SRandInit(-1804476451).
[2016.03.24-09.15.23:615][  0]LogTaskGraph: Started task graph with 4 named threads and 5 total threads.
[2016.03.24-09.15.23:615][  0]LogStats: Stats thread started at 0.068910
[2016.03.24-09.15.23:615][  0]LogInit: Version: 4.10.4-2872498+++depot+UE4-Releases+4.10
[2016.03.24-09.15.23:615][  0]LogInit: API Version: 2758231
[2016.03.24-09.15.23:615][  0]LogInit: Compiled (64-bit): Feb 18 2016 15:47:04
[2016.03.24-09.15.23:615][  0]LogInit: Compiled with Visual C++: 19.00.23026.00
[2016.03.24-09.15.23:615][  0]LogInit: Build Configuration: Development
[2016.03.24-09.15.23:615][  0]LogInit: Branch Name: ++depot+UE4-Releases+4.10
[2016.03.24-09.15.23:615][  0]LogInit: Command line: -EpicPortal 
[2016.03.24-09.15.23:615][  0]LogInit: Base directory: C:/Program Files (x86)/Epic Games/4.10/Engine/Binaries/Win64/
[2016.03.24-09.15.23:615][  0]LogInit: Rocket: 1
[2016.03.24-09.15.23:652][  0]LogInit: Using libcurl 7.41.0
[2016.03.24-09.15.23:652][  0]LogInit:  - built for x86_64-pc-win32
[2016.03.24-09.15.23:652][  0]LogInit:  - supports SSL with WinSSL
[2016.03.24-09.15.23:652][  0]LogInit:  - other features:
[2016.03.24-09.15.23:652][  0]LogInit:      CURL_VERSION_SSL
[2016.03.24-09.15.23:652][  0]LogInit:      CURL_VERSION_IPV6
[2016.03.24-09.15.23:652][  0]LogInit:      CURL_VERSION_ASYNCHDNS
[2016.03.24-09.15.23:652][  0]LogInit:      CURL_VERSION_LARGEFILE
[2016.03.24-09.15.23:652][  0]LogInit:      CURL_VERSION_IDN
[2016.03.24-09.15.23:652][  0]LogInit:  CurlRequestOptions (configurable via config and command line):
[2016.03.24-09.15.23:652][  0]LogInit:  - bVerifyPeer = true  - Libcurl will verify peer certificate
[2016.03.24-09.15.23:652][  0]LogInit:  - bUseHttpProxy = false  - Libcurl will NOT use HTTP proxy
[2016.03.24-09.15.23:652][  0]LogInit:  - bDontReuseConnections = false  - Libcurl will reuse connections
[2016.03.24-09.15.23:652][  0]LogInit:  - CertBundlePath = nullptr  - Libcurl will use whatever was configured at build time.
[2016.03.24-09.15.23:669][  0]LogInit: Presizing for 0 objects not considered by GC, pre-allocating 0 bytes.
[2016.03.24-09.15.23:681][  0]LogInit: Object subsystem initialized
[2016.03.24-09.15.23:683][  0]LogInit: Selected Device Profile: [Windows]
[2016.03.24-09.15.23:683][  0]LogInit: Applying CVar settings loaded from the selected device profile: [Windows]
[2016.03.24-09.15.23:694][  0]LogInit: Computer: V-213-08
[2016.03.24-09.15.23:694][  0]LogInit: User: group4kevat
[2016.03.24-09.15.23:694][  0]LogInit: CPU Page size=4096, Cores=2
[2016.03.24-09.15.23:694][  0]LogInit: High frequency timer resolution =2.628320 MHz
[2016.03.24-09.15.23:694][  0]LogMemory: Memory total: Physical=15.9GB (16GB approx)
[2016.03.24-09.15.23:694][  0]LogMemory: Platform Memory Stats for Windows
[2016.03.24-09.15.23:694][  0]LogMemory: Process Physical Memory: 55.79 MB used, 55.79 MB peak
[2016.03.24-09.15.23:694][  0]LogMemory: Process Virtual Memory: 56.51 MB used, 56.51 MB peak
[2016.03.24-09.15.23:694][  0]LogMemory: Physical Memory: 3402.21 MB used, 16257.05 MB total
[2016.03.24-09.15.23:694][  0]LogMemory: Virtual Memory: 346.32 MB used, 8388608.00 MB total
[2016.03.24-09.15.24:044][  0]LogTextLocalizationManager: No translations for ('fi-FI') exist, falling back to 'en' for localization and internationalization data.
[2016.03.24-09.15.24:644][  0]LogD3D11RHI: Found D3D11 adapter 0: Intel(R) HD Graphics 4000 (Feature Level 11_0)
[2016.03.24-09.15.24:644][  0]LogD3D11RHI: Adapter has 64MB of dedicated video memory, 0MB of dedicated system memory, and 1632MB of shared system memory, 1 output[s]
[2016.03.24-09.15.24:644][  0]LogD3D11RHI: Chosen D3D11 Adapter Id = 0
[2016.03.24-09.15.24:650][  0]LogD3D11RHI: !Direct3DDevice
[2016.03.24-09.15.24:650][  0]LogRHI: Texture pool is 616 MB (70% of 880 MB)
[2016.03.24-09.15.24:653][  0]LogD3D11RHI: Async texture creation enabled
[2016.03.24-09.15.24:669][  0]LogShaderCompilers: Guid format shader working directory is -34 characters bigger than the processId version (../../../../../../Users/group4-kevat/Documents/Unreal Projects/Kokeilu/InnoGit/Inno/Intermediate/Shaders/WorkingDirectory/5264/).
[2016.03.24-09.15.24:669][  0]LogShaderCompilers: Cleaned the shader compiler working directory 'C:/Users/GROUP4~1/AppData/Local/Temp/UnrealShaderWorkingDir/CF47798A4B535B77F3602F942A038874/'.
[2016.03.24-09.15.24:669][  0]LogShaderCompilers:Display: Using Local Shader Compiler.
[2016.03.24-09.15.26:373][  0]LogTemp:Display: Loaded TP AllDesktopTargetPlatform
[2016.03.24-09.15.26:378][  0]LogTemp:Display: Loaded TP WindowsClientTargetPlatform
[2016.03.24-09.15.26:383][  0]LogTemp:Display: Loaded TP WindowsNoEditorTargetPlatform
[2016.03.24-09.15.26:388][  0]LogTemp:Display: Loaded TP WindowsServerTargetPlatform
[2016.03.24-09.15.26:392][  0]LogTemp:Display: Loaded TP WindowsTargetPlatform
[2016.03.24-09.15.26:400][  0]LogTemp:Display: Loaded TP AndroidTargetPlatform
[2016.03.24-09.15.26:403][  0]LogTemp:Display: Loaded TP Android_ASTCTargetPlatform
[2016.03.24-09.15.26:406][  0]LogTemp:Display: Loaded TP Android_ATCTargetPlatform
[2016.03.24-09.15.26:409][  0]LogTemp:Display: Loaded TP Android_DXTTargetPlatform
[2016.03.24-09.15.26:412][  0]LogTemp:Display: Loaded TP Android_ETC1TargetPlatform
[2016.03.24-09.15.26:415][  0]LogTemp:Display: Loaded TP Android_ETC2TargetPlatform
[2016.03.24-09.15.26:422][  0]LogTemp:Display: Loaded TP Android_MultiTargetPlatform
[2016.03.24-09.15.26:422][  0]LogTemp:Display: Loaded TP Android_PVRTCTargetPlatform
[2016.03.24-09.15.26:423][  0]LogTemp:Display: Loaded TP HTML5TargetPlatform
[2016.03.24-09.15.26:443][  0]LogTemp:Display: Loaded TP IOSTargetPlatform
[2016.03.24-09.15.26:446][  0]LogTemp:Display: Loaded TP LinuxNoEditorTargetPlatform
[2016.03.24-09.15.26:448][  0]LogTemp:Display: Loaded TP LinuxServerTargetPlatform
[2016.03.24-09.15.26:455][  0]LogTemp:Display: Loaded TP LinuxTargetPlatform
[2016.03.24-09.15.26:455][  0]LogTargetPlatformManager:Display: Building Assets For Windows
[2016.03.24-09.15.26:536][  0]LogDerivedDataCache:Display: Max Cache Size: 512 MB
[2016.03.24-09.15.26:578][  0]LogDerivedDataCache: Loaded boot cache 0.04s 41MB C:/Users/group4-kevat/AppData/Local/UnrealEngine/4.10/DerivedDataCache/Boot.ddc.
[2016.03.24-09.15.26:578][  0]LogDerivedDataCache:Display: Loaded Boot cache: C:/Users/group4-kevat/AppData/Local/UnrealEngine/4.10/DerivedDataCache/Boot.ddc
[2016.03.24-09.15.26:578][  0]LogDerivedDataCache: FDerivedDataBackendGraph:  Pak pak cache file ../../../../../../Users/group4-kevat/Documents/Unreal Projects/Kokeilu/InnoGit/Inno/DerivedDataCache/DDC.ddp not found, will not use a pak cache.
[2016.03.24-09.15.26:578][  0]LogDerivedDataCache: Unable to find inner node Pak for hierarchical cache Hierarchy.
[2016.03.24-09.15.26:578][  0]LogDerivedDataCache: FDerivedDataBackendGraph:  CompressedPak pak cache file ../../../../../../Users/group4-kevat/Documents/Unreal Projects/Kokeilu/InnoGit/Inno/DerivedDataCache/Compressed.ddp not found, will not use a pak cache.
[2016.03.24-09.15.26:578][  0]LogDerivedDataCache: Unable to find inner node CompressedPak for hierarchical cache Hierarchy.
[2016.03.24-09.15.26:636][  0]LogDerivedDataCache:Display: Pak cache opened for reading ../../../Engine/DerivedDataCache/Compressed.ddp.
[2016.03.24-09.15.26:647][  0]LogDerivedDataCache: Using Local data cache path C:/Users/group4-kevat/AppData/Local/UnrealEngine/Common/DerivedDataCache: Writable
[2016.03.24-09.15.27:090][  0]LogInit: Selected Device Profile: [Windows]
[2016.03.24-09.15.27:090][  0]LogContentStreaming: Texture pool size is 0.000000MB
[2016.03.24-09.15.27:135][  0]LogMeshUtilities: No automatic mesh reduction module available
[2016.03.24-09.15.27:135][  0]LogMeshUtilities: No automatic mesh merging module available
[2016.03.24-09.15.27:621][  0]LogInit: WinSock: version 1.1 (2.2), MaxSocks=32767, MaxUdp=65467
[2016.03.24-09.15.28:782][  0]UdpMessaging: Initializing bridge on interface 0.0.0.0:0 to multicast group 230.0.0.1:6666.
[2016.03.24-09.15.28:929][  0]LogAssetRegistry: FAssetRegistry took 0.0096 seconds to start up
[2016.03.24-09.15.29:156][  0]SourceControl: Info Source control is disabled
[2016.03.24-09.15.29:178][  0]SourceControl: Info Source control is disabled
[2016.03.24-09.15.29:194][  0]SourceControl: Info Source control is disabled
[2016.03.24-09.15.29:204][  0]SourceControl: Info Source control is disabled
[2016.03.24-09.15.29:559][  0]LogObj: 28633 objects as part of root set at end of initial load.
[2016.03.24-09.15.29:559][  0]LogUObjectAllocator: 6099744 out of 0 bytes used by permanent object pool.
[2016.03.24-09.15.29:625][  0]LogEngine: Initializing Engine...
[2016.03.24-09.15.29:627][  0]LogHMD: Can't find Oculus library dev build: is proper Runtime installed? Version: 0.8.0.0
[2016.03.24-09.15.29:645][  0]LogHMD: SteamVR failed to initialize.  Err: 110
[2016.03.24-09.15.29:805][  0]LogAIModule: Creating AISystem for world NewWorld
[2016.03.24-09.15.29:810][  0]LogInit: XAudio2 using 'Speakers / Headphones (IDT High Definition Audio CODEC)' : 2 channels at 48 kHz using 16 bits per sample (channel mask 0x3)
[2016.03.24-09.15.29:833][  0]LogInit: FAudioDevice initialized.
[2016.03.24-09.15.29:858][  0]LogDerivedDataCache: Saved boot cache 0.02s 41MB C:/Users/group4-kevat/AppData/Local/UnrealEngine/4.10/DerivedDataCache/Boot.ddc.
[2016.03.24-09.15.29:861][  0]LogInit: Texture streaming: Enabled
[2016.03.24-09.15.29:868][  0]LogAnalytics: Creating configured Analytics provider AnalyticsET
[2016.03.24-09.15.29:868][  0]LogAnalytics: [UEEditor.Rocket.Release] APIServer = http://et2.epicgames.com/ET2/. AppVersion = 4.10.4-2872498+++depot+UE4-Releases+4.10
[2016.03.24-09.15.29:868][  0]LogAnalytics: [UEEditor.Rocket.Release] SetUserId 22b1a91b46ea4b27e6962492fe5d1438|4ce87246e8b44f34a4431ffaf7795bfc|cb64847f-68f7-44b3-89eb-ff1c848eec44
[2016.03.24-09.15.29:868][  0]LogAnalytics: [UEEditor.Rocket.Release] AnalyticsET::StartSession
[2016.03.24-09.15.29:878][  0]LogInit: Transaction tracking system initialized
[2016.03.24-09.15.29:913][  0]BlueprintLog: New page: Editor Load
[2016.03.24-09.15.30:026][  0]LocalizationService: Info Localization service is disabled
[2016.03.24-09.15.30:100][  0]LogLinker:Warning: Can't find file '/Game/SideScrollerBP/SideScrollerOverview'
[2016.03.24-09.15.30:100][  0]LogLinker:Warning: Can't find file '/Game/SideScrollerBP/SideScrollerOverview'
[2016.03.24-09.15.30:100][  0]LogUObjectGlobals:Warning: Failed to find object 'Class /Game/SideScrollerBP/SideScrollerOverview.SideScrollerOverview_C'
[2016.03.24-09.15.30:311][  0]LogConsoleResponse:Display: 
[2016.03.24-09.15.30:456][  0]LogCook:Display: Done creating registry. It took  0.00s.
[2016.03.24-09.15.30:520][  0]LogFileCache: Scanning file cache for directory 'C:/Users/group4-kevat/Documents/Unreal Projects/Kokeilu/InnoGit/Inno/Content/' took 0.02s
[2016.03.24-09.15.30:520][  0]SourceControl: Info Source control is disabled
[2016.03.24-09.15.30:520][  0]Cmd: MAP LOAD FILE="../../../../../../Users/group4-kevat/Documents/Unreal Projects/Kokeilu/InnoGit/Inno/Content/FirstPersonBP/Maps/FirstPersonExampleMap.umap" TEMPLATE=0 SHOWPROGRESS=1 FEATURELEVEL=3
[2016.03.24-09.15.30:522][  0]LightingResults: New page: Lighting Build
[2016.03.24-09.15.30:525][  0]MapCheck: New page: Map Check
[2016.03.24-09.15.30:525][  0]LightingResults: New page: Lighting Build
[2016.03.24-09.15.30:544][  0]LogParticles: Destroying 0 GPU particle simulations for FXSystem 0x000000002293AAC0
[2016.03.24-09.15.30:695][  0]LogLinker:Warning: Asset '../../../../../../Users/group4-kevat/Documents/Unreal Projects/Kokeilu/InnoGit/Inno/Content/FirstPerson/Meshes/FirstPersonProjectileMesh.uasset' has been saved with empty engine version. The asset will be loaded but may be incompatible.
[2016.03.24-09.15.31:606][  0]LogAIModule: Creating AISystem for world FirstPersonExampleMap
[2016.03.24-09.15.31:618][  0]LogEditorServer: Finished looking for orphan Actors (0.000 secs)
[2016.03.24-09.15.31:618][  0]Cmd: MAP CHECKDEP NOCLEARLOG
[2016.03.24-09.15.31:679][  0]MapCheck: Info Map check complete: 0 Error(s), 0 Warning(s), took 60.289ms to complete.
[2016.03.24-09.15.31:679][  0]LogFileHelpers: Loading map 'FirstPersonExampleMap' took 1.159
[2016.03.24-09.15.31:804][  0]LogCollectionManager: Loaded 0 collections in 0.003095 seconds
[2016.03.24-09.15.31:842][  0]LogFileCache: Scanning file cache for directory 'C:/Users/group4-kevat/Documents/Unreal Projects/Kokeilu/InnoGit/Inno/Saved/Collections/' took 0.01s
[2016.03.24-09.15.31:843][  0]LogFileCache: Scanning file cache for directory 'C:/Users/group4-kevat/Documents/Unreal Projects/Kokeilu/InnoGit/Inno/Content/Developers/group4kevat/Collections/' took 0.01s
[2016.03.24-09.15.31:843][  0]LogFileCache: Scanning file cache for directory 'C:/Users/group4-kevat/Documents/Unreal Projects/Kokeilu/InnoGit/Inno/Content/Collections/' took 0.01s
[2016.03.24-09.15.31:843][  0]LogCollectionManager: Rebuilt the GUID cache for 0 collections in 0.000002 seconds
[2016.03.24-09.15.31:850][  0]LogContentBrowser: Native class hierarchy populated in 0.0077 seconds. Added 1893 classes and 338 folders.
[2016.03.24-09.15.31:858][  0]LogContentBrowser: Native class hierarchy updated for 'WidgetCarousel' in 0.0003 seconds. Added 0 classes and 0 folders.
[2016.03.24-09.15.31:993][  0]LogContentBrowser: Native class hierarchy updated for 'AddContentDialog' in 0.0004 seconds. Added 0 classes and 0 folders.
[2016.03.24-09.15.31:997][  0]LogContentBrowser: Native class hierarchy updated for 'SceneOutliner' in 0.0004 seconds. Added 1 classes and 2 folders.
[2016.03.24-09.15.32:064][  0]LogCrashTracker: Crashtracker disabled due to settings.
[2016.03.24-09.15.32:067][  0]LogUObjectGlobals:Warning: Failed to find object 'Class None.'
[2016.03.24-09.15.32:092][  0]LogLoad: Full Startup: 9.36 seconds (BP compile: 0.13 seconds)
[2016.03.24-09.15.32:115][  0]LogOcInput: Can't find Oculus library dev build: is proper Runtime installed? Version: 0.8.0.0
[2016.03.24-09.15.32:193][  0]LogContentStreaming: Texture pool size now 200 MB
[2016.03.24-09.15.32:355][  0]LogRenderer: Reallocating scene render targets to support 1104x568 (Frame:2).
[2016.03.24-09.15.33:492][  5]LogAssetRegistry: Asset discovery search completed in 4.5730 seconds
[2016.03.24-09.15.33:492][  5]LogCollectionManager: Rebuilt the object cache for 0 collections in 0.000002 seconds (found 0 objects)
[2016.03.24-09.15.33:492][  5]LogCollectionManager: Fixed up redirectors for 0 collections in 0.000031 seconds (updated 0 objects)
[2016.03.24-09.15.41:473][205]LogBlueprintUserMessages: Early PlayInEditor Detection: Level '/Game/FirstPersonBP/Maps/FirstPersonExampleMap.FirstPersonExampleMap:PersistentLevel' has LevelScriptBlueprint '/Game/FirstPersonBP/Maps/FirstPersonExampleMap.FirstPersonExampleMap:PersistentLevel.FirstPersonExampleMap' with GeneratedClass '/Game/FirstPersonBP/Maps/FirstPersonExampleMap.FirstPersonExampleMap_C' with ClassGeneratedBy '/Game/FirstPersonBP/Maps/FirstPersonExampleMap.FirstPersonExampleMap:PersistentLevel.FirstPersonExampleMap'
[2016.03.24-09.15.41:473][205]LogPlayLevel: PlayLevel: No blueprints needed recompiling
[2016.03.24-09.15.41:474][205]PIE: New page: PIE session: FirstPersonExampleMap (Mar 24, 2016, 1:15:41 PM)
[2016.03.24-09.15.41:474][205]LogPlayLevel: Creating play world package: /Game/FirstPersonBP/Maps/UEDPIE_0_FirstPersonExampleMap
[2016.03.24-09.15.41:505][205]LogPlayLevel: PIE: StaticDuplicateObject took: (0.031825s)
[2016.03.24-09.15.41:508][205]LogAIModule: Creating AISystem for world FirstPersonExampleMap
[2016.03.24-09.15.41:509][205]LogPlayLevel: PIE: World Init took: (0.003136s)
[2016.03.24-09.15.41:509][205]LogPlayLevel: PIE: Created PIE world by copying editor world from /Game/FirstPersonBP/Maps/FirstPersonExampleMap.FirstPersonExampleMap to /Game/FirstPersonBP/Maps/UEDPIE_0_FirstPersonExampleMap.FirstPersonExampleMap (0.035502s)
[2016.03.24-09.15.41:560][205]LogInit: XAudio2 using 'Speakers / Headphones (IDT High Definition Audio CODEC)' : 2 channels at 48 kHz using 16 bits per sample (channel mask 0x3)
[2016.03.24-09.15.41:567][205]LogInit: FAudioDevice initialized.
[2016.03.24-09.15.41:622][205]LogLinker:Warning: Asset '../../../../../../Users/group4-kevat/Documents/Unreal Projects/Kokeilu/InnoGit/Inno/Content/FirstPersonBP/Blueprints/FirstPersonHUD.uasset' has been saved with empty engine version. The asset will be loaded but may be incompatible.
[2016.03.24-09.15.41:648][205]LogWorld: Game class is 'FirstPersonGameMode_C'
[2016.03.24-09.15.41:653][205]LogWorld: Bringing World /Game/FirstPersonBP/Maps/UEDPIE_0_FirstPersonExampleMap.FirstPersonExampleMap up for play (max tick rate 60) at 2016.03.24-11.15.41
[2016.03.24-09.15.41:653][205]LogActor:Warning: GameSession /Game/FirstPersonBP/Maps/UEDPIE_0_FirstPersonExampleMap.FirstPersonExampleMap:PersistentLevel.GameSession_0 has natively added scene component(s), but none of them were set as the actor's RootComponent - picking one arbitrarily
[2016.03.24-09.15.41:653][205]LogActor:Warning: GameNetworkManager /Game/FirstPersonBP/Maps/UEDPIE_0_FirstPersonExampleMap.FirstPersonExampleMap:PersistentLevel.GameNetworkManager_0 has natively added scene component(s), but none of them were set as the actor's RootComponent - picking one arbitrarily
[2016.03.24-09.15.41:653][205]LogWorld: Bringing up level for play took: 0.003638
[2016.03.24-09.15.41:655][205]PIE: Info Play in editor start time for /Game/FirstPersonBP/Maps/UEDPIE_0_FirstPersonExampleMap 0.431
[2016.03.24-09.15.41:655][205]LogBlueprintUserMessages: Late PlayInEditor Detection: Level '/Game/FirstPersonBP/Maps/FirstPersonExampleMap.FirstPersonExampleMap:PersistentLevel' has LevelScriptBlueprint '/Game/FirstPersonBP/Maps/FirstPersonExampleMap.FirstPersonExampleMap:PersistentLevel.FirstPersonExampleMap' with GeneratedClass '/Game/FirstPersonBP/Maps/FirstPersonExampleMap.FirstPersonExampleMap_C' with ClassGeneratedBy '/Game/FirstPersonBP/Maps/FirstPersonExampleMap.FirstPersonExampleMap:PersistentLevel.FirstPersonExampleMap'
[2016.03.24-09.15.45:692][406]LogBlueprintUserMessages: Early EndPlayMap Detection: Level '/Game/FirstPersonBP/Maps/FirstPersonExampleMap.FirstPersonExampleMap:PersistentLevel' has LevelScriptBlueprint '/Game/FirstPersonBP/Maps/FirstPersonExampleMap.FirstPersonExampleMap:PersistentLevel.FirstPersonExampleMap' with GeneratedClass '/Game/FirstPersonBP/Maps/FirstPersonExampleMap.FirstPersonExampleMap_C' with ClassGeneratedBy '/Game/FirstPersonBP/Maps/FirstPersonExampleMap.FirstPersonExampleMap:PersistentLevel.FirstPersonExampleMap'
[2016.03.24-09.15.45:744][406]LogBlueprintUserMessages: Late EndPlayMap Detection: Level '/Game/FirstPersonBP/Maps/FirstPersonExampleMap.FirstPersonExampleMap:PersistentLevel' has LevelScriptBlueprint '/Game/FirstPersonBP/Maps/FirstPersonExampleMap.FirstPersonExampleMap:PersistentLevel.FirstPersonExampleMap' with GeneratedClass '/Game/FirstPersonBP/Maps/FirstPersonExampleMap.FirstPersonExampleMap_C' with ClassGeneratedBy '/Game/FirstPersonBP/Maps/FirstPersonExampleMap.FirstPersonExampleMap:PersistentLevel.FirstPersonExampleMap'
[2016.03.24-09.15.45:767][406]LogParticles: Destroying 0 GPU particle simulations for FXSystem 0x000000002C6051C0
[2016.03.24-09.15.49:169][491]LogContentBrowser: Native class hierarchy updated for 'TextureEditor' in 0.0004 seconds. Added 1 classes and 2 folders.
[2016.03.24-09.15.59:262][707]LogBlueprintUserMessages: Early PlayInEditor Detection: Level '/Game/FirstPersonBP/Maps/FirstPersonExampleMap.FirstPersonExampleMap:PersistentLevel' has LevelScriptBlueprint '/Game/FirstPersonBP/Maps/FirstPersonExampleMap.FirstPersonExampleMap:PersistentLevel.FirstPersonExampleMap' with GeneratedClass '/Game/FirstPersonBP/Maps/FirstPersonExampleMap.FirstPersonExampleMap_C' with ClassGeneratedBy '/Game/FirstPersonBP/Maps/FirstPersonExampleMap.FirstPersonExampleMap:PersistentLevel.FirstPersonExampleMap'
[2016.03.24-09.15.59:262][707]LogPlayLevel: PlayLevel: No blueprints needed recompiling
[2016.03.24-09.15.59:263][707]PIE: New page: PIE session: FirstPersonExampleMap (Mar 24, 2016, 1:15:59 PM)
[2016.03.24-09.15.59:263][707]LogPlayLevel: Creating play world package: /Game/FirstPersonBP/Maps/UEDPIE_0_FirstPersonExampleMap
[2016.03.24-09.15.59:304][707]LogPlayLevel: PIE: StaticDuplicateObject took: (0.040966s)
[2016.03.24-09.15.59:306][707]LogAIModule: Creating AISystem for world FirstPersonExampleMap
[2016.03.24-09.15.59:306][707]LogPlayLevel: PIE: World Init took: (0.002569s)
[2016.03.24-09.15.59:307][707]LogPlayLevel: PIE: Created PIE world by copying editor world from /Game/FirstPersonBP/Maps/FirstPersonExampleMap.FirstPersonExampleMap to /Game/FirstPersonBP/Maps/UEDPIE_0_FirstPersonExampleMap.FirstPersonExampleMap (0.044001s)
[2016.03.24-09.15.59:350][707]LogInit: XAudio2 using 'Speakers / Headphones (IDT High Definition Audio CODEC)' : 2 channels at 48 kHz using 16 bits per sample (channel mask 0x3)
[2016.03.24-09.15.59:356][707]LogInit: FAudioDevice initialized.
[2016.03.24-09.15.59:387][707]LogWorld: Game class is 'FirstPersonGameMode_C'
[2016.03.24-09.15.59:390][707]LogWorld: Bringing World /Game/FirstPersonBP/Maps/UEDPIE_0_FirstPersonExampleMap.FirstPersonExampleMap up for play (max tick rate 60) at 2016.03.24-11.15.59
[2016.03.24-09.15.59:390][707]LogActor:Warning: GameSession /Game/FirstPersonBP/Maps/UEDPIE_0_FirstPersonExampleMap.FirstPersonExampleMap:PersistentLevel.GameSession_1 has natively added scene component(s), but none of them were set as the actor's RootComponent - picking one arbitrarily
[2016.03.24-09.15.59:391][707]LogActor:Warning: GameNetworkManager /Game/FirstPersonBP/Maps/UEDPIE_0_FirstPersonExampleMap.FirstPersonExampleMap:PersistentLevel.GameNetworkManager_1 has natively added scene component(s), but none of them were set as the actor's RootComponent - picking one arbitrarily
[2016.03.24-09.15.59:391][707]LogWorld: Bringing up level for play took: 0.003273
[2016.03.24-09.15.59:392][707]PIE: Info Play in editor start time for /Game/FirstPersonBP/Maps/UEDPIE_0_FirstPersonExampleMap 0.167
[2016.03.24-09.15.59:392][707]LogBlueprintUserMessages: Late PlayInEditor Detection: Level '/Game/FirstPersonBP/Maps/FirstPersonExampleMap.FirstPersonExampleMap:PersistentLevel' has LevelScriptBlueprint '/Game/FirstPersonBP/Maps/FirstPersonExampleMap.FirstPersonExampleMap:PersistentLevel.FirstPersonExampleMap' with GeneratedClass '/Game/FirstPersonBP/Maps/FirstPersonExampleMap.FirstPersonExampleMap_C' with ClassGeneratedBy '/Game/FirstPersonBP/Maps/FirstPersonExampleMap.FirstPersonExampleMap:PersistentLevel.FirstPersonExampleMap'
[2016.03.24-09.16.16:471][543]LogBlueprintUserMessages: Early EndPlayMap Detection: Level '/Game/FirstPersonBP/Maps/FirstPersonExampleMap.FirstPersonExampleMap:PersistentLevel' has LevelScriptBlueprint '/Game/FirstPersonBP/Maps/FirstPersonExampleMap.FirstPersonExampleMap:PersistentLevel.FirstPersonExampleMap' with GeneratedClass '/Game/FirstPersonBP/Maps/FirstPersonExampleMap.FirstPersonExampleMap_C' with ClassGeneratedBy '/Game/FirstPersonBP/Maps/FirstPersonExampleMap.FirstPersonExampleMap:PersistentLevel.FirstPersonExampleMap'
[2016.03.24-09.16.16:517][543]LogBlueprintUserMessages: Late EndPlayMap Detection: Level '/Game/FirstPersonBP/Maps/FirstPersonExampleMap.FirstPersonExampleMap:PersistentLevel' has LevelScriptBlueprint '/Game/FirstPersonBP/Maps/FirstPersonExampleMap.FirstPersonExampleMap:PersistentLevel.FirstPersonExampleMap' with GeneratedClass '/Game/FirstPersonBP/Maps/FirstPersonExampleMap.FirstPersonExampleMap_C' with ClassGeneratedBy '/Game/FirstPersonBP/Maps/FirstPersonExampleMap.FirstPersonExampleMap:PersistentLevel.FirstPersonExampleMap'
[2016.03.24-09.16.16:563][544]LogParticles: Destroying 0 GPU particle simulations for FXSystem 0x000000001108FBA0
[2016.03.24-09.17.00:726][986]AssetReimport: New page: Outstanding source content changes 1:17:00 PM
[2016.03.24-09.17.04:063][996]AssetReimport:Warning: Warning Can't create a new asset at /Game/Movies/simulation_video - one already exists.
[2016.03.24-09.17.17:104][ 60]LogCrashTracker: 


[2016.03.24-09.17.17:104][ 60]LogCrashTracker: 


[2016.03.24-09.17.17:104][ 60]LogWindows:Error: === Critical error: ===
Fatal error!



[2016.03.24-09.17.17:176][ 60]LogExit: Executing StaticShutdownAfterError
[2016.03.24-09.17.17:178][ 60]LogPhysics:Warning: PHYSX: ..\..\PhysX\src\NpScene.cpp (2946) 8 : PxScene::unlockWrite() called without matching call to PxScene::lockWrite(), behaviour will be undefined.
[2016.03.24-09.17.17:179][ 60]LogPhysics:Warning: PHYSX: ..\..\PhysX\src\NpScene.cpp (2946) 8 : PxScene::unlockWrite() called without matching call to PxScene::lockWrite(), behaviour will be undefined.
[2016.03.24-09.17.17:179][ 60]LogWindows: FPlatformMisc::RequestExit(1)
[2016.03.24-09.17.17:179][ 60]Log file closed, 03/24/16 11:17:17
