[2016.03.23-08.02.15:535][  0]Log file open, 03/23/16 10:02:15
[2016.03.23-08.02.15:535][  0]LogInit:Display: Running engine for game: Inno
[2016.03.23-08.02.15:535][  0]LogPlatformFile: Not using cached read wrapper
[2016.03.23-08.02.15:535][  0]LogInit:Display: RandInit(-1802517039) SRandInit(-1802517038).
[2016.03.23-08.02.15:535][  0]LogTaskGraph: Started task graph with 4 named threads and 5 total threads.
[2016.03.23-08.02.15:535][  0]LogStats: Stats thread started at 0.057244
[2016.03.23-08.02.15:535][  0]LogInit: Version: 4.10.4-2872498+++depot+UE4-Releases+4.10
[2016.03.23-08.02.15:535][  0]LogInit: API Version: 2758231
[2016.03.23-08.02.15:535][  0]LogInit: Compiled (64-bit): Feb 18 2016 15:47:04
[2016.03.23-08.02.15:535][  0]LogInit: Compiled with Visual C++: 19.00.23026.00
[2016.03.23-08.02.15:535][  0]LogInit: Build Configuration: Development
[2016.03.23-08.02.15:535][  0]LogInit: Branch Name: ++depot+UE4-Releases+4.10
[2016.03.23-08.02.15:535][  0]LogInit: Command line: -EpicPortal 
[2016.03.23-08.02.15:535][  0]LogInit: Base directory: C:/Program Files (x86)/Epic Games/4.10/Engine/Binaries/Win64/
[2016.03.23-08.02.15:535][  0]LogInit: Rocket: 1
[2016.03.23-08.02.15:541][  0]LogInit: Using libcurl 7.41.0
[2016.03.23-08.02.15:541][  0]LogInit:  - built for x86_64-pc-win32
[2016.03.23-08.02.15:541][  0]LogInit:  - supports SSL with WinSSL
[2016.03.23-08.02.15:541][  0]LogInit:  - other features:
[2016.03.23-08.02.15:541][  0]LogInit:      CURL_VERSION_SSL
[2016.03.23-08.02.15:541][  0]LogInit:      CURL_VERSION_IPV6
[2016.03.23-08.02.15:541][  0]LogInit:      CURL_VERSION_ASYNCHDNS
[2016.03.23-08.02.15:541][  0]LogInit:      CURL_VERSION_LARGEFILE
[2016.03.23-08.02.15:541][  0]LogInit:      CURL_VERSION_IDN
[2016.03.23-08.02.15:542][  0]LogInit:  CurlRequestOptions (configurable via config and command line):
[2016.03.23-08.02.15:542][  0]LogInit:  - bVerifyPeer = true  - Libcurl will verify peer certificate
[2016.03.23-08.02.15:542][  0]LogInit:  - bUseHttpProxy = false  - Libcurl will NOT use HTTP proxy
[2016.03.23-08.02.15:542][  0]LogInit:  - bDontReuseConnections = false  - Libcurl will reuse connections
[2016.03.23-08.02.15:542][  0]LogInit:  - CertBundlePath = nullptr  - Libcurl will use whatever was configured at build time.
[2016.03.23-08.02.15:549][  0]LogInit: Presizing for 0 objects not considered by GC, pre-allocating 0 bytes.
[2016.03.23-08.02.15:556][  0]LogInit: Object subsystem initialized
[2016.03.23-08.02.15:557][  0]LogInit: Selected Device Profile: [Windows]
[2016.03.23-08.02.15:557][  0]LogInit: Applying CVar settings loaded from the selected device profile: [Windows]
[2016.03.23-08.02.15:566][  0]LogInit: Computer: V-213-08
[2016.03.23-08.02.15:566][  0]LogInit: User: group4kevat
[2016.03.23-08.02.15:566][  0]LogInit: CPU Page size=4096, Cores=2
[2016.03.23-08.02.15:566][  0]LogInit: High frequency timer resolution =2.628222 MHz
[2016.03.23-08.02.15:566][  0]LogMemory: Memory total: Physical=15.9GB (16GB approx)
[2016.03.23-08.02.15:566][  0]LogMemory: Platform Memory Stats for Windows
[2016.03.23-08.02.15:566][  0]LogMemory: Process Physical Memory: 55.55 MB used, 55.55 MB peak
[2016.03.23-08.02.15:566][  0]LogMemory: Process Virtual Memory: 58.48 MB used, 58.48 MB peak
[2016.03.23-08.02.15:566][  0]LogMemory: Physical Memory: 5154.99 MB used, 16257.05 MB total
[2016.03.23-08.02.15:566][  0]LogMemory: Virtual Memory: 348.25 MB used, 8388608.00 MB total
[2016.03.23-08.02.15:608][  0]LogTextLocalizationManager: No translations for ('fi-FI') exist, falling back to 'en' for localization and internationalization data.
[2016.03.23-08.02.16:111][  0]LogD3D11RHI: Found D3D11 adapter 0: Intel(R) HD Graphics 4000 (Feature Level 11_0)
[2016.03.23-08.02.16:111][  0]LogD3D11RHI: Adapter has 64MB of dedicated video memory, 0MB of dedicated system memory, and 1632MB of shared system memory, 1 output[s]
[2016.03.23-08.02.16:111][  0]LogD3D11RHI: Chosen D3D11 Adapter Id = 0
[2016.03.23-08.02.16:117][  0]LogD3D11RHI: !Direct3DDevice
[2016.03.23-08.02.16:118][  0]LogRHI: Texture pool is 616 MB (70% of 880 MB)
[2016.03.23-08.02.16:121][  0]LogD3D11RHI: Async texture creation enabled
[2016.03.23-08.02.16:136][  0]LogShaderCompilers: Guid format shader working directory is -26 characters bigger than the processId version (../../../../../../Users/group4-kevat/Documents/Unreal Projects/Kokeilu/Inno/Intermediate/Shaders/WorkingDirectory/1128/).
[2016.03.23-08.02.16:136][  0]LogShaderCompilers: Cleaned the shader compiler working directory 'C:/Users/GROUP4~1/AppData/Local/Temp/UnrealShaderWorkingDir/25235B9041D19F0C1F38C28725215655/'.
[2016.03.23-08.02.16:136][  0]LogShaderCompilers:Display: Using Local Shader Compiler.
[2016.03.23-08.02.17:764][  0]LogTemp:Display: Loaded TP AllDesktopTargetPlatform
[2016.03.23-08.02.17:770][  0]LogTemp:Display: Loaded TP WindowsClientTargetPlatform
[2016.03.23-08.02.17:775][  0]LogTemp:Display: Loaded TP WindowsNoEditorTargetPlatform
[2016.03.23-08.02.17:780][  0]LogTemp:Display: Loaded TP WindowsServerTargetPlatform
[2016.03.23-08.02.17:785][  0]LogTemp:Display: Loaded TP WindowsTargetPlatform
[2016.03.23-08.02.17:790][  0]LogTemp:Display: Loaded TP AndroidTargetPlatform
[2016.03.23-08.02.17:794][  0]LogTemp:Display: Loaded TP Android_ASTCTargetPlatform
[2016.03.23-08.02.17:798][  0]LogTemp:Display: Loaded TP Android_ATCTargetPlatform
[2016.03.23-08.02.17:803][  0]LogTemp:Display: Loaded TP Android_DXTTargetPlatform
[2016.03.23-08.02.17:808][  0]LogTemp:Display: Loaded TP Android_ETC1TargetPlatform
[2016.03.23-08.02.17:813][  0]LogTemp:Display: Loaded TP Android_ETC2TargetPlatform
[2016.03.23-08.02.17:823][  0]LogTemp:Display: Loaded TP Android_MultiTargetPlatform
[2016.03.23-08.02.17:823][  0]LogTemp:Display: Loaded TP Android_PVRTCTargetPlatform
[2016.03.23-08.02.17:824][  0]LogTemp:Display: Loaded TP HTML5TargetPlatform
[2016.03.23-08.02.17:844][  0]LogTemp:Display: Loaded TP IOSTargetPlatform
[2016.03.23-08.02.17:848][  0]LogTemp:Display: Loaded TP LinuxNoEditorTargetPlatform
[2016.03.23-08.02.17:853][  0]LogTemp:Display: Loaded TP LinuxServerTargetPlatform
[2016.03.23-08.02.17:857][  0]LogTemp:Display: Loaded TP LinuxTargetPlatform
[2016.03.23-08.02.17:857][  0]LogTargetPlatformManager:Display: Building Assets For Windows
[2016.03.23-08.02.17:958][  0]LogDerivedDataCache:Display: Max Cache Size: 512 MB
[2016.03.23-08.02.18:008][  0]LogDerivedDataCache: Loaded boot cache 0.05s 41MB C:/Users/group4-kevat/AppData/Local/UnrealEngine/4.10/DerivedDataCache/Boot.ddc.
[2016.03.23-08.02.18:008][  0]LogDerivedDataCache:Display: Loaded Boot cache: C:/Users/group4-kevat/AppData/Local/UnrealEngine/4.10/DerivedDataCache/Boot.ddc
[2016.03.23-08.02.18:009][  0]LogDerivedDataCache: FDerivedDataBackendGraph:  Pak pak cache file ../../../../../../Users/group4-kevat/Documents/Unreal Projects/Kokeilu/Inno/DerivedDataCache/DDC.ddp not found, will not use a pak cache.
[2016.03.23-08.02.18:009][  0]LogDerivedDataCache: Unable to find inner node Pak for hierarchical cache Hierarchy.
[2016.03.23-08.02.18:009][  0]LogDerivedDataCache: FDerivedDataBackendGraph:  CompressedPak pak cache file ../../../../../../Users/group4-kevat/Documents/Unreal Projects/Kokeilu/Inno/DerivedDataCache/Compressed.ddp not found, will not use a pak cache.
[2016.03.23-08.02.18:009][  0]LogDerivedDataCache: Unable to find inner node CompressedPak for hierarchical cache Hierarchy.
[2016.03.23-08.02.18:093][  0]LogDerivedDataCache:Display: Pak cache opened for reading ../../../Engine/DerivedDataCache/Compressed.ddp.
[2016.03.23-08.02.18:104][  0]LogDerivedDataCache: Using Local data cache path C:/Users/group4-kevat/AppData/Local/UnrealEngine/Common/DerivedDataCache: Writable
[2016.03.23-08.02.18:418][  0]LogInit: Selected Device Profile: [Windows]
[2016.03.23-08.02.18:420][  0]LogContentStreaming: Texture pool size is 0.000000MB
[2016.03.23-08.02.18:489][  0]LogMeshUtilities: No automatic mesh reduction module available
[2016.03.23-08.02.18:489][  0]LogMeshUtilities: No automatic mesh merging module available
[2016.03.23-08.02.18:991][  0]LogInit: WinSock: version 1.1 (2.2), MaxSocks=32767, MaxUdp=65467
[2016.03.23-08.02.20:156][  0]UdpMessaging: Initializing bridge on interface 0.0.0.0:0 to multicast group 230.0.0.1:6666.
[2016.03.23-08.02.20:297][  0]LogAssetRegistry: FAssetRegistry took 0.0103 seconds to start up
[2016.03.23-08.02.20:481][  0]SourceControl: Info Source control is disabled
[2016.03.23-08.02.20:499][  0]SourceControl: Info Source control is disabled
[2016.03.23-08.02.20:508][  0]SourceControl: Info Source control is disabled
[2016.03.23-08.02.20:518][  0]SourceControl: Info Source control is disabled
[2016.03.23-08.02.20:767][  0]LogObj: 28633 objects as part of root set at end of initial load.
[2016.03.23-08.02.20:767][  0]LogUObjectAllocator: 6099752 out of 0 bytes used by permanent object pool.
[2016.03.23-08.02.20:828][  0]LogEngine: Initializing Engine...
[2016.03.23-08.02.20:832][  0]LogHMD: Can't find Oculus library dev build: is proper Runtime installed? Version: 0.8.0.0
[2016.03.23-08.02.20:833][  0]LogHMD: SteamVR failed to initialize.  Err: 110
[2016.03.23-08.02.21:008][  0]LogAIModule: Creating AISystem for world NewWorld
[2016.03.23-08.02.21:013][  0]LogInit: XAudio2 using 'Speakers / Headphones (IDT High Definition Audio CODEC)' : 2 channels at 48 kHz using 16 bits per sample (channel mask 0x3)
[2016.03.23-08.02.21:038][  0]LogInit: FAudioDevice initialized.
[2016.03.23-08.02.21:065][  0]LogDerivedDataCache: Saved boot cache 0.03s 41MB C:/Users/group4-kevat/AppData/Local/UnrealEngine/4.10/DerivedDataCache/Boot.ddc.
[2016.03.23-08.02.21:069][  0]LogInit: Texture streaming: Enabled
[2016.03.23-08.02.21:075][  0]LogAnalytics: Creating configured Analytics provider AnalyticsET
[2016.03.23-08.02.21:075][  0]LogAnalytics: [UEEditor.Rocket.Release] APIServer = http://et2.epicgames.com/ET2/. AppVersion = 4.10.4-2872498+++depot+UE4-Releases+4.10
[2016.03.23-08.02.21:076][  0]LogAnalytics: [UEEditor.Rocket.Release] SetUserId 22b1a91b46ea4b27e6962492fe5d1438|4ce87246e8b44f34a4431ffaf7795bfc|cb64847f-68f7-44b3-89eb-ff1c848eec44
[2016.03.23-08.02.21:076][  0]LogAnalytics: [UEEditor.Rocket.Release] AnalyticsET::StartSession
[2016.03.23-08.02.21:103][  0]LogInit: Transaction tracking system initialized
[2016.03.23-08.02.21:145][  0]BlueprintLog: New page: Editor Load
[2016.03.23-08.02.21:238][  0]LocalizationService: Info Localization service is disabled
[2016.03.23-08.02.21:306][  0]LogLinker:Warning: Can't find file '/Game/SideScrollerBP/SideScrollerOverview'
[2016.03.23-08.02.21:307][  0]LogLinker:Warning: Can't find file '/Game/SideScrollerBP/SideScrollerOverview'
[2016.03.23-08.02.21:307][  0]LogUObjectGlobals:Warning: Failed to find object 'Class /Game/SideScrollerBP/SideScrollerOverview.SideScrollerOverview_C'
[2016.03.23-08.02.21:532][  0]LogConsoleResponse:Display: 
[2016.03.23-08.02.21:691][  0]LogCook:Display: Done creating registry. It took  0.00s.
[2016.03.23-08.02.21:772][  0]LogFileCache: Scanning file cache for directory 'C:/Users/group4-kevat/Documents/Unreal Projects/Kokeilu/Inno/Content/' took 0.02s
[2016.03.23-08.02.21:772][  0]SourceControl: Info Source control is disabled
[2016.03.23-08.02.21:772][  0]Cmd: MAP LOAD FILE="../../../../../../Users/group4-kevat/Documents/Unreal Projects/Kokeilu/Inno/Content/FirstPersonBP/Maps/FirstPersonExampleMap.umap" TEMPLATE=0 SHOWPROGRESS=1 FEATURELEVEL=3
[2016.03.23-08.02.21:773][  0]LightingResults: New page: Lighting Build
[2016.03.23-08.02.21:776][  0]MapCheck: New page: Map Check
[2016.03.23-08.02.21:776][  0]LightingResults: New page: Lighting Build
[2016.03.23-08.02.21:798][  0]LogParticles: Destroying 0 GPU particle simulations for FXSystem 0x000000002205EAC0
[2016.03.23-08.02.21:989][  0]LogLinker:Warning: Asset '../../../../../../Users/group4-kevat/Documents/Unreal Projects/Kokeilu/Inno/Content/FirstPerson/Meshes/FirstPersonProjectileMesh.uasset' has been saved with empty engine version. The asset will be loaded but may be incompatible.
[2016.03.23-08.02.22:670][  0]LogAIModule: Creating AISystem for world FirstPersonExampleMap
[2016.03.23-08.02.22:684][  0]LogEditorServer: Finished looking for orphan Actors (0.000 secs)
[2016.03.23-08.02.22:684][  0]Cmd: MAP CHECKDEP NOCLEARLOG
[2016.03.23-08.02.22:795][  0]MapCheck: Info Map check complete: 0 Error(s), 0 Warning(s), took 110.97ms to complete.
[2016.03.23-08.02.22:796][  0]LogFileHelpers: Loading map 'FirstPersonExampleMap' took 1.024
[2016.03.23-08.02.22:922][  0]LogCollectionManager: Loaded 0 collections in 0.002474 seconds
[2016.03.23-08.02.22:964][  0]LogFileCache: Scanning file cache for directory 'C:/Users/group4-kevat/Documents/Unreal Projects/Kokeilu/Inno/Saved/Collections/' took 0.01s
[2016.03.23-08.02.22:964][  0]LogFileCache: Scanning file cache for directory 'C:/Users/group4-kevat/Documents/Unreal Projects/Kokeilu/Inno/Content/Developers/group4kevat/Collections/' took 0.01s
[2016.03.23-08.02.22:964][  0]LogFileCache: Scanning file cache for directory 'C:/Users/group4-kevat/Documents/Unreal Projects/Kokeilu/Inno/Content/Collections/' took 0.01s
[2016.03.23-08.02.22:964][  0]LogCollectionManager: Rebuilt the GUID cache for 0 collections in 0.000003 seconds
[2016.03.23-08.02.22:986][  0]LogContentBrowser: Native class hierarchy populated in 0.0214 seconds. Added 1893 classes and 338 folders.
[2016.03.23-08.02.22:993][  0]LogContentBrowser: Native class hierarchy updated for 'WidgetCarousel' in 0.0003 seconds. Added 0 classes and 0 folders.
[2016.03.23-08.02.23:050][  0]LogContentBrowser: Native class hierarchy updated for 'AddContentDialog' in 0.0003 seconds. Added 0 classes and 0 folders.
[2016.03.23-08.02.23:054][  0]LogContentBrowser: Native class hierarchy updated for 'SceneOutliner' in 0.0003 seconds. Added 1 classes and 2 folders.
[2016.03.23-08.02.23:112][  0]LogCrashTracker: Crashtracker disabled due to settings.
[2016.03.23-08.02.23:114][  0]LogUObjectGlobals:Warning: Failed to find object 'Class None.'
[2016.03.23-08.02.23:140][  0]LogLoad: Full Startup: 7.96 seconds (BP compile: 0.16 seconds)
[2016.03.23-08.02.23:161][  0]LogOcInput: Can't find Oculus library dev build: is proper Runtime installed? Version: 0.8.0.0
[2016.03.23-08.02.23:214][  0]LogContentStreaming: Texture pool size now 200 MB
[2016.03.23-08.02.23:367][  0]LogRenderer: Reallocating scene render targets to support 1104x568 (Frame:2).
[2016.03.23-08.02.24:459][  5]LogAssetRegistry: Asset discovery search completed in 4.1730 seconds
[2016.03.23-08.02.24:459][  5]LogCollectionManager: Rebuilt the object cache for 0 collections in 0.000003 seconds (found 0 objects)
[2016.03.23-08.02.24:459][  5]LogCollectionManager: Fixed up redirectors for 0 collections in 0.000041 seconds (updated 0 objects)
[2016.03.23-08.02.26:704][ 61]LogBlueprintUserMessages: Early PlayInEditor Detection: Level '/Game/FirstPersonBP/Maps/FirstPersonExampleMap.FirstPersonExampleMap:PersistentLevel' has LevelScriptBlueprint '/Game/FirstPersonBP/Maps/FirstPersonExampleMap.FirstPersonExampleMap:PersistentLevel.FirstPersonExampleMap' with GeneratedClass '/Game/FirstPersonBP/Maps/FirstPersonExampleMap.FirstPersonExampleMap_C' with ClassGeneratedBy '/Game/FirstPersonBP/Maps/FirstPersonExampleMap.FirstPersonExampleMap:PersistentLevel.FirstPersonExampleMap'
[2016.03.23-08.02.26:704][ 61]LogPlayLevel: PlayLevel: No blueprints needed recompiling
[2016.03.23-08.02.26:705][ 61]PIE: New page: PIE session: FirstPersonExampleMap (Mar 23, 2016, 12:02:26 PM)
[2016.03.23-08.02.26:705][ 61]LogPlayLevel: Creating play world package: /Game/FirstPersonBP/Maps/UEDPIE_0_FirstPersonExampleMap
[2016.03.23-08.02.26:740][ 61]LogPlayLevel: PIE: StaticDuplicateObject took: (0.035130s)
[2016.03.23-08.02.26:745][ 61]LogAIModule: Creating AISystem for world FirstPersonExampleMap
[2016.03.23-08.02.26:745][ 61]LogPlayLevel: PIE: World Init took: (0.004701s)
[2016.03.23-08.02.26:745][ 61]LogPlayLevel: PIE: Created PIE world by copying editor world from /Game/FirstPersonBP/Maps/FirstPersonExampleMap.FirstPersonExampleMap to /Game/FirstPersonBP/Maps/UEDPIE_0_FirstPersonExampleMap.FirstPersonExampleMap (0.040155s)
[2016.03.23-08.02.26:745][ 61]LogActorComponent: UnregisterComponent: (/Engine/Transient.ProjectileMovementComponent_40__A6522401) Not registered. Aborting.
[2016.03.23-08.02.26:792][ 61]LogInit: XAudio2 using 'Speakers / Headphones (IDT High Definition Audio CODEC)' : 2 channels at 48 kHz using 16 bits per sample (channel mask 0x3)
[2016.03.23-08.02.26:797][ 61]LogInit: FAudioDevice initialized.
[2016.03.23-08.02.26:850][ 61]LogLinker:Warning: Asset '../../../../../../Users/group4-kevat/Documents/Unreal Projects/Kokeilu/Inno/Content/FirstPersonBP/Blueprints/FirstPersonHUD.uasset' has been saved with empty engine version. The asset will be loaded but may be incompatible.
[2016.03.23-08.02.26:884][ 61]LogWorld: Game class is 'FirstPersonGameMode_C'
[2016.03.23-08.02.26:889][ 61]LogWorld: Bringing World /Game/FirstPersonBP/Maps/UEDPIE_0_FirstPersonExampleMap.FirstPersonExampleMap up for play (max tick rate 60) at 2016.03.23-10.02.26
[2016.03.23-08.02.26:889][ 61]LogActor:Warning: GameSession /Game/FirstPersonBP/Maps/UEDPIE_0_FirstPersonExampleMap.FirstPersonExampleMap:PersistentLevel.GameSession_0 has natively added scene component(s), but none of them were set as the actor's RootComponent - picking one arbitrarily
[2016.03.23-08.02.26:889][ 61]LogActor:Warning: GameNetworkManager /Game/FirstPersonBP/Maps/UEDPIE_0_FirstPersonExampleMap.FirstPersonExampleMap:PersistentLevel.GameNetworkManager_0 has natively added scene component(s), but none of them were set as the actor's RootComponent - picking one arbitrarily
[2016.03.23-08.02.26:890][ 61]LogWorld: Bringing up level for play took: 0.004236
[2016.03.23-08.02.26:891][ 61]PIE: Info Play in editor start time for /Game/FirstPersonBP/Maps/UEDPIE_0_FirstPersonExampleMap 0.36
[2016.03.23-08.02.26:891][ 61]LogBlueprintUserMessages: Late PlayInEditor Detection: Level '/Game/FirstPersonBP/Maps/FirstPersonExampleMap.FirstPersonExampleMap:PersistentLevel' has LevelScriptBlueprint '/Game/FirstPersonBP/Maps/FirstPersonExampleMap.FirstPersonExampleMap:PersistentLevel.FirstPersonExampleMap' with GeneratedClass '/Game/FirstPersonBP/Maps/FirstPersonExampleMap.FirstPersonExampleMap_C' with ClassGeneratedBy '/Game/FirstPersonBP/Maps/FirstPersonExampleMap.FirstPersonExampleMap:PersistentLevel.FirstPersonExampleMap'
[2016.03.23-08.02.41:730][846]LogBlueprintUserMessages: Early EndPlayMap Detection: Level '/Game/FirstPersonBP/Maps/FirstPersonExampleMap.FirstPersonExampleMap:PersistentLevel' has LevelScriptBlueprint '/Game/FirstPersonBP/Maps/FirstPersonExampleMap.FirstPersonExampleMap:PersistentLevel.FirstPersonExampleMap' with GeneratedClass '/Game/FirstPersonBP/Maps/FirstPersonExampleMap.FirstPersonExampleMap_C' with ClassGeneratedBy '/Game/FirstPersonBP/Maps/FirstPersonExampleMap.FirstPersonExampleMap:PersistentLevel.FirstPersonExampleMap'
[2016.03.23-08.02.41:773][846]LogBlueprintUserMessages: Late EndPlayMap Detection: Level '/Game/FirstPersonBP/Maps/FirstPersonExampleMap.FirstPersonExampleMap:PersistentLevel' has LevelScriptBlueprint '/Game/FirstPersonBP/Maps/FirstPersonExampleMap.FirstPersonExampleMap:PersistentLevel.FirstPersonExampleMap' with GeneratedClass '/Game/FirstPersonBP/Maps/FirstPersonExampleMap.FirstPersonExampleMap_C' with ClassGeneratedBy '/Game/FirstPersonBP/Maps/FirstPersonExampleMap.FirstPersonExampleMap:PersistentLevel.FirstPersonExampleMap'
[2016.03.23-08.02.41:796][846]LogParticles: Destroying 0 GPU particle simulations for FXSystem 0x000000002A74E480
[2016.03.23-08.02.44:041][917]LogBlueprintUserMessages: Early PlayInEditor Detection: Level '/Game/FirstPersonBP/Maps/FirstPersonExampleMap.FirstPersonExampleMap:PersistentLevel' has LevelScriptBlueprint '/Game/FirstPersonBP/Maps/FirstPersonExampleMap.FirstPersonExampleMap:PersistentLevel.FirstPersonExampleMap' with GeneratedClass '/Game/FirstPersonBP/Maps/FirstPersonExampleMap.FirstPersonExampleMap_C' with ClassGeneratedBy '/Game/FirstPersonBP/Maps/FirstPersonExampleMap.FirstPersonExampleMap:PersistentLevel.FirstPersonExampleMap'
[2016.03.23-08.02.44:041][917]LogPlayLevel: PlayLevel: No blueprints needed recompiling
[2016.03.23-08.02.44:041][917]PIE: New page: PIE session: FirstPersonExampleMap (Mar 23, 2016, 12:02:44 PM)
[2016.03.23-08.02.44:042][917]LogPlayLevel: Creating play world package: /Game/FirstPersonBP/Maps/UEDPIE_0_FirstPersonExampleMap
[2016.03.23-08.02.44:073][917]LogPlayLevel: PIE: StaticDuplicateObject took: (0.031796s)
[2016.03.23-08.02.44:074][917]LogAIModule: Creating AISystem for world FirstPersonExampleMap
[2016.03.23-08.02.44:074][917]LogPlayLevel: PIE: World Init took: (0.000882s)
[2016.03.23-08.02.44:074][917]LogPlayLevel: PIE: Created PIE world by copying editor world from /Game/FirstPersonBP/Maps/FirstPersonExampleMap.FirstPersonExampleMap to /Game/FirstPersonBP/Maps/UEDPIE_0_FirstPersonExampleMap.FirstPersonExampleMap (0.032906s)
[2016.03.23-08.02.44:116][917]LogInit: XAudio2 using 'Speakers / Headphones (IDT High Definition Audio CODEC)' : 2 channels at 48 kHz using 16 bits per sample (channel mask 0x3)
[2016.03.23-08.02.44:121][917]LogInit: FAudioDevice initialized.
[2016.03.23-08.02.44:158][917]LogWorld: Game class is 'FirstPersonGameMode_C'
[2016.03.23-08.02.44:161][917]LogWorld: Bringing World /Game/FirstPersonBP/Maps/UEDPIE_0_FirstPersonExampleMap.FirstPersonExampleMap up for play (max tick rate 60) at 2016.03.23-10.02.44
[2016.03.23-08.02.44:161][917]LogActor:Warning: GameSession /Game/FirstPersonBP/Maps/UEDPIE_0_FirstPersonExampleMap.FirstPersonExampleMap:PersistentLevel.GameSession_1 has natively added scene component(s), but none of them were set as the actor's RootComponent - picking one arbitrarily
[2016.03.23-08.02.44:162][917]LogActor:Warning: GameNetworkManager /Game/FirstPersonBP/Maps/UEDPIE_0_FirstPersonExampleMap.FirstPersonExampleMap:PersistentLevel.GameNetworkManager_1 has natively added scene component(s), but none of them were set as the actor's RootComponent - picking one arbitrarily
[2016.03.23-08.02.44:162][917]LogWorld: Bringing up level for play took: 0.003618
[2016.03.23-08.02.44:163][917]PIE: Info Play in editor start time for /Game/FirstPersonBP/Maps/UEDPIE_0_FirstPersonExampleMap -0.368
[2016.03.23-08.02.44:163][917]LogBlueprintUserMessages: Late PlayInEditor Detection: Level '/Game/FirstPersonBP/Maps/FirstPersonExampleMap.FirstPersonExampleMap:PersistentLevel' has LevelScriptBlueprint '/Game/FirstPersonBP/Maps/FirstPersonExampleMap.FirstPersonExampleMap:PersistentLevel.FirstPersonExampleMap' with GeneratedClass '/Game/FirstPersonBP/Maps/FirstPersonExampleMap.FirstPersonExampleMap_C' with ClassGeneratedBy '/Game/FirstPersonBP/Maps/FirstPersonExampleMap.FirstPersonExampleMap:PersistentLevel.FirstPersonExampleMap'
[2016.03.23-08.02.47:730][106]LogBlueprintUserMessages: Early EndPlayMap Detection: Level '/Game/FirstPersonBP/Maps/FirstPersonExampleMap.FirstPersonExampleMap:PersistentLevel' has LevelScriptBlueprint '/Game/FirstPersonBP/Maps/FirstPersonExampleMap.FirstPersonExampleMap:PersistentLevel.FirstPersonExampleMap' with GeneratedClass '/Game/FirstPersonBP/Maps/FirstPersonExampleMap.FirstPersonExampleMap_C' with ClassGeneratedBy '/Game/FirstPersonBP/Maps/FirstPersonExampleMap.FirstPersonExampleMap:PersistentLevel.FirstPersonExampleMap'
[2016.03.23-08.02.47:767][106]LogBlueprintUserMessages: Late EndPlayMap Detection: Level '/Game/FirstPersonBP/Maps/FirstPersonExampleMap.FirstPersonExampleMap:PersistentLevel' has LevelScriptBlueprint '/Game/FirstPersonBP/Maps/FirstPersonExampleMap.FirstPersonExampleMap:PersistentLevel.FirstPersonExampleMap' with GeneratedClass '/Game/FirstPersonBP/Maps/FirstPersonExampleMap.FirstPersonExampleMap_C' with ClassGeneratedBy '/Game/FirstPersonBP/Maps/FirstPersonExampleMap.FirstPersonExampleMap:PersistentLevel.FirstPersonExampleMap'
[2016.03.23-08.02.47:816][107]LogParticles: Destroying 0 GPU particle simulations for FXSystem 0x00000000113D2D40
[2016.03.23-08.02.49:608][159]LogEditorViewport: Clicking on Actor (LMB): Click_test_blueprint_C (Click_test_blueprint)
[2016.03.23-08.02.56:799][364]LogEditorViewport: Clicking on Actor (LMB): Click_test_blueprint_C (Click_test_blueprint)
[2016.03.23-08.03.24:878][174]LogEditorViewport: Clicking on Actor (LMB): kerrostalo_Blueprint_C (kerrostalo_Blueprint)
[2016.03.23-08.03.26:167][207]LogEditorViewport: Clicking on Actor (LMB): BP_Sky_Sphere_C (SkySphereBlueprint)
[2016.03.23-08.03.27:150][235]LogEditorViewport: Clicking on Actor (LMB): FirstPersonCharacter_C (FirstPersonCharacter)
[2016.03.23-08.03.28:820][272]LogBlueprintUserMessages: Early PlayInEditor Detection: Level '/Game/FirstPersonBP/Maps/FirstPersonExampleMap.FirstPersonExampleMap:PersistentLevel' has LevelScriptBlueprint '/Game/FirstPersonBP/Maps/FirstPersonExampleMap.FirstPersonExampleMap:PersistentLevel.FirstPersonExampleMap' with GeneratedClass '/Game/FirstPersonBP/Maps/FirstPersonExampleMap.FirstPersonExampleMap_C' with ClassGeneratedBy '/Game/FirstPersonBP/Maps/FirstPersonExampleMap.FirstPersonExampleMap:PersistentLevel.FirstPersonExampleMap'
[2016.03.23-08.03.28:820][272]LogPlayLevel: PlayLevel: No blueprints needed recompiling
[2016.03.23-08.03.28:820][272]PIE: New page: PIE session: FirstPersonExampleMap (Mar 23, 2016, 12:03:28 PM)
[2016.03.23-08.03.28:820][272]LogPlayLevel: Creating play world package: /Game/FirstPersonBP/Maps/UEDPIE_0_FirstPersonExampleMap
[2016.03.23-08.03.28:844][272]LogPlayLevel: PIE: StaticDuplicateObject took: (0.024399s)
[2016.03.23-08.03.28:845][272]LogAIModule: Creating AISystem for world FirstPersonExampleMap
[2016.03.23-08.03.28:846][272]LogPlayLevel: PIE: World Init took: (0.001133s)
[2016.03.23-08.03.28:846][272]LogPlayLevel: PIE: Created PIE world by copying editor world from /Game/FirstPersonBP/Maps/FirstPersonExampleMap.FirstPersonExampleMap to /Game/FirstPersonBP/Maps/UEDPIE_0_FirstPersonExampleMap.FirstPersonExampleMap (0.025879s)
[2016.03.23-08.03.28:846][272]LogActorComponent: UnregisterComponent: (/Engine/Transient.ProjectileMovementComponent_40__A6522401) Not registered. Aborting.
[2016.03.23-08.03.28:919][272]LogInit: XAudio2 using 'Speakers / Headphones (IDT High Definition Audio CODEC)' : 2 channels at 48 kHz using 16 bits per sample (channel mask 0x3)
[2016.03.23-08.03.28:924][272]LogInit: FAudioDevice initialized.
[2016.03.23-08.03.28:954][272]LogWorld: Game class is 'FirstPersonGameMode_C'
[2016.03.23-08.03.28:958][272]LogWorld: Bringing World /Game/FirstPersonBP/Maps/UEDPIE_0_FirstPersonExampleMap.FirstPersonExampleMap up for play (max tick rate 60) at 2016.03.23-10.03.28
[2016.03.23-08.03.28:958][272]LogActor:Warning: GameSession /Game/FirstPersonBP/Maps/UEDPIE_0_FirstPersonExampleMap.FirstPersonExampleMap:PersistentLevel.GameSession_2 has natively added scene component(s), but none of them were set as the actor's RootComponent - picking one arbitrarily
[2016.03.23-08.03.28:958][272]LogActor:Warning: GameNetworkManager /Game/FirstPersonBP/Maps/UEDPIE_0_FirstPersonExampleMap.FirstPersonExampleMap:PersistentLevel.GameNetworkManager_2 has natively added scene component(s), but none of them were set as the actor's RootComponent - picking one arbitrarily
[2016.03.23-08.03.28:958][272]LogWorld: Bringing up level for play took: 0.003367
[2016.03.23-08.03.28:959][272]PIE: Info Play in editor start time for /Game/FirstPersonBP/Maps/UEDPIE_0_FirstPersonExampleMap 0.427
[2016.03.23-08.03.28:960][272]LogBlueprintUserMessages: Late PlayInEditor Detection: Level '/Game/FirstPersonBP/Maps/FirstPersonExampleMap.FirstPersonExampleMap:PersistentLevel' has LevelScriptBlueprint '/Game/FirstPersonBP/Maps/FirstPersonExampleMap.FirstPersonExampleMap:PersistentLevel.FirstPersonExampleMap' with GeneratedClass '/Game/FirstPersonBP/Maps/FirstPersonExampleMap.FirstPersonExampleMap_C' with ClassGeneratedBy '/Game/FirstPersonBP/Maps/FirstPersonExampleMap.FirstPersonExampleMap:PersistentLevel.FirstPersonExampleMap'
[2016.03.23-08.03.39:937][845]LogBlueprintUserMessages: Early EndPlayMap Detection: Level '/Game/FirstPersonBP/Maps/FirstPersonExampleMap.FirstPersonExampleMap:PersistentLevel' has LevelScriptBlueprint '/Game/FirstPersonBP/Maps/FirstPersonExampleMap.FirstPersonExampleMap:PersistentLevel.FirstPersonExampleMap' with GeneratedClass '/Game/FirstPersonBP/Maps/FirstPersonExampleMap.FirstPersonExampleMap_C' with ClassGeneratedBy '/Game/FirstPersonBP/Maps/FirstPersonExampleMap.FirstPersonExampleMap:PersistentLevel.FirstPersonExampleMap'
[2016.03.23-08.03.40:010][845]LogBlueprintUserMessages: Late EndPlayMap Detection: Level '/Game/FirstPersonBP/Maps/FirstPersonExampleMap.FirstPersonExampleMap:PersistentLevel' has LevelScriptBlueprint '/Game/FirstPersonBP/Maps/FirstPersonExampleMap.FirstPersonExampleMap:PersistentLevel.FirstPersonExampleMap' with GeneratedClass '/Game/FirstPersonBP/Maps/FirstPersonExampleMap.FirstPersonExampleMap_C' with ClassGeneratedBy '/Game/FirstPersonBP/Maps/FirstPersonExampleMap.FirstPersonExampleMap:PersistentLevel.FirstPersonExampleMap'
[2016.03.23-08.03.40:033][845]LogParticles: Destroying 0 GPU particle simulations for FXSystem 0x0000000010FDC860
[2016.03.23-08.03.41:834][887]LogEditorViewport: Clicking on Actor (LMB): Click_test_blueprint_C (Click_test_blueprint)
[2016.03.23-08.03.42:830][913]LogEditorViewport: Clicking on Actor (context menu): Click_test_blueprint_C (Click_test_blueprint)
[2016.03.23-08.03.44:134][947]LogEditorViewport: Clicking on Actor (LMB): Click_test_blueprint_C (Click_test_blueprint)
[2016.03.23-08.03.45:352][976]LogLinker:Warning: Asset '../../../Engine/Content/ArtTools/RenderToTexture/Macros/RenderToTextureMacros.uasset' has been saved with empty engine version. The asset will be loaded but may be incompatible.
[2016.03.23-08.03.45:826][976]LogContentBrowser: Native class hierarchy updated for 'BlueprintGraph' in 0.0008 seconds. Added 107 classes and 0 folders.
[2016.03.23-08.03.48:794][ 30]LogRenderer: Reallocating scene render targets to support 1104x868 (Frame:3154).
[2016.03.23-08.04.03:591][245]LogSavePackage: Save=20.960558ms
[2016.03.23-08.04.03:591][245]LogSavePackage: Moving '../../../../../../Users/group4-kevat/Documents/Unreal Projects/Kokeilu/Inno/Saved/Click_test_blueprintE120084D434F38DDA261AE94FBBC2B17.tmp' to '../../../../../../Users/group4-kevat/Documents/Unreal Projects/Kokeilu/Inno/Content/StarterContent/Blueprints/Click_test_blueprint.uasset'
[2016.03.23-08.04.03:595][245]LogSavePackage: Total save time: 31.969521ms
[2016.03.23-08.04.03:595][245]LogSavePackage:Display: Finished SavePackage ../../../../../../Users/group4-kevat/Documents/Unreal Projects/Kokeilu/Inno/Content/StarterContent/Blueprints/Click_test_blueprint.uasset
[2016.03.23-08.04.06:880][305]LogEditorViewport: Clicking on Actor (LMB): kerrostalo_Blueprint_C (kerrostalo_Blueprint)
[2016.03.23-08.04.08:394][341]LogBlueprintUserMessages: Early PlayInEditor Detection: Level '/Game/FirstPersonBP/Maps/FirstPersonExampleMap.FirstPersonExampleMap:PersistentLevel' has LevelScriptBlueprint '/Game/FirstPersonBP/Maps/FirstPersonExampleMap.FirstPersonExampleMap:PersistentLevel.FirstPersonExampleMap' with GeneratedClass '/Game/FirstPersonBP/Maps/FirstPersonExampleMap.FirstPersonExampleMap_C' with ClassGeneratedBy '/Game/FirstPersonBP/Maps/FirstPersonExampleMap.FirstPersonExampleMap:PersistentLevel.FirstPersonExampleMap'
[2016.03.23-08.04.08:394][341]BlueprintLog: New page: Pre-Play auto-recompile
[2016.03.23-08.04.08:395][341]LogPlayLevel: [PlayLevel] Compiling Click_test_blueprint before play...
[2016.03.23-08.04.08:449][341]LogPlayLevel: PlayLevel: Blueprint regeneration took 55 ms (1 blueprints)
[2016.03.23-08.04.08:490][341]PIE: New page: PIE session: FirstPersonExampleMap (Mar 23, 2016, 12:04:08 PM)
[2016.03.23-08.04.08:490][341]LogPlayLevel: Creating play world package: /Game/FirstPersonBP/Maps/UEDPIE_0_FirstPersonExampleMap
[2016.03.23-08.04.08:524][341]LogPlayLevel: PIE: StaticDuplicateObject took: (0.033938s)
[2016.03.23-08.04.08:526][341]LogAIModule: Creating AISystem for world FirstPersonExampleMap
[2016.03.23-08.04.08:526][341]LogPlayLevel: PIE: World Init took: (0.001581s)
[2016.03.23-08.04.08:526][341]LogPlayLevel: PIE: Created PIE world by copying editor world from /Game/FirstPersonBP/Maps/FirstPersonExampleMap.FirstPersonExampleMap to /Game/FirstPersonBP/Maps/UEDPIE_0_FirstPersonExampleMap.FirstPersonExampleMap (0.035885s)
[2016.03.23-08.04.08:577][341]LogInit: XAudio2 using 'Speakers / Headphones (IDT High Definition Audio CODEC)' : 2 channels at 48 kHz using 16 bits per sample (channel mask 0x3)
[2016.03.23-08.04.08:583][341]LogInit: FAudioDevice initialized.
[2016.03.23-08.04.08:619][341]LogWorld: Game class is 'FirstPersonGameMode_C'
[2016.03.23-08.04.08:623][341]LogWorld: Bringing World /Game/FirstPersonBP/Maps/UEDPIE_0_FirstPersonExampleMap.FirstPersonExampleMap up for play (max tick rate 60) at 2016.03.23-10.04.08
[2016.03.23-08.04.08:623][341]LogActor:Warning: GameSession /Game/FirstPersonBP/Maps/UEDPIE_0_FirstPersonExampleMap.FirstPersonExampleMap:PersistentLevel.GameSession_3 has natively added scene component(s), but none of them were set as the actor's RootComponent - picking one arbitrarily
[2016.03.23-08.04.08:623][341]LogActor:Warning: GameNetworkManager /Game/FirstPersonBP/Maps/UEDPIE_0_FirstPersonExampleMap.FirstPersonExampleMap:PersistentLevel.GameNetworkManager_3 has natively added scene component(s), but none of them were set as the actor's RootComponent - picking one arbitrarily
[2016.03.23-08.04.08:623][341]LogWorld: Bringing up level for play took: 0.003414
[2016.03.23-08.04.08:624][341]PIE: Info Play in editor start time for /Game/FirstPersonBP/Maps/UEDPIE_0_FirstPersonExampleMap 0.092
[2016.03.23-08.04.08:624][341]LogBlueprintUserMessages: Late PlayInEditor Detection: Level '/Game/FirstPersonBP/Maps/FirstPersonExampleMap.FirstPersonExampleMap:PersistentLevel' has LevelScriptBlueprint '/Game/FirstPersonBP/Maps/FirstPersonExampleMap.FirstPersonExampleMap:PersistentLevel.FirstPersonExampleMap' with GeneratedClass '/Game/FirstPersonBP/Maps/FirstPersonExampleMap.FirstPersonExampleMap_C' with ClassGeneratedBy '/Game/FirstPersonBP/Maps/FirstPersonExampleMap.FirstPersonExampleMap:PersistentLevel.FirstPersonExampleMap'
[2016.03.23-08.04.23:026][ 57]LogBlueprintUserMessages: Early EndPlayMap Detection: Level '/Game/FirstPersonBP/Maps/FirstPersonExampleMap.FirstPersonExampleMap:PersistentLevel' has LevelScriptBlueprint '/Game/FirstPersonBP/Maps/FirstPersonExampleMap.FirstPersonExampleMap:PersistentLevel.FirstPersonExampleMap' with GeneratedClass '/Game/FirstPersonBP/Maps/FirstPersonExampleMap.FirstPersonExampleMap_C' with ClassGeneratedBy '/Game/FirstPersonBP/Maps/FirstPersonExampleMap.FirstPersonExampleMap:PersistentLevel.FirstPersonExampleMap'
[2016.03.23-08.04.23:087][ 57]LogBlueprintUserMessages: Late EndPlayMap Detection: Level '/Game/FirstPersonBP/Maps/FirstPersonExampleMap.FirstPersonExampleMap:PersistentLevel' has LevelScriptBlueprint '/Game/FirstPersonBP/Maps/FirstPersonExampleMap.FirstPersonExampleMap:PersistentLevel.FirstPersonExampleMap' with GeneratedClass '/Game/FirstPersonBP/Maps/FirstPersonExampleMap.FirstPersonExampleMap_C' with ClassGeneratedBy '/Game/FirstPersonBP/Maps/FirstPersonExampleMap.FirstPersonExampleMap:PersistentLevel.FirstPersonExampleMap'
[2016.03.23-08.04.23:126][ 57]LogParticles: Destroying 0 GPU particle simulations for FXSystem 0x0000000010FDDB20
[2016.03.23-08.04.29:324][204]LogEditorViewport: Clicking on Actor (LMB): kerrostalo_Blueprint_C (kerrostalo_Blueprint)
[2016.03.23-08.04.30:223][224]LogEditorViewport: Clicking on Actor (LMB): kerrostalo_Blueprint_C (kerrostalo_Blueprint)
[2016.03.23-08.04.35:609][349]LogEditorViewport: Clicking on Actor (LMB): kerrostalo_Blueprint_C (kerrostalo_Blueprint)
[2016.03.23-08.05.16:005][298]LogRenderer: Reallocating scene render targets to support 1104x880 (Frame:6018).
[2016.03.23-08.08.23:216][372]LogSavePackage: Save=117.066597ms
[2016.03.23-08.08.23:216][372]LogSavePackage: Moving '../../../../../../Users/group4-kevat/Documents/Unreal Projects/Kokeilu/Inno/Saved/FirstPersonCharacterD3D49C554BD305441F2164967E8AA518.tmp' to '../../../../../../Users/group4-kevat/Documents/Unreal Projects/Kokeilu/Inno/Content/FirstPersonBP/Blueprints/FirstPersonCharacter.uasset'
[2016.03.23-08.08.23:226][372]LogSavePackage: Total save time: 131.748386ms
[2016.03.23-08.08.23:226][372]LogSavePackage:Display: Finished SavePackage ../../../../../../Users/group4-kevat/Documents/Unreal Projects/Kokeilu/Inno/Content/FirstPersonBP/Blueprints/FirstPersonCharacter.uasset
[2016.03.23-08.08.32:308][566]LogEditorViewport: Clicking on Actor (LMB): kerrostalo_Blueprint_C (kerrostalo_Blueprint)
[2016.03.23-08.08.32:842][578]LogEditorViewport: Clicking on Actor (LMB): FirstPersonCharacter_C (FirstPersonCharacter)
[2016.03.23-08.08.43:486][801]LogEditorViewport: Clicking on Actor (LMB): FirstPersonCharacter_C (FirstPersonCharacter)
[2016.03.23-08.08.44:003][811]LogEditorViewport: Clicking on Actor (LMB): FirstPersonCharacter_C (FirstPersonCharacter)
[2016.03.23-08.08.45:024][830]LogEditorViewport: Clicking on Actor (LMB): FirstPersonCharacter_C (FirstPersonCharacter)
[2016.03.23-08.09.00:178][153]LogBlueprintUserMessages: Early PlayInEditor Detection: Level '/Game/FirstPersonBP/Maps/FirstPersonExampleMap.FirstPersonExampleMap:PersistentLevel' has LevelScriptBlueprint '/Game/FirstPersonBP/Maps/FirstPersonExampleMap.FirstPersonExampleMap:PersistentLevel.FirstPersonExampleMap' with GeneratedClass '/Game/FirstPersonBP/Maps/FirstPersonExampleMap.FirstPersonExampleMap_C' with ClassGeneratedBy '/Game/FirstPersonBP/Maps/FirstPersonExampleMap.FirstPersonExampleMap:PersistentLevel.FirstPersonExampleMap'
[2016.03.23-08.09.00:178][153]BlueprintLog: New page: Pre-Play auto-recompile
[2016.03.23-08.09.00:180][153]LogPlayLevel: [PlayLevel] Compiling FirstPersonCharacter before play...
[2016.03.23-08.09.00:351][153]LogPlayLevel: PlayLevel: Blueprint regeneration took 172 ms (1 blueprints)
[2016.03.23-08.09.00:390][153]LogParticles: Destroying 0 GPU particle simulations for FXSystem 0x0000000037C2C0E0
[2016.03.23-08.09.00:395][153]PIE: New page: PIE session: FirstPersonExampleMap (Mar 23, 2016, 12:09:00 PM)
[2016.03.23-08.09.00:395][153]LogPlayLevel: Creating play world package: /Game/FirstPersonBP/Maps/UEDPIE_0_FirstPersonExampleMap
[2016.03.23-08.09.00:425][153]LogPlayLevel: PIE: StaticDuplicateObject took: (0.030464s)
[2016.03.23-08.09.00:427][153]LogAIModule: Creating AISystem for world FirstPersonExampleMap
[2016.03.23-08.09.00:427][153]LogPlayLevel: PIE: World Init took: (0.001509s)
[2016.03.23-08.09.00:427][153]LogPlayLevel: PIE: Created PIE world by copying editor world from /Game/FirstPersonBP/Maps/FirstPersonExampleMap.FirstPersonExampleMap to /Game/FirstPersonBP/Maps/UEDPIE_0_FirstPersonExampleMap.FirstPersonExampleMap (0.032335s)
[2016.03.23-08.09.00:504][153]LogInit: XAudio2 using 'Speakers / Headphones (IDT High Definition Audio CODEC)' : 2 channels at 48 kHz using 16 bits per sample (channel mask 0x3)
[2016.03.23-08.09.00:510][153]LogInit: FAudioDevice initialized.
[2016.03.23-08.09.00:547][153]LogWorld: Game class is 'FirstPersonGameMode_C'
[2016.03.23-08.09.00:551][153]LogWorld: Bringing World /Game/FirstPersonBP/Maps/UEDPIE_0_FirstPersonExampleMap.FirstPersonExampleMap up for play (max tick rate 60) at 2016.03.23-10.09.00
[2016.03.23-08.09.00:551][153]LogActor:Warning: GameSession /Game/FirstPersonBP/Maps/UEDPIE_0_FirstPersonExampleMap.FirstPersonExampleMap:PersistentLevel.GameSession_4 has natively added scene component(s), but none of them were set as the actor's RootComponent - picking one arbitrarily
[2016.03.23-08.09.00:551][153]LogActor:Warning: GameNetworkManager /Game/FirstPersonBP/Maps/UEDPIE_0_FirstPersonExampleMap.FirstPersonExampleMap:PersistentLevel.GameNetworkManager_4 has natively added scene component(s), but none of them were set as the actor's RootComponent - picking one arbitrarily
[2016.03.23-08.09.00:551][153]LogWorld: Bringing up level for play took: 0.003492
[2016.03.23-08.09.00:553][153]PIE: Info Play in editor start time for /Game/FirstPersonBP/Maps/UEDPIE_0_FirstPersonExampleMap 0.015
[2016.03.23-08.09.00:553][153]LogBlueprintUserMessages: Late PlayInEditor Detection: Level '/Game/FirstPersonBP/Maps/FirstPersonExampleMap.FirstPersonExampleMap:PersistentLevel' has LevelScriptBlueprint '/Game/FirstPersonBP/Maps/FirstPersonExampleMap.FirstPersonExampleMap:PersistentLevel.FirstPersonExampleMap' with GeneratedClass '/Game/FirstPersonBP/Maps/FirstPersonExampleMap.FirstPersonExampleMap_C' with ClassGeneratedBy '/Game/FirstPersonBP/Maps/FirstPersonExampleMap.FirstPersonExampleMap:PersistentLevel.FirstPersonExampleMap'
[2016.03.23-08.09.10:635][660]LogBlueprintUserMessages: Early EndPlayMap Detection: Level '/Game/FirstPersonBP/Maps/FirstPersonExampleMap.FirstPersonExampleMap:PersistentLevel' has LevelScriptBlueprint '/Game/FirstPersonBP/Maps/FirstPersonExampleMap.FirstPersonExampleMap:PersistentLevel.FirstPersonExampleMap' with GeneratedClass '/Game/FirstPersonBP/Maps/FirstPersonExampleMap.FirstPersonExampleMap_C' with ClassGeneratedBy '/Game/FirstPersonBP/Maps/FirstPersonExampleMap.FirstPersonExampleMap:PersistentLevel.FirstPersonExampleMap'
[2016.03.23-08.09.10:709][660]LogBlueprintUserMessages: Late EndPlayMap Detection: Level '/Game/FirstPersonBP/Maps/FirstPersonExampleMap.FirstPersonExampleMap:PersistentLevel' has LevelScriptBlueprint '/Game/FirstPersonBP/Maps/FirstPersonExampleMap.FirstPersonExampleMap:PersistentLevel.FirstPersonExampleMap' with GeneratedClass '/Game/FirstPersonBP/Maps/FirstPersonExampleMap.FirstPersonExampleMap_C' with ClassGeneratedBy '/Game/FirstPersonBP/Maps/FirstPersonExampleMap.FirstPersonExampleMap:PersistentLevel.FirstPersonExampleMap'
[2016.03.23-08.09.10:748][660]LogParticles: Destroying 0 GPU particle simulations for FXSystem 0x0000000034D20860
[2016.03.23-08.09.13:860][734]LogBlueprintUserMessages: Early PlayInEditor Detection: Level '/Game/FirstPersonBP/Maps/FirstPersonExampleMap.FirstPersonExampleMap:PersistentLevel' has LevelScriptBlueprint '/Game/FirstPersonBP/Maps/FirstPersonExampleMap.FirstPersonExampleMap:PersistentLevel.FirstPersonExampleMap' with GeneratedClass '/Game/FirstPersonBP/Maps/FirstPersonExampleMap.FirstPersonExampleMap_C' with ClassGeneratedBy '/Game/FirstPersonBP/Maps/FirstPersonExampleMap.FirstPersonExampleMap:PersistentLevel.FirstPersonExampleMap'
[2016.03.23-08.09.13:861][734]LogPlayLevel: PlayLevel: No blueprints needed recompiling
[2016.03.23-08.09.13:861][734]PIE: New page: PIE session: FirstPersonExampleMap (Mar 23, 2016, 12:09:13 PM)
[2016.03.23-08.09.13:861][734]LogPlayLevel: Creating play world package: /Game/FirstPersonBP/Maps/UEDPIE_0_FirstPersonExampleMap
[2016.03.23-08.09.13:901][734]LogPlayLevel: PIE: StaticDuplicateObject took: (0.040498s)
[2016.03.23-08.09.13:905][734]LogAIModule: Creating AISystem for world FirstPersonExampleMap
[2016.03.23-08.09.13:905][734]LogPlayLevel: PIE: World Init took: (0.003739s)
[2016.03.23-08.09.13:905][734]LogPlayLevel: PIE: Created PIE world by copying editor world from /Game/FirstPersonBP/Maps/FirstPersonExampleMap.FirstPersonExampleMap to /Game/FirstPersonBP/Maps/UEDPIE_0_FirstPersonExampleMap.FirstPersonExampleMap (0.044629s)
[2016.03.23-08.09.13:989][734]LogInit: XAudio2 using 'Speakers / Headphones (IDT High Definition Audio CODEC)' : 2 channels at 48 kHz using 16 bits per sample (channel mask 0x3)
[2016.03.23-08.09.13:995][734]LogInit: FAudioDevice initialized.
[2016.03.23-08.09.14:034][734]LogWorld: Game class is 'FirstPersonGameMode_C'
[2016.03.23-08.09.14:037][734]LogWorld: Bringing World /Game/FirstPersonBP/Maps/UEDPIE_0_FirstPersonExampleMap.FirstPersonExampleMap up for play (max tick rate 60) at 2016.03.23-10.09.14
[2016.03.23-08.09.14:037][734]LogActor:Warning: GameSession /Game/FirstPersonBP/Maps/UEDPIE_0_FirstPersonExampleMap.FirstPersonExampleMap:PersistentLevel.GameSession_5 has natively added scene component(s), but none of them were set as the actor's RootComponent - picking one arbitrarily
[2016.03.23-08.09.14:037][734]LogActor:Warning: GameNetworkManager /Game/FirstPersonBP/Maps/UEDPIE_0_FirstPersonExampleMap.FirstPersonExampleMap:PersistentLevel.GameNetworkManager_5 has natively added scene component(s), but none of them were set as the actor's RootComponent - picking one arbitrarily
[2016.03.23-08.09.14:038][734]LogWorld: Bringing up level for play took: 0.003315
[2016.03.23-08.09.14:039][734]PIE: Info Play in editor start time for /Game/FirstPersonBP/Maps/UEDPIE_0_FirstPersonExampleMap -0.499
[2016.03.23-08.09.14:039][734]LogBlueprintUserMessages: Late PlayInEditor Detection: Level '/Game/FirstPersonBP/Maps/FirstPersonExampleMap.FirstPersonExampleMap:PersistentLevel' has LevelScriptBlueprint '/Game/FirstPersonBP/Maps/FirstPersonExampleMap.FirstPersonExampleMap:PersistentLevel.FirstPersonExampleMap' with GeneratedClass '/Game/FirstPersonBP/Maps/FirstPersonExampleMap.FirstPersonExampleMap_C' with ClassGeneratedBy '/Game/FirstPersonBP/Maps/FirstPersonExampleMap.FirstPersonExampleMap:PersistentLevel.FirstPersonExampleMap'
[2016.03.23-08.09.30:834][554]LogBlueprintUserMessages: Early EndPlayMap Detection: Level '/Game/FirstPersonBP/Maps/FirstPersonExampleMap.FirstPersonExampleMap:PersistentLevel' has LevelScriptBlueprint '/Game/FirstPersonBP/Maps/FirstPersonExampleMap.FirstPersonExampleMap:PersistentLevel.FirstPersonExampleMap' with GeneratedClass '/Game/FirstPersonBP/Maps/FirstPersonExampleMap.FirstPersonExampleMap_C' with ClassGeneratedBy '/Game/FirstPersonBP/Maps/FirstPersonExampleMap.FirstPersonExampleMap:PersistentLevel.FirstPersonExampleMap'
[2016.03.23-08.09.30:915][554]LogBlueprintUserMessages: Late EndPlayMap Detection: Level '/Game/FirstPersonBP/Maps/FirstPersonExampleMap.FirstPersonExampleMap:PersistentLevel' has LevelScriptBlueprint '/Game/FirstPersonBP/Maps/FirstPersonExampleMap.FirstPersonExampleMap:PersistentLevel.FirstPersonExampleMap' with GeneratedClass '/Game/FirstPersonBP/Maps/FirstPersonExampleMap.FirstPersonExampleMap_C' with ClassGeneratedBy '/Game/FirstPersonBP/Maps/FirstPersonExampleMap.FirstPersonExampleMap:PersistentLevel.FirstPersonExampleMap'
[2016.03.23-08.09.30:970][554]LogParticles: Destroying 0 GPU particle simulations for FXSystem 0x00000000377C9260
[2016.03.23-08.10.23:695][402]BlueprintLog: New page: Compile FirstPersonCharacter
[2016.03.23-08.10.23:895][402]BlueprintEditorCompileResults: Info [0488.71] Compile of FirstPersonCharacter successful! [in 200 ms]
[2016.03.23-08.10.24:909][416]LogSavePackage: Save=105.515060ms
[2016.03.23-08.10.24:909][416]LogSavePackage: Moving '../../../../../../Users/group4-kevat/Documents/Unreal Projects/Kokeilu/Inno/Saved/FirstPersonCharacter503F69994B752BD4E9B7A88413CB93BC.tmp' to '../../../../../../Users/group4-kevat/Documents/Unreal Projects/Kokeilu/Inno/Content/FirstPersonBP/Blueprints/FirstPersonCharacter.uasset'
[2016.03.23-08.10.24:914][416]LogSavePackage: Total save time: 113.443613ms
[2016.03.23-08.10.24:914][416]LogSavePackage:Display: Finished SavePackage ../../../../../../Users/group4-kevat/Documents/Unreal Projects/Kokeilu/Inno/Content/FirstPersonBP/Blueprints/FirstPersonCharacter.uasset
[2016.03.23-08.10.27:231][458]LogEditorViewport: Clicking on Actor (LMB): BP_Sky_Sphere_C (SkySphereBlueprint)
[2016.03.23-08.10.28:159][479]LogBlueprintUserMessages: Early PlayInEditor Detection: Level '/Game/FirstPersonBP/Maps/FirstPersonExampleMap.FirstPersonExampleMap:PersistentLevel' has LevelScriptBlueprint '/Game/FirstPersonBP/Maps/FirstPersonExampleMap.FirstPersonExampleMap:PersistentLevel.FirstPersonExampleMap' with GeneratedClass '/Game/FirstPersonBP/Maps/FirstPersonExampleMap.FirstPersonExampleMap_C' with ClassGeneratedBy '/Game/FirstPersonBP/Maps/FirstPersonExampleMap.FirstPersonExampleMap:PersistentLevel.FirstPersonExampleMap'
[2016.03.23-08.10.28:159][479]LogPlayLevel: PlayLevel: No blueprints needed recompiling
[2016.03.23-08.10.28:159][479]PIE: New page: PIE session: FirstPersonExampleMap (Mar 23, 2016, 12:10:28 PM)
[2016.03.23-08.10.28:160][479]LogPlayLevel: Creating play world package: /Game/FirstPersonBP/Maps/UEDPIE_0_FirstPersonExampleMap
[2016.03.23-08.10.28:186][479]LogPlayLevel: PIE: StaticDuplicateObject took: (0.026299s)
[2016.03.23-08.10.28:193][479]LogAIModule: Creating AISystem for world FirstPersonExampleMap
[2016.03.23-08.10.28:194][479]LogPlayLevel: PIE: World Init took: (0.007708s)
[2016.03.23-08.10.28:194][479]LogPlayLevel: PIE: Created PIE world by copying editor world from /Game/FirstPersonBP/Maps/FirstPersonExampleMap.FirstPersonExampleMap to /Game/FirstPersonBP/Maps/UEDPIE_0_FirstPersonExampleMap.FirstPersonExampleMap (0.034372s)
[2016.03.23-08.10.28:257][479]LogParticles: Destroying 0 GPU particle simulations for FXSystem 0x00000000330FAAC0
[2016.03.23-08.10.28:257][479]LogInit: XAudio2 using 'Speakers / Headphones (IDT High Definition Audio CODEC)' : 2 channels at 48 kHz using 16 bits per sample (channel mask 0x3)
[2016.03.23-08.10.28:262][479]LogInit: FAudioDevice initialized.
[2016.03.23-08.10.28:296][479]LogWorld: Game class is 'FirstPersonGameMode_C'
[2016.03.23-08.10.28:300][479]LogWorld: Bringing World /Game/FirstPersonBP/Maps/UEDPIE_0_FirstPersonExampleMap.FirstPersonExampleMap up for play (max tick rate 60) at 2016.03.23-10.10.28
[2016.03.23-08.10.28:300][479]LogActor:Warning: GameSession /Game/FirstPersonBP/Maps/UEDPIE_0_FirstPersonExampleMap.FirstPersonExampleMap:PersistentLevel.GameSession_6 has natively added scene component(s), but none of them were set as the actor's RootComponent - picking one arbitrarily
[2016.03.23-08.10.28:300][479]LogActor:Warning: GameNetworkManager /Game/FirstPersonBP/Maps/UEDPIE_0_FirstPersonExampleMap.FirstPersonExampleMap:PersistentLevel.GameNetworkManager_6 has natively added scene component(s), but none of them were set as the actor's RootComponent - picking one arbitrarily
[2016.03.23-08.10.28:300][479]LogWorld: Bringing up level for play took: 0.003261
[2016.03.23-08.10.28:302][479]PIE: Info Play in editor start time for /Game/FirstPersonBP/Maps/UEDPIE_0_FirstPersonExampleMap -0.237
[2016.03.23-08.10.28:302][479]LogBlueprintUserMessages: Late PlayInEditor Detection: Level '/Game/FirstPersonBP/Maps/FirstPersonExampleMap.FirstPersonExampleMap:PersistentLevel' has LevelScriptBlueprint '/Game/FirstPersonBP/Maps/FirstPersonExampleMap.FirstPersonExampleMap:PersistentLevel.FirstPersonExampleMap' with GeneratedClass '/Game/FirstPersonBP/Maps/FirstPersonExampleMap.FirstPersonExampleMap_C' with ClassGeneratedBy '/Game/FirstPersonBP/Maps/FirstPersonExampleMap.FirstPersonExampleMap:PersistentLevel.FirstPersonExampleMap'
[2016.03.23-08.10.42:993][197]LogBlueprintUserMessages: Early EndPlayMap Detection: Level '/Game/FirstPersonBP/Maps/FirstPersonExampleMap.FirstPersonExampleMap:PersistentLevel' has LevelScriptBlueprint '/Game/FirstPersonBP/Maps/FirstPersonExampleMap.FirstPersonExampleMap:PersistentLevel.FirstPersonExampleMap' with GeneratedClass '/Game/FirstPersonBP/Maps/FirstPersonExampleMap.FirstPersonExampleMap_C' with ClassGeneratedBy '/Game/FirstPersonBP/Maps/FirstPersonExampleMap.FirstPersonExampleMap:PersistentLevel.FirstPersonExampleMap'
[2016.03.23-08.10.43:034][197]LogBlueprintUserMessages: Late EndPlayMap Detection: Level '/Game/FirstPersonBP/Maps/FirstPersonExampleMap.FirstPersonExampleMap:PersistentLevel' has LevelScriptBlueprint '/Game/FirstPersonBP/Maps/FirstPersonExampleMap.FirstPersonExampleMap:PersistentLevel.FirstPersonExampleMap' with GeneratedClass '/Game/FirstPersonBP/Maps/FirstPersonExampleMap.FirstPersonExampleMap_C' with ClassGeneratedBy '/Game/FirstPersonBP/Maps/FirstPersonExampleMap.FirstPersonExampleMap:PersistentLevel.FirstPersonExampleMap'
[2016.03.23-08.10.43:073][197]LogParticles: Destroying 0 GPU particle simulations for FXSystem 0x000000003E5B5F80
[2016.03.23-08.10.43:994][222]LogBlueprintUserMessages: Early PlayInEditor Detection: Level '/Game/FirstPersonBP/Maps/FirstPersonExampleMap.FirstPersonExampleMap:PersistentLevel' has LevelScriptBlueprint '/Game/FirstPersonBP/Maps/FirstPersonExampleMap.FirstPersonExampleMap:PersistentLevel.FirstPersonExampleMap' with GeneratedClass '/Game/FirstPersonBP/Maps/FirstPersonExampleMap.FirstPersonExampleMap_C' with ClassGeneratedBy '/Game/FirstPersonBP/Maps/FirstPersonExampleMap.FirstPersonExampleMap:PersistentLevel.FirstPersonExampleMap'
[2016.03.23-08.10.43:994][222]LogPlayLevel: PlayLevel: No blueprints needed recompiling
[2016.03.23-08.10.43:994][222]PIE: New page: PIE session: FirstPersonExampleMap (Mar 23, 2016, 12:10:43 PM)
[2016.03.23-08.10.43:994][222]LogPlayLevel: Creating play world package: /Game/FirstPersonBP/Maps/UEDPIE_0_FirstPersonExampleMap
[2016.03.23-08.10.44:026][222]LogPlayLevel: PIE: StaticDuplicateObject took: (0.032439s)
[2016.03.23-08.10.44:029][222]LogAIModule: Creating AISystem for world FirstPersonExampleMap
[2016.03.23-08.10.44:029][222]LogPlayLevel: PIE: World Init took: (0.002416s)
[2016.03.23-08.10.44:029][222]LogPlayLevel: PIE: Created PIE world by copying editor world from /Game/FirstPersonBP/Maps/FirstPersonExampleMap.FirstPersonExampleMap to /Game/FirstPersonBP/Maps/UEDPIE_0_FirstPersonExampleMap.FirstPersonExampleMap (0.035415s)
[2016.03.23-08.10.44:086][222]LogInit: XAudio2 using 'Speakers / Headphones (IDT High Definition Audio CODEC)' : 2 channels at 48 kHz using 16 bits per sample (channel mask 0x3)
[2016.03.23-08.10.44:092][222]LogInit: FAudioDevice initialized.
[2016.03.23-08.10.44:128][222]LogWorld: Game class is 'FirstPersonGameMode_C'
[2016.03.23-08.10.44:131][222]LogWorld: Bringing World /Game/FirstPersonBP/Maps/UEDPIE_0_FirstPersonExampleMap.FirstPersonExampleMap up for play (max tick rate 60) at 2016.03.23-10.10.44
[2016.03.23-08.10.44:131][222]LogActor:Warning: GameSession /Game/FirstPersonBP/Maps/UEDPIE_0_FirstPersonExampleMap.FirstPersonExampleMap:PersistentLevel.GameSession_7 has natively added scene component(s), but none of them were set as the actor's RootComponent - picking one arbitrarily
[2016.03.23-08.10.44:131][222]LogActor:Warning: GameNetworkManager /Game/FirstPersonBP/Maps/UEDPIE_0_FirstPersonExampleMap.FirstPersonExampleMap:PersistentLevel.GameNetworkManager_7 has natively added scene component(s), but none of them were set as the actor's RootComponent - picking one arbitrarily
[2016.03.23-08.10.44:132][222]LogWorld: Bringing up level for play took: 0.003327
[2016.03.23-08.10.44:133][222]PIE: Info Play in editor start time for /Game/FirstPersonBP/Maps/UEDPIE_0_FirstPersonExampleMap -0.406
[2016.03.23-08.10.44:133][222]LogBlueprintUserMessages: Late PlayInEditor Detection: Level '/Game/FirstPersonBP/Maps/FirstPersonExampleMap.FirstPersonExampleMap:PersistentLevel' has LevelScriptBlueprint '/Game/FirstPersonBP/Maps/FirstPersonExampleMap.FirstPersonExampleMap:PersistentLevel.FirstPersonExampleMap' with GeneratedClass '/Game/FirstPersonBP/Maps/FirstPersonExampleMap.FirstPersonExampleMap_C' with ClassGeneratedBy '/Game/FirstPersonBP/Maps/FirstPersonExampleMap.FirstPersonExampleMap:PersistentLevel.FirstPersonExampleMap'
[2016.03.23-08.10.58:963][960]LogBlueprintUserMessages: Early EndPlayMap Detection: Level '/Game/FirstPersonBP/Maps/FirstPersonExampleMap.FirstPersonExampleMap:PersistentLevel' has LevelScriptBlueprint '/Game/FirstPersonBP/Maps/FirstPersonExampleMap.FirstPersonExampleMap:PersistentLevel.FirstPersonExampleMap' with GeneratedClass '/Game/FirstPersonBP/Maps/FirstPersonExampleMap.FirstPersonExampleMap_C' with ClassGeneratedBy '/Game/FirstPersonBP/Maps/FirstPersonExampleMap.FirstPersonExampleMap:PersistentLevel.FirstPersonExampleMap'
[2016.03.23-08.10.59:017][960]LogBlueprintUserMessages: Late EndPlayMap Detection: Level '/Game/FirstPersonBP/Maps/FirstPersonExampleMap.FirstPersonExampleMap:PersistentLevel' has LevelScriptBlueprint '/Game/FirstPersonBP/Maps/FirstPersonExampleMap.FirstPersonExampleMap:PersistentLevel.FirstPersonExampleMap' with GeneratedClass '/Game/FirstPersonBP/Maps/FirstPersonExampleMap.FirstPersonExampleMap_C' with ClassGeneratedBy '/Game/FirstPersonBP/Maps/FirstPersonExampleMap.FirstPersonExampleMap:PersistentLevel.FirstPersonExampleMap'
[2016.03.23-08.10.59:084][961]LogParticles: Destroying 0 GPU particle simulations for FXSystem 0x000000003E1F1620
[2016.03.23-08.11.05:058][111]LogEditorViewport: Clicking on Actor (LMB): kerrostalo_Blueprint_C (kerrostalo_Blueprint)
[2016.03.23-08.11.24:196][587]LogEditorViewport: Clicking on Actor (LMB): FirstPersonCharacter_C (FirstPersonCharacter)
[2016.03.23-08.11.36:936][859]LogSavePackage: Save=91.386497ms
[2016.03.23-08.11.36:936][859]LogSavePackage: Moving '../../../../../../Users/group4-kevat/Documents/Unreal Projects/Kokeilu/Inno/Saved/FirstPersonExampleMap4E6934E74293FCDCC0267BBFDEC8FDD8.tmp' to '../../../../../../Users/group4-kevat/Documents/Unreal Projects/Kokeilu/Inno/Content/FirstPersonBP/Maps/FirstPersonExampleMap.umap'
[2016.03.23-08.11.36:963][859]LogSavePackage: Total save time: 127.384596ms
[2016.03.23-08.11.36:963][859]LogSavePackage:Display: Finished SavePackage ../../../../../../Users/group4-kevat/Documents/Unreal Projects/Kokeilu/Inno/Content/FirstPersonBP/Maps/FirstPersonExampleMap.umap
[2016.03.23-08.11.37:625][873]LogEditorViewport: Clicking on Actor (LMB): kerrostalo_Blueprint_C (kerrostalo_Blueprint)
[2016.03.23-08.12.01:548][461]LogBlueprintUserMessages: Early PlayInEditor Detection: Level '/Game/FirstPersonBP/Maps/FirstPersonExampleMap.FirstPersonExampleMap:PersistentLevel' has LevelScriptBlueprint '/Game/FirstPersonBP/Maps/FirstPersonExampleMap.FirstPersonExampleMap:PersistentLevel.FirstPersonExampleMap' with GeneratedClass '/Game/FirstPersonBP/Maps/FirstPersonExampleMap.FirstPersonExampleMap_C' with ClassGeneratedBy '/Game/FirstPersonBP/Maps/FirstPersonExampleMap.FirstPersonExampleMap:PersistentLevel.FirstPersonExampleMap'
[2016.03.23-08.12.01:548][461]LogPlayLevel: PlayLevel: No blueprints needed recompiling
[2016.03.23-08.12.01:549][461]PIE: New page: PIE session: FirstPersonExampleMap (Mar 23, 2016, 12:12:01 PM)
[2016.03.23-08.12.01:549][461]LogPlayLevel: Creating play world package: /Game/FirstPersonBP/Maps/UEDPIE_0_FirstPersonExampleMap
[2016.03.23-08.12.01:576][461]LogPlayLevel: PIE: StaticDuplicateObject took: (0.027129s)
[2016.03.23-08.12.01:580][461]LogAIModule: Creating AISystem for world FirstPersonExampleMap
[2016.03.23-08.12.01:580][461]LogPlayLevel: PIE: World Init took: (0.004128s)
[2016.03.23-08.12.01:580][461]LogPlayLevel: PIE: Created PIE world by copying editor world from /Game/FirstPersonBP/Maps/FirstPersonExampleMap.FirstPersonExampleMap to /Game/FirstPersonBP/Maps/UEDPIE_0_FirstPersonExampleMap.FirstPersonExampleMap (0.031646s)
[2016.03.23-08.12.01:635][461]LogParticles: Destroying 0 GPU particle simulations for FXSystem 0x000000001103CFE0
[2016.03.23-08.12.01:636][461]LogParticles: Destroying 0 GPU particle simulations for FXSystem 0x00000000377F32E0
[2016.03.23-08.12.01:641][461]LogInit: XAudio2 using 'Speakers / Headphones (IDT High Definition Audio CODEC)' : 2 channels at 48 kHz using 16 bits per sample (channel mask 0x3)
[2016.03.23-08.12.01:647][461]LogInit: FAudioDevice initialized.
[2016.03.23-08.12.01:684][461]LogWorld: Game class is 'FirstPersonGameMode_C'
[2016.03.23-08.12.01:688][461]LogWorld: Bringing World /Game/FirstPersonBP/Maps/UEDPIE_0_FirstPersonExampleMap.FirstPersonExampleMap up for play (max tick rate 60) at 2016.03.23-10.12.01
[2016.03.23-08.12.01:688][461]LogActor:Warning: GameSession /Game/FirstPersonBP/Maps/UEDPIE_0_FirstPersonExampleMap.FirstPersonExampleMap:PersistentLevel.GameSession_8 has natively added scene component(s), but none of them were set as the actor's RootComponent - picking one arbitrarily
[2016.03.23-08.12.01:688][461]LogActor:Warning: GameNetworkManager /Game/FirstPersonBP/Maps/UEDPIE_0_FirstPersonExampleMap.FirstPersonExampleMap:PersistentLevel.GameNetworkManager_8 has natively added scene component(s), but none of them were set as the actor's RootComponent - picking one arbitrarily
[2016.03.23-08.12.01:688][461]LogWorld: Bringing up level for play took: 0.003556
[2016.03.23-08.12.01:690][461]PIE: Info Play in editor start time for /Game/FirstPersonBP/Maps/UEDPIE_0_FirstPersonExampleMap -0.85
[2016.03.23-08.12.01:690][461]LogBlueprintUserMessages: Late PlayInEditor Detection: Level '/Game/FirstPersonBP/Maps/FirstPersonExampleMap.FirstPersonExampleMap:PersistentLevel' has LevelScriptBlueprint '/Game/FirstPersonBP/Maps/FirstPersonExampleMap.FirstPersonExampleMap:PersistentLevel.FirstPersonExampleMap' with GeneratedClass '/Game/FirstPersonBP/Maps/FirstPersonExampleMap.FirstPersonExampleMap_C' with ClassGeneratedBy '/Game/FirstPersonBP/Maps/FirstPersonExampleMap.FirstPersonExampleMap:PersistentLevel.FirstPersonExampleMap'
[2016.03.23-08.12.10:422][879]LogBlueprintUserMessages: Early EndPlayMap Detection: Level '/Game/FirstPersonBP/Maps/FirstPersonExampleMap.FirstPersonExampleMap:PersistentLevel' has LevelScriptBlueprint '/Game/FirstPersonBP/Maps/FirstPersonExampleMap.FirstPersonExampleMap:PersistentLevel.FirstPersonExampleMap' with GeneratedClass '/Game/FirstPersonBP/Maps/FirstPersonExampleMap.FirstPersonExampleMap_C' with ClassGeneratedBy '/Game/FirstPersonBP/Maps/FirstPersonExampleMap.FirstPersonExampleMap:PersistentLevel.FirstPersonExampleMap'
[2016.03.23-08.12.10:478][879]LogBlueprintUserMessages: Late EndPlayMap Detection: Level '/Game/FirstPersonBP/Maps/FirstPersonExampleMap.FirstPersonExampleMap:PersistentLevel' has LevelScriptBlueprint '/Game/FirstPersonBP/Maps/FirstPersonExampleMap.FirstPersonExampleMap:PersistentLevel.FirstPersonExampleMap' with GeneratedClass '/Game/FirstPersonBP/Maps/FirstPersonExampleMap.FirstPersonExampleMap_C' with ClassGeneratedBy '/Game/FirstPersonBP/Maps/FirstPersonExampleMap.FirstPersonExampleMap:PersistentLevel.FirstPersonExampleMap'
[2016.03.23-08.12.10:519][879]LogParticles: Destroying 0 GPU particle simulations for FXSystem 0x000000002EED39C0
[2016.03.23-08.12.12:746][928]LogEditorViewport: Clicking on Actor (LMB): kerrostalo_Blueprint_C (kerrostalo_Blueprint)
[2016.03.23-08.12.14:646][970]LogEditorViewport: Clicking on Actor (LMB): kerrostalo_Blueprint_C (kerrostalo_Blueprint)
[2016.03.23-08.12.51:215][469]LogSavePackage: Save=21.500086ms
[2016.03.23-08.12.51:215][469]LogSavePackage: Moving '../../../../../../Users/group4-kevat/Documents/Unreal Projects/Kokeilu/Inno/Saved/kerrostalo_Blueprint8949FC03407928DC9C8F6982BFA122CB.tmp' to '../../../../../../Users/group4-kevat/Documents/Unreal Projects/Kokeilu/Inno/Content/StarterContent/Blueprints/kerrostalo_Blueprint.uasset'
[2016.03.23-08.12.51:217][469]LogSavePackage: Total save time: 27.017884ms
[2016.03.23-08.12.51:217][469]LogSavePackage:Display: Finished SavePackage ../../../../../../Users/group4-kevat/Documents/Unreal Projects/Kokeilu/Inno/Content/StarterContent/Blueprints/kerrostalo_Blueprint.uasset
[2016.03.23-08.12.52:417][487]BlueprintLog: New page: Compile kerrostalo_Blueprint
[2016.03.23-08.12.52:605][487]LogParticles: Destroying 0 GPU particle simulations for FXSystem 0x0000000034ED2FC0
[2016.03.23-08.12.52:605][487]BlueprintEditorCompileResults: Info [0637.42] Compile of kerrostalo_Blueprint successful! [in 188 ms]
[2016.03.23-08.12.53:493][499]LogSavePackage: Save=22.990067ms
[2016.03.23-08.12.53:493][499]LogSavePackage: Moving '../../../../../../Users/group4-kevat/Documents/Unreal Projects/Kokeilu/Inno/Saved/kerrostalo_Blueprint4BC426584E72C28626DE0CA24CAC021F.tmp' to '../../../../../../Users/group4-kevat/Documents/Unreal Projects/Kokeilu/Inno/Content/StarterContent/Blueprints/kerrostalo_Blueprint.uasset'
[2016.03.23-08.12.53:497][499]LogSavePackage: Total save time: 29.876091ms
[2016.03.23-08.12.53:497][499]LogSavePackage:Display: Finished SavePackage ../../../../../../Users/group4-kevat/Documents/Unreal Projects/Kokeilu/Inno/Content/StarterContent/Blueprints/kerrostalo_Blueprint.uasset
[2016.03.23-08.13.17:773][ 55]LogEditorViewport: Clicking on Actor (LMB): kerrostalo_Blueprint_C (kerrostalo_Blueprint)
[2016.03.23-08.13.42:143][678]LogEditorViewport: Clicking on Actor (LMB): Click_test_blueprint_C (Click_test_blueprint)
[2016.03.23-08.13.57:830][ 67]LogEditorViewport: Clicking on Actor (context menu): kerrostalo_Blueprint_C (kerrostalo_Blueprint)
[2016.03.23-08.13.58:854][ 89]LogEditorViewport: Clicking on Actor (LMB): Click_test_blueprint_C (Click_test_blueprint)
[2016.03.23-08.14.00:614][127]LogParticles: Destroying 0 GPU particle simulations for FXSystem 0x000000003E5B79C0
[2016.03.23-08.14.00:708][127]LogSavePackage: Save=89.183487ms
[2016.03.23-08.14.00:708][127]LogSavePackage: Moving '../../../../../../Users/group4-kevat/Documents/Unreal Projects/Kokeilu/Inno/Saved/FirstPersonExampleMapEAF20E264D359C68E7D230B3BE52DB5C.tmp' to '../../../../../../Users/group4-kevat/Documents/Unreal Projects/Kokeilu/Inno/Content/FirstPersonBP/Maps/FirstPersonExampleMap.umap'
[2016.03.23-08.14.00:715][127]LogSavePackage: Total save time: 98.210122ms
[2016.03.23-08.14.00:715][127]LogSavePackage:Display: Finished SavePackage ../../../../../../Users/group4-kevat/Documents/Unreal Projects/Kokeilu/Inno/Content/FirstPersonBP/Maps/FirstPersonExampleMap.umap
[2016.03.23-08.14.10:447][365]LogEditorViewport: Clicking on Actor (LMB): FirstPersonCharacter_C (FirstPersonCharacter)
[2016.03.23-08.14.39:802][976]LogBlueprintUserMessages: Early PlayInEditor Detection: Level '/Game/FirstPersonBP/Maps/FirstPersonExampleMap.FirstPersonExampleMap:PersistentLevel' has LevelScriptBlueprint '/Game/FirstPersonBP/Maps/FirstPersonExampleMap.FirstPersonExampleMap:PersistentLevel.FirstPersonExampleMap' with GeneratedClass '/Game/FirstPersonBP/Maps/FirstPersonExampleMap.FirstPersonExampleMap_C' with ClassGeneratedBy '/Game/FirstPersonBP/Maps/FirstPersonExampleMap.FirstPersonExampleMap:PersistentLevel.FirstPersonExampleMap'
[2016.03.23-08.14.39:802][976]LogPlayLevel: PlayLevel: No blueprints needed recompiling
[2016.03.23-08.14.39:802][976]PIE: New page: PIE session: FirstPersonExampleMap (Mar 23, 2016, 12:14:39 PM)
[2016.03.23-08.14.39:802][976]LogPlayLevel: Creating play world package: /Game/FirstPersonBP/Maps/UEDPIE_0_FirstPersonExampleMap
[2016.03.23-08.14.39:829][976]LogPlayLevel: PIE: StaticDuplicateObject took: (0.026788s)
[2016.03.23-08.14.39:830][976]LogAIModule: Creating AISystem for world FirstPersonExampleMap
[2016.03.23-08.14.39:830][976]LogPlayLevel: PIE: World Init took: (0.001106s)
[2016.03.23-08.14.39:830][976]LogPlayLevel: PIE: Created PIE world by copying editor world from /Game/FirstPersonBP/Maps/FirstPersonExampleMap.FirstPersonExampleMap to /Game/FirstPersonBP/Maps/UEDPIE_0_FirstPersonExampleMap.FirstPersonExampleMap (0.028164s)
[2016.03.23-08.14.39:921][976]LogInit: XAudio2 using 'Speakers / Headphones (IDT High Definition Audio CODEC)' : 2 channels at 48 kHz using 16 bits per sample (channel mask 0x3)
[2016.03.23-08.14.39:927][976]LogInit: FAudioDevice initialized.
[2016.03.23-08.14.39:965][976]LogWorld: Game class is 'FirstPersonGameMode_C'
[2016.03.23-08.14.39:968][976]LogWorld: Bringing World /Game/FirstPersonBP/Maps/UEDPIE_0_FirstPersonExampleMap.FirstPersonExampleMap up for play (max tick rate 60) at 2016.03.23-10.14.39
[2016.03.23-08.14.39:968][976]LogActor:Warning: GameSession /Game/FirstPersonBP/Maps/UEDPIE_0_FirstPersonExampleMap.FirstPersonExampleMap:PersistentLevel.GameSession_9 has natively added scene component(s), but none of them were set as the actor's RootComponent - picking one arbitrarily
[2016.03.23-08.14.39:969][976]LogActor:Warning: GameNetworkManager /Game/FirstPersonBP/Maps/UEDPIE_0_FirstPersonExampleMap.FirstPersonExampleMap:PersistentLevel.GameNetworkManager_9 has natively added scene component(s), but none of them were set as the actor's RootComponent - picking one arbitrarily
[2016.03.23-08.14.39:969][976]LogWorld: Bringing up level for play took: 0.003368
[2016.03.23-08.14.39:970][976]PIE: Info Play in editor start time for /Game/FirstPersonBP/Maps/UEDPIE_0_FirstPersonExampleMap -0.572
[2016.03.23-08.14.39:970][976]LogBlueprintUserMessages: Late PlayInEditor Detection: Level '/Game/FirstPersonBP/Maps/FirstPersonExampleMap.FirstPersonExampleMap:PersistentLevel' has LevelScriptBlueprint '/Game/FirstPersonBP/Maps/FirstPersonExampleMap.FirstPersonExampleMap:PersistentLevel.FirstPersonExampleMap' with GeneratedClass '/Game/FirstPersonBP/Maps/FirstPersonExampleMap.FirstPersonExampleMap_C' with ClassGeneratedBy '/Game/FirstPersonBP/Maps/FirstPersonExampleMap.FirstPersonExampleMap:PersistentLevel.FirstPersonExampleMap'
[2016.03.23-08.16.38:437][731]LogBlueprintUserMessages: Early EndPlayMap Detection: Level '/Game/FirstPersonBP/Maps/FirstPersonExampleMap.FirstPersonExampleMap:PersistentLevel' has LevelScriptBlueprint '/Game/FirstPersonBP/Maps/FirstPersonExampleMap.FirstPersonExampleMap:PersistentLevel.FirstPersonExampleMap' with GeneratedClass '/Game/FirstPersonBP/Maps/FirstPersonExampleMap.FirstPersonExampleMap_C' with ClassGeneratedBy '/Game/FirstPersonBP/Maps/FirstPersonExampleMap.FirstPersonExampleMap:PersistentLevel.FirstPersonExampleMap'
[2016.03.23-08.16.38:512][731]LogBlueprintUserMessages: Late EndPlayMap Detection: Level '/Game/FirstPersonBP/Maps/FirstPersonExampleMap.FirstPersonExampleMap:PersistentLevel' has LevelScriptBlueprint '/Game/FirstPersonBP/Maps/FirstPersonExampleMap.FirstPersonExampleMap:PersistentLevel.FirstPersonExampleMap' with GeneratedClass '/Game/FirstPersonBP/Maps/FirstPersonExampleMap.FirstPersonExampleMap_C' with ClassGeneratedBy '/Game/FirstPersonBP/Maps/FirstPersonExampleMap.FirstPersonExampleMap:PersistentLevel.FirstPersonExampleMap'
[2016.03.23-08.16.38:551][731]LogParticles: Destroying 0 GPU particle simulations for FXSystem 0x0000000011092160
[2016.03.23-08.21.59:131][894]LogWmfMedia:Error: Failed to create source object from URL for https://www.youtube.com/watch?v=dQw4w9WgXcQ
[2016.03.23-08.22.24:261][163]Cmd: OBJ SAVEPACKAGE PACKAGE="/Game/Mediat/NewMediaPlayer" FILE="../../../../../../Users/group4-kevat/Documents/Unreal Projects/Kokeilu/Inno/Content/Mediat/NewMediaPlayer.uasset" SILENT=true
[2016.03.23-08.22.24:264][163]LogSavePackage: Save=1.948846ms
[2016.03.23-08.22.24:264][163]LogSavePackage: Moving '../../../../../../Users/group4-kevat/Documents/Unreal Projects/Kokeilu/Inno/Saved/NewMediaPlayerBD27473542CEEE6366A4C9A0B8D9D624.tmp' to '../../../../../../Users/group4-kevat/Documents/Unreal Projects/Kokeilu/Inno/Content/Mediat/NewMediaPlayer.uasset'
[2016.03.23-08.22.24:270][163]LogSavePackage: Total save time: 7.507734ms
[2016.03.23-08.22.24:270][163]LogSavePackage:Display: Finished SavePackage ../../../../../../Users/group4-kevat/Documents/Unreal Projects/Kokeilu/Inno/Content/Mediat/NewMediaPlayer.uasset
[2016.03.23-08.25.14:077][907]AssetReimport: New page: Outstanding source content changes 12:25:14 PM
[2016.03.23-08.25.14:079][907]LogFactory: FactoryCreateBinary: MediaPlayer with MediaPlayerFactory (0 0 C:/Users/group4-kevat/Documents/Unreal Projects/Kokeilu/Inno/Content/Mediat/simulation video.avi)
[2016.03.23-08.25.14:168][907]Cmd: OBJ SAVEPACKAGE PACKAGE="/Game/Mediat/simulation_video" FILE="../../../../../../Users/group4-kevat/Documents/Unreal Projects/Kokeilu/Inno/Content/Mediat/simulation_video.uasset" SILENT=true
[2016.03.23-08.25.14:180][907]LogSavePackage: Save=2.696500ms
[2016.03.23-08.25.14:180][907]LogSavePackage: Moving '../../../../../../Users/group4-kevat/Documents/Unreal Projects/Kokeilu/Inno/Saved/simulation_video04FD4CCD44F53BB0B2DF5283A531292B.tmp' to '../../../../../../Users/group4-kevat/Documents/Unreal Projects/Kokeilu/Inno/Content/Mediat/simulation_video.uasset'
[2016.03.23-08.25.14:186][907]LogSavePackage: Total save time: 15.846834ms
[2016.03.23-08.25.14:186][907]LogSavePackage:Display: Finished SavePackage ../../../../../../Users/group4-kevat/Documents/Unreal Projects/Kokeilu/Inno/Content/Mediat/simulation_video.uasset
[2016.03.23-08.25.17:418][917]AssetReimport: Info Importing new asset /Game/Mediat/simulation_video.
[2016.03.23-08.25.31:929][ 58]LogCrashTracker: 


[2016.03.23-08.25.31:930][ 58]LogCrashTracker: 


[2016.03.23-08.25.31:930][ 58]LogWindows:Error: === Critical error: ===
Fatal error!



[2016.03.23-08.25.32:020][ 58]LogExit: Executing StaticShutdownAfterError
[2016.03.23-08.25.32:026][ 58]LogPhysics:Warning: PHYSX: ..\..\PhysX\src\NpScene.cpp (2946) 8 : PxScene::unlockWrite() called without matching call to PxScene::lockWrite(), behaviour will be undefined.
[2016.03.23-08.25.32:026][ 58]LogPhysics:Warning: PHYSX: ..\..\PhysX\src\NpScene.cpp (2946) 8 : PxScene::unlockWrite() called without matching call to PxScene::lockWrite(), behaviour will be undefined.
[2016.03.23-08.25.32:027][ 58]LogWindows: FPlatformMisc::RequestExit(1)
[2016.03.23-08.25.32:027][ 58]Log file closed, 03/23/16 10:25:32
