[2016.03.23-08.25.39:613][  0]Log file open, 03/23/16 10:25:39
[2016.03.23-08.25.39:613][  0]LogInit:Display: Running engine for game: Inno
[2016.03.23-08.25.39:613][  0]LogPlatformFile: Not using cached read wrapper
[2016.03.23-08.25.39:613][  0]LogInit:Display: RandInit(1887405609) SRandInit(1887405611).
[2016.03.23-08.25.39:613][  0]LogTaskGraph: Started task graph with 4 named threads and 5 total threads.
[2016.03.23-08.25.39:613][  0]LogStats: Stats thread started at 0.066028
[2016.03.23-08.25.39:613][  0]LogInit: Version: 4.10.4-2872498+++depot+UE4-Releases+4.10
[2016.03.23-08.25.39:613][  0]LogInit: API Version: 2758231
[2016.03.23-08.25.39:613][  0]LogInit: Compiled (64-bit): Feb 18 2016 15:47:04
[2016.03.23-08.25.39:613][  0]LogInit: Compiled with Visual C++: 19.00.23026.00
[2016.03.23-08.25.39:613][  0]LogInit: Build Configuration: Development
[2016.03.23-08.25.39:613][  0]LogInit: Branch Name: ++depot+UE4-Releases+4.10
[2016.03.23-08.25.39:613][  0]LogInit: Command line: -EpicPortal 
[2016.03.23-08.25.39:613][  0]LogInit: Base directory: C:/Program Files (x86)/Epic Games/4.10/Engine/Binaries/Win64/
[2016.03.23-08.25.39:613][  0]LogInit: Rocket: 1
[2016.03.23-08.25.39:624][  0]LogInit: Using libcurl 7.41.0
[2016.03.23-08.25.39:624][  0]LogInit:  - built for x86_64-pc-win32
[2016.03.23-08.25.39:624][  0]LogInit:  - supports SSL with WinSSL
[2016.03.23-08.25.39:624][  0]LogInit:  - other features:
[2016.03.23-08.25.39:624][  0]LogInit:      CURL_VERSION_SSL
[2016.03.23-08.25.39:624][  0]LogInit:      CURL_VERSION_IPV6
[2016.03.23-08.25.39:624][  0]LogInit:      CURL_VERSION_ASYNCHDNS
[2016.03.23-08.25.39:624][  0]LogInit:      CURL_VERSION_LARGEFILE
[2016.03.23-08.25.39:624][  0]LogInit:      CURL_VERSION_IDN
[2016.03.23-08.25.39:624][  0]LogInit:  CurlRequestOptions (configurable via config and command line):
[2016.03.23-08.25.39:624][  0]LogInit:  - bVerifyPeer = true  - Libcurl will verify peer certificate
[2016.03.23-08.25.39:624][  0]LogInit:  - bUseHttpProxy = false  - Libcurl will NOT use HTTP proxy
[2016.03.23-08.25.39:624][  0]LogInit:  - bDontReuseConnections = false  - Libcurl will reuse connections
[2016.03.23-08.25.39:624][  0]LogInit:  - CertBundlePath = nullptr  - Libcurl will use whatever was configured at build time.
[2016.03.23-08.25.39:637][  0]LogInit: Presizing for 0 objects not considered by GC, pre-allocating 0 bytes.
[2016.03.23-08.25.39:652][  0]LogInit: Object subsystem initialized
[2016.03.23-08.25.39:653][  0]LogInit: Selected Device Profile: [Windows]
[2016.03.23-08.25.39:653][  0]LogInit: Applying CVar settings loaded from the selected device profile: [Windows]
[2016.03.23-08.25.39:667][  0]LogInit: Computer: V-213-08
[2016.03.23-08.25.39:667][  0]LogInit: User: group4kevat
[2016.03.23-08.25.39:667][  0]LogInit: CPU Page size=4096, Cores=2
[2016.03.23-08.25.39:667][  0]LogInit: High frequency timer resolution =2.628222 MHz
[2016.03.23-08.25.39:667][  0]LogMemory: Memory total: Physical=15.9GB (16GB approx)
[2016.03.23-08.25.39:667][  0]LogMemory: Platform Memory Stats for Windows
[2016.03.23-08.25.39:667][  0]LogMemory: Process Physical Memory: 55.58 MB used, 55.58 MB peak
[2016.03.23-08.25.39:667][  0]LogMemory: Process Virtual Memory: 58.48 MB used, 58.48 MB peak
[2016.03.23-08.25.39:667][  0]LogMemory: Physical Memory: 4154.64 MB used, 16257.05 MB total
[2016.03.23-08.25.39:667][  0]LogMemory: Virtual Memory: 348.25 MB used, 8388608.00 MB total
[2016.03.23-08.25.39:715][  0]LogTextLocalizationManager: No translations for ('fi-FI') exist, falling back to 'en' for localization and internationalization data.
[2016.03.23-08.25.40:253][  0]LogD3D11RHI: Found D3D11 adapter 0: Intel(R) HD Graphics 4000 (Feature Level 11_0)
[2016.03.23-08.25.40:253][  0]LogD3D11RHI: Adapter has 64MB of dedicated video memory, 0MB of dedicated system memory, and 1632MB of shared system memory, 1 output[s]
[2016.03.23-08.25.40:253][  0]LogD3D11RHI: Chosen D3D11 Adapter Id = 0
[2016.03.23-08.25.40:265][  0]LogD3D11RHI: !Direct3DDevice
[2016.03.23-08.25.40:265][  0]LogRHI: Texture pool is 616 MB (70% of 880 MB)
[2016.03.23-08.25.40:269][  0]LogD3D11RHI: Async texture creation enabled
[2016.03.23-08.25.40:287][  0]LogShaderCompilers: Guid format shader working directory is -26 characters bigger than the processId version (../../../../../../Users/group4-kevat/Documents/Unreal Projects/Kokeilu/Inno/Intermediate/Shaders/WorkingDirectory/6948/).
[2016.03.23-08.25.40:287][  0]LogShaderCompilers: Cleaned the shader compiler working directory 'C:/Users/GROUP4~1/AppData/Local/Temp/UnrealShaderWorkingDir/3348BF414172C95E4AED959BC22C2E14/'.
[2016.03.23-08.25.40:287][  0]LogShaderCompilers:Display: Using Local Shader Compiler.
[2016.03.23-08.25.41:652][  0]LogTemp:Display: Loaded TP AllDesktopTargetPlatform
[2016.03.23-08.25.41:657][  0]LogTemp:Display: Loaded TP WindowsClientTargetPlatform
[2016.03.23-08.25.41:662][  0]LogTemp:Display: Loaded TP WindowsNoEditorTargetPlatform
[2016.03.23-08.25.41:667][  0]LogTemp:Display: Loaded TP WindowsServerTargetPlatform
[2016.03.23-08.25.41:671][  0]LogTemp:Display: Loaded TP WindowsTargetPlatform
[2016.03.23-08.25.41:675][  0]LogTemp:Display: Loaded TP AndroidTargetPlatform
[2016.03.23-08.25.41:678][  0]LogTemp:Display: Loaded TP Android_ASTCTargetPlatform
[2016.03.23-08.25.41:681][  0]LogTemp:Display: Loaded TP Android_ATCTargetPlatform
[2016.03.23-08.25.41:684][  0]LogTemp:Display: Loaded TP Android_DXTTargetPlatform
[2016.03.23-08.25.41:688][  0]LogTemp:Display: Loaded TP Android_ETC1TargetPlatform
[2016.03.23-08.25.41:691][  0]LogTemp:Display: Loaded TP Android_ETC2TargetPlatform
[2016.03.23-08.25.41:698][  0]LogTemp:Display: Loaded TP Android_MultiTargetPlatform
[2016.03.23-08.25.41:698][  0]LogTemp:Display: Loaded TP Android_PVRTCTargetPlatform
[2016.03.23-08.25.41:698][  0]LogTemp:Display: Loaded TP HTML5TargetPlatform
[2016.03.23-08.25.41:715][  0]LogTemp:Display: Loaded TP IOSTargetPlatform
[2016.03.23-08.25.41:718][  0]LogTemp:Display: Loaded TP LinuxNoEditorTargetPlatform
[2016.03.23-08.25.41:721][  0]LogTemp:Display: Loaded TP LinuxServerTargetPlatform
[2016.03.23-08.25.41:724][  0]LogTemp:Display: Loaded TP LinuxTargetPlatform
[2016.03.23-08.25.41:724][  0]LogTargetPlatformManager:Display: Building Assets For Windows
[2016.03.23-08.25.41:803][  0]LogDerivedDataCache:Display: Max Cache Size: 512 MB
[2016.03.23-08.25.41:846][  0]LogDerivedDataCache: Loaded boot cache 0.04s 41MB C:/Users/group4-kevat/AppData/Local/UnrealEngine/4.10/DerivedDataCache/Boot.ddc.
[2016.03.23-08.25.41:846][  0]LogDerivedDataCache:Display: Loaded Boot cache: C:/Users/group4-kevat/AppData/Local/UnrealEngine/4.10/DerivedDataCache/Boot.ddc
[2016.03.23-08.25.41:846][  0]LogDerivedDataCache: FDerivedDataBackendGraph:  Pak pak cache file ../../../../../../Users/group4-kevat/Documents/Unreal Projects/Kokeilu/Inno/DerivedDataCache/DDC.ddp not found, will not use a pak cache.
[2016.03.23-08.25.41:846][  0]LogDerivedDataCache: Unable to find inner node Pak for hierarchical cache Hierarchy.
[2016.03.23-08.25.41:846][  0]LogDerivedDataCache: FDerivedDataBackendGraph:  CompressedPak pak cache file ../../../../../../Users/group4-kevat/Documents/Unreal Projects/Kokeilu/Inno/DerivedDataCache/Compressed.ddp not found, will not use a pak cache.
[2016.03.23-08.25.41:846][  0]LogDerivedDataCache: Unable to find inner node CompressedPak for hierarchical cache Hierarchy.
[2016.03.23-08.25.41:904][  0]LogDerivedDataCache:Display: Pak cache opened for reading ../../../Engine/DerivedDataCache/Compressed.ddp.
[2016.03.23-08.25.41:916][  0]LogDerivedDataCache: Using Local data cache path C:/Users/group4-kevat/AppData/Local/UnrealEngine/Common/DerivedDataCache: Writable
[2016.03.23-08.25.42:105][  0]LogInit: Selected Device Profile: [Windows]
[2016.03.23-08.25.42:105][  0]LogContentStreaming: Texture pool size is 0.000000MB
[2016.03.23-08.25.42:148][  0]LogMeshUtilities: No automatic mesh reduction module available
[2016.03.23-08.25.42:148][  0]LogMeshUtilities: No automatic mesh merging module available
[2016.03.23-08.25.42:545][  0]LogInit: WinSock: version 1.1 (2.2), MaxSocks=32767, MaxUdp=65467
[2016.03.23-08.25.43:656][  0]UdpMessaging: Initializing bridge on interface 0.0.0.0:0 to multicast group 230.0.0.1:6666.
[2016.03.23-08.25.43:799][  0]LogAssetRegistry: FAssetRegistry took 0.0104 seconds to start up
[2016.03.23-08.25.43:999][  0]SourceControl: Info Source control is disabled
[2016.03.23-08.25.44:017][  0]SourceControl: Info Source control is disabled
[2016.03.23-08.25.44:031][  0]SourceControl: Info Source control is disabled
[2016.03.23-08.25.44:043][  0]SourceControl: Info Source control is disabled
[2016.03.23-08.25.44:279][  0]LogObj: 28633 objects as part of root set at end of initial load.
[2016.03.23-08.25.44:279][  0]LogUObjectAllocator: 6099752 out of 0 bytes used by permanent object pool.
[2016.03.23-08.25.44:336][  0]LogEngine: Initializing Engine...
[2016.03.23-08.25.44:339][  0]LogHMD: Can't find Oculus library dev build: is proper Runtime installed? Version: 0.8.0.0
[2016.03.23-08.25.44:339][  0]LogHMD: SteamVR failed to initialize.  Err: 110
[2016.03.23-08.25.44:470][  0]LogAIModule: Creating AISystem for world NewWorld
[2016.03.23-08.25.44:474][  0]LogInit: XAudio2 using 'Speakers / Headphones (IDT High Definition Audio CODEC)' : 2 channels at 48 kHz using 16 bits per sample (channel mask 0x3)
[2016.03.23-08.25.44:494][  0]LogInit: FAudioDevice initialized.
[2016.03.23-08.25.44:514][  0]LogDerivedDataCache: Saved boot cache 0.02s 41MB C:/Users/group4-kevat/AppData/Local/UnrealEngine/4.10/DerivedDataCache/Boot.ddc.
[2016.03.23-08.25.44:518][  0]LogInit: Texture streaming: Enabled
[2016.03.23-08.25.44:523][  0]LogAnalytics: Creating configured Analytics provider AnalyticsET
[2016.03.23-08.25.44:523][  0]LogAnalytics: [UEEditor.Rocket.Release] APIServer = http://et2.epicgames.com/ET2/. AppVersion = 4.10.4-2872498+++depot+UE4-Releases+4.10
[2016.03.23-08.25.44:523][  0]LogAnalytics: [UEEditor.Rocket.Release] SetUserId 22b1a91b46ea4b27e6962492fe5d1438|4ce87246e8b44f34a4431ffaf7795bfc|cb64847f-68f7-44b3-89eb-ff1c848eec44
[2016.03.23-08.25.44:523][  0]LogAnalytics: [UEEditor.Rocket.Release] AnalyticsET::StartSession
[2016.03.23-08.25.44:531][  0]LogInit: Transaction tracking system initialized
[2016.03.23-08.25.44:560][  0]BlueprintLog: New page: Editor Load
[2016.03.23-08.25.44:642][  0]LocalizationService: Info Localization service is disabled
[2016.03.23-08.25.44:709][  0]LogLinker:Warning: Can't find file '/Game/SideScrollerBP/SideScrollerOverview'
[2016.03.23-08.25.44:709][  0]LogLinker:Warning: Can't find file '/Game/SideScrollerBP/SideScrollerOverview'
[2016.03.23-08.25.44:709][  0]LogUObjectGlobals:Warning: Failed to find object 'Class /Game/SideScrollerBP/SideScrollerOverview.SideScrollerOverview_C'
[2016.03.23-08.25.44:916][  0]LogConsoleResponse:Display: 
[2016.03.23-08.25.45:048][  0]LogCook:Display: Done creating registry. It took  0.00s.
[2016.03.23-08.25.45:113][  0]LogFileCache: Scanning file cache for directory 'C:/Users/group4-kevat/Documents/Unreal Projects/Kokeilu/Inno/Content/' took 0.01s
[2016.03.23-08.25.45:113][  0]SourceControl: Info Source control is disabled
[2016.03.23-08.25.45:113][  0]Cmd: MAP LOAD FILE="../../../../../../Users/group4-kevat/Documents/Unreal Projects/Kokeilu/Inno/Content/FirstPersonBP/Maps/FirstPersonExampleMap.umap" TEMPLATE=0 SHOWPROGRESS=1 FEATURELEVEL=3
[2016.03.23-08.25.45:114][  0]LightingResults: New page: Lighting Build
[2016.03.23-08.25.45:117][  0]MapCheck: New page: Map Check
[2016.03.23-08.25.45:117][  0]LightingResults: New page: Lighting Build
[2016.03.23-08.25.45:137][  0]LogParticles: Destroying 0 GPU particle simulations for FXSystem 0x0000000023522AC0
[2016.03.23-08.25.45:270][  0]LogLinker:Warning: Asset '../../../../../../Users/group4-kevat/Documents/Unreal Projects/Kokeilu/Inno/Content/FirstPerson/Meshes/FirstPersonProjectileMesh.uasset' has been saved with empty engine version. The asset will be loaded but may be incompatible.
[2016.03.23-08.25.45:918][  0]LogAIModule: Creating AISystem for world FirstPersonExampleMap
[2016.03.23-08.25.45:931][  0]LogEditorServer: Finished looking for orphan Actors (0.000 secs)
[2016.03.23-08.25.45:931][  0]Cmd: MAP CHECKDEP NOCLEARLOG
[2016.03.23-08.25.45:997][  0]MapCheck: Info Map check complete: 0 Error(s), 0 Warning(s), took 66.153ms to complete.
[2016.03.23-08.25.45:998][  0]LogFileHelpers: Loading map 'FirstPersonExampleMap' took 0.884
[2016.03.23-08.25.46:087][  0]LogCollectionManager: Loaded 0 collections in 0.002385 seconds
[2016.03.23-08.25.46:126][  0]LogFileCache: Scanning file cache for directory 'C:/Users/group4-kevat/Documents/Unreal Projects/Kokeilu/Inno/Saved/Collections/' took 0.01s
[2016.03.23-08.25.46:126][  0]LogFileCache: Scanning file cache for directory 'C:/Users/group4-kevat/Documents/Unreal Projects/Kokeilu/Inno/Content/Developers/group4kevat/Collections/' took 0.01s
[2016.03.23-08.25.46:126][  0]LogFileCache: Scanning file cache for directory 'C:/Users/group4-kevat/Documents/Unreal Projects/Kokeilu/Inno/Content/Collections/' took 0.01s
[2016.03.23-08.25.46:126][  0]LogCollectionManager: Rebuilt the GUID cache for 0 collections in 0.000002 seconds
[2016.03.23-08.25.46:136][  0]LogContentBrowser: Native class hierarchy populated in 0.0100 seconds. Added 1893 classes and 338 folders.
[2016.03.23-08.25.46:143][  0]LogContentBrowser: Native class hierarchy updated for 'WidgetCarousel' in 0.0005 seconds. Added 0 classes and 0 folders.
[2016.03.23-08.25.46:189][  0]LogContentBrowser: Native class hierarchy updated for 'AddContentDialog' in 0.0004 seconds. Added 0 classes and 0 folders.
[2016.03.23-08.25.46:193][  0]LogContentBrowser: Native class hierarchy updated for 'SceneOutliner' in 0.0003 seconds. Added 1 classes and 2 folders.
[2016.03.23-08.25.46:246][  0]LogCrashTracker: Crashtracker disabled due to settings.
[2016.03.23-08.25.46:249][  0]LogUObjectGlobals:Warning: Failed to find object 'Class None.'
[2016.03.23-08.25.46:270][  0]LogLoad: Full Startup: 7.11 seconds (BP compile: 0.13 seconds)
[2016.03.23-08.25.46:294][  0]LogOcInput: Can't find Oculus library dev build: is proper Runtime installed? Version: 0.8.0.0
[2016.03.23-08.25.46:350][  0]LogContentStreaming: Texture pool size now 200 MB
[2016.03.23-08.25.46:500][  0]LogRenderer: Reallocating scene render targets to support 1104x568 (Frame:2).
[2016.03.23-08.25.47:646][  5]LogAssetRegistry: Asset discovery search completed in 3.8570 seconds
[2016.03.23-08.25.47:646][  5]LogCollectionManager: Rebuilt the object cache for 0 collections in 0.000003 seconds (found 0 objects)
[2016.03.23-08.25.47:646][  5]LogCollectionManager: Fixed up redirectors for 0 collections in 0.000030 seconds (updated 0 objects)
[2016.03.23-08.30.03:027][249]LogWmfMedia:Error: Failed to create source object from URL for https://www.youtube.com/watch?v=dQw4w9WgXcQ
[2016.03.23-08.31.20:702][565]LogActorComponent: UnregisterComponent: (/Engine/Transient.ProjectileMovementComponent_40__A6522401) Not registered. Aborting.
[2016.03.23-08.31.20:867][565]LogSavePackage: Save=113.430679ms
[2016.03.23-08.31.20:867][565]LogSavePackage: Moving '../../../../../../Users/group4-kevat/Documents/Unreal Projects/Kokeilu/Inno/Saved/FirstPersonExampleMap533095C8452A9CAB040A858C76A7AF01.tmp' to '../../../../../../Users/group4-kevat/Documents/Unreal Projects/Kokeilu/Inno/Content/FirstPersonBP/Maps/FirstPersonExampleMap.umap'
[2016.03.23-08.31.20:873][565]LogSavePackage: Total save time: 137.516923ms
[2016.03.23-08.31.20:873][565]LogSavePackage:Display: Finished SavePackage ../../../../../../Users/group4-kevat/Documents/Unreal Projects/Kokeilu/Inno/Content/FirstPersonBP/Maps/FirstPersonExampleMap.umap
[2016.03.23-08.31.30:541][631]AssetReimport: New page: Outstanding source content changes 12:31:30 PM
[2016.03.23-08.31.30:543][631]LogFactory: FactoryCreateBinary: MediaPlayer with MediaPlayerFactory (0 0 C:/Users/group4-kevat/Documents/Unreal Projects/Kokeilu/Inno/Content/Movies/simulation video.avi)
[2016.03.23-08.31.30:635][631]Cmd: OBJ SAVEPACKAGE PACKAGE="/Game/Movies/simulation_video" FILE="../../../../../../Users/group4-kevat/Documents/Unreal Projects/Kokeilu/Inno/Content/Movies/simulation_video.uasset" SILENT=true
[2016.03.23-08.31.30:647][631]LogSavePackage: Save=2.610891ms
[2016.03.23-08.31.30:647][631]LogSavePackage: Moving '../../../../../../Users/group4-kevat/Documents/Unreal Projects/Kokeilu/Inno/Saved/simulation_video8A3C4A39412CBE1725EC07A09545845F.tmp' to '../../../../../../Users/group4-kevat/Documents/Unreal Projects/Kokeilu/Inno/Content/Movies/simulation_video.uasset'
[2016.03.23-08.31.30:652][631]LogSavePackage: Total save time: 15.088908ms
[2016.03.23-08.31.30:652][631]LogSavePackage:Display: Finished SavePackage ../../../../../../Users/group4-kevat/Documents/Unreal Projects/Kokeilu/Inno/Content/Movies/simulation_video.uasset
[2016.03.23-08.31.33:480][700]LogSavePackage: Save=79.934265ms
[2016.03.23-08.31.33:480][700]LogSavePackage: Moving '../../../../../../Users/group4-kevat/Documents/Unreal Projects/Kokeilu/Inno/Saved/FirstPersonExampleMapC34844B94AABEDF40F0360B1AEC8E90B.tmp' to '../../../../../../Users/group4-kevat/Documents/Unreal Projects/Kokeilu/Inno/Content/FirstPersonBP/Maps/FirstPersonExampleMap.umap'
[2016.03.23-08.31.33:505][700]LogSavePackage: Total save time: 107.613437ms
[2016.03.23-08.31.33:505][700]LogSavePackage:Display: Finished SavePackage ../../../../../../Users/group4-kevat/Documents/Unreal Projects/Kokeilu/Inno/Content/FirstPersonBP/Maps/FirstPersonExampleMap.umap
[2016.03.23-08.31.33:694][704]AssetReimport: Info Importing new asset /Game/Movies/simulation_video.
[2016.03.23-08.41.34:110][241]LogFileHelpers: Editor autosave (incl. sublevels) for '/Game/FirstPersonBP/Maps/FirstPersonExampleMap' took 0.028
[2016.03.23-08.41.34:115][241]OBJ SavePackage: Generating thumbnails for [0] asset(s) in package [/Game/Movies/movie] ([1] browsable assets)...
[2016.03.23-08.41.34:115][241]OBJ SavePackage: Finished generating thumbnails for package [/Game/Movies/movie]
[2016.03.23-08.41.34:121][241]LogSavePackage: Save=2.057665ms
[2016.03.23-08.41.34:121][241]LogSavePackage: Moving '../../../../../../Users/group4-kevat/Documents/Unreal Projects/Kokeilu/Inno/Saved/movie_Auto1CB5DD844473DD3FEC384519010478D84.tmp' to '../../../../../../Users/group4-kevat/Documents/Unreal Projects/Kokeilu/Inno/Saved/Autosaves/Game/Movies/movie_Auto1.uasset'
[2016.03.23-08.41.34:123][241]LogSavePackage: Total save time: 4.374061ms
[2016.03.23-08.41.34:123][241]LogSavePackage:Display: Finished SavePackage ../../../../../../Users/group4-kevat/Documents/Unreal Projects/Kokeilu/Inno/Saved/Autosaves/Game/Movies/movie_Auto1.uasset
[2016.03.23-08.41.34:123][241]LogFileHelpers: Auto-saving content packages took 0.013
[2016.03.23-08.43.02:699][507]AssetReimport: New page: Outstanding source content changes 12:43:02 PM
[2016.03.23-08.43.02:700][507]LogFactory: FactoryCreateBinary: MediaPlayer with MediaPlayerFactory (0 0 C:/Users/group4-kevat/Documents/Unreal Projects/Kokeilu/Inno/Content/Movies/simul_video.asf)
[2016.03.23-08.43.02:767][507]Cmd: OBJ SAVEPACKAGE PACKAGE="/Game/Movies/simul_video" FILE="../../../../../../Users/group4-kevat/Documents/Unreal Projects/Kokeilu/Inno/Content/Movies/simul_video.uasset" SILENT=true
[2016.03.23-08.43.02:780][507]LogSavePackage: Save=2.289380ms
[2016.03.23-08.43.02:780][507]LogSavePackage: Moving '../../../../../../Users/group4-kevat/Documents/Unreal Projects/Kokeilu/Inno/Saved/simul_videoCA840EAC49B0A34EFE403FBE904B1AD6.tmp' to '../../../../../../Users/group4-kevat/Documents/Unreal Projects/Kokeilu/Inno/Content/Movies/simul_video.uasset'
[2016.03.23-08.43.02:784][507]LogSavePackage: Total save time: 16.435064ms
[2016.03.23-08.43.02:784][507]LogSavePackage:Display: Finished SavePackage ../../../../../../Users/group4-kevat/Documents/Unreal Projects/Kokeilu/Inno/Content/Movies/simul_video.uasset
[2016.03.23-08.43.06:036][517]AssetReimport: Info Importing new asset /Game/Movies/simul_video.
[2016.03.23-08.45.14:742][ 26]AssetReimport: New page: Outstanding source content changes 12:45:14 PM
[2016.03.23-08.48.26:831][602]AssetReimport: New page: Outstanding source content changes 12:48:26 PM
[2016.03.23-08.48.26:832][602]